#! /usr/bin/vvp
:ivl_version "10.1 (stable)";
:ivl_delay_selection "TYPICAL";
:vpi_time_precision + 0;
:vpi_module "system";
:vpi_module "vhdl_sys";
:vpi_module "v2005_math";
:vpi_module "va_math";
S_0x55a50917e8c0 .scope module, "and_tb" "and_tb" 2 1;
 .timescale 0 0;
v0x55a50919f380_0 .var "a", 31 0;
v0x55a50919f440_0 .var "b", 31 0;
v0x55a50919f510_0 .net "result", 31 0, L_0x55a5091af9f0;  1 drivers
S_0x55a50917ea40 .scope module, "a1" "and_" 2 5, 3 1 0, S_0x55a50917e8c0;
 .timescale 0 0;
    .port_info 0 /INPUT 32 "a"
    .port_info 1 /INPUT 32 "b"
    .port_info 2 /OUTPUT 32 "result"
L_0x55a5091af8e0 .functor AND 1, L_0x55a5091af680, L_0x55a5091af7a0, C4<1>, C4<1>;
L_0x7f2b64a30018 .functor BUFT 1, C4<00000000000000000000000000000000>, C4<0>, C4<0>, C4<0>;
v0x55a50917ec10_0 .net/2u *"_s0", 31 0, L_0x7f2b64a30018;  1 drivers
L_0x7f2b64a300a8 .functor BUFT 1, C4<0000000000000000000000000000000>, C4<0>, C4<0>, C4<0>;
v0x55a50919ec30_0 .net *"_s13", 30 0, L_0x7f2b64a300a8;  1 drivers
v0x55a50919ed10_0 .net *"_s2", 0 0, L_0x55a5091af680;  1 drivers
L_0x7f2b64a30060 .functor BUFT 1, C4<00000000000000000000000000000000>, C4<0>, C4<0>, C4<0>;
v0x55a50919edb0_0 .net/2u *"_s4", 31 0, L_0x7f2b64a30060;  1 drivers
v0x55a50919ee90_0 .net *"_s6", 0 0, L_0x55a5091af7a0;  1 drivers
v0x55a50919efa0_0 .net *"_s8", 0 0, L_0x55a5091af8e0;  1 drivers
v0x55a50919f060_0 .net "a", 31 0, v0x55a50919f380_0;  1 drivers
v0x55a50919f140_0 .net "b", 31 0, v0x55a50919f440_0;  1 drivers
v0x55a50919f220_0 .net "result", 31 0, L_0x55a5091af9f0;  alias, 1 drivers
L_0x55a5091af680 .cmp/ne 32, v0x55a50919f380_0, L_0x7f2b64a30018;
L_0x55a5091af7a0 .cmp/ne 32, v0x55a50919f440_0, L_0x7f2b64a30060;
L_0x55a5091af9f0 .concat [ 1 31 0 0], L_0x55a5091af8e0, L_0x7f2b64a300a8;
    .scope S_0x55a50917e8c0;
T_0 ;
    %pushi/vec4 5, 0, 32;
    %store/vec4 v0x55a50919f380_0, 0, 32;
    %pushi/vec4 3, 0, 32;
    %store/vec4 v0x55a50919f440_0, 0, 32;
    %vpi_call 2 9 "$monitor", "a = %b, b = %b, result  = %b", v0x55a50919f380_0, v0x55a50919f440_0, v0x55a50919f510_0 {0 0 0};
    %delay 2, 0;
    %vpi_call 2 10 "$finish" {0 0 0};
    %end;
    .thread T_0;
    .scope S_0x55a50917e8c0;
T_1 ;
    %vpi_call 2 13 "$dumpfile", "and_tb.vcd" {0 0 0};
    %vpi_call 2 14 "$dumpvars" {0 0 0};
    %end;
    .thread T_1;
# The file index is used to find the file name in the following table.
:file_names 4;
    "N/A";
    "<interactive>";
    "and_tb.v";
    "and.v";
