#! /usr/bin/vvp
:ivl_version "10.1 (stable)";
:ivl_delay_selection "TYPICAL";
:vpi_time_precision - 9;
:vpi_module "system";
:vpi_module "vhdl_sys";
:vpi_module "v2005_math";
:vpi_module "va_math";
S_0x55e1545336d0 .scope module, "Logic_tb" "Logic_tb" 2 2;
 .timescale -9 -9;
v0x55e154555070_0 .var "ALUop", 3 0;
v0x55e154555150_0 .var "a", 31 0;
v0x55e1545551f0_0 .var "b", 31 0;
v0x55e154555350_0 .net "result", 31 0, v0x55e154554e30_0;  1 drivers
S_0x55e1545339d0 .scope module, "logic_" "Logic_part" 2 7, 3 1 0, S_0x55e1545336d0;
 .timescale -9 -9;
    .port_info 0 /INPUT 32 "a"
    .port_info 1 /INPUT 32 "b"
    .port_info 2 /INPUT 4 "ALUop"
    .port_info 3 /OUTPUT 32 "result"
v0x55e154554a10_0 .net "ALUop", 3 0, v0x55e154555070_0;  1 drivers
v0x55e154554af0_0 .net "a", 31 0, v0x55e154555150_0;  1 drivers
v0x55e154554bb0_0 .net "and_w", 31 0, L_0x55e154565b70;  1 drivers
v0x55e154554c80_0 .net "b", 31 0, v0x55e1545551f0_0;  1 drivers
v0x55e154554d20_0 .net "or_w", 31 0, L_0x55e154565d00;  1 drivers
v0x55e154554e30_0 .var "result", 31 0;
v0x55e154554ef0_0 .net "xor_w", 31 0, L_0x55e154565dc0;  1 drivers
E_0x55e154523b20 .event edge, v0x55e154554a10_0, v0x55e154554340_0, v0x55e154553e90_0, v0x55e1545548d0_0;
S_0x55e154533bc0 .scope module, "and_32" "and_" 3 11, 4 1 0, S_0x55e1545339d0;
 .timescale -9 -9;
    .port_info 0 /INPUT 32 "a"
    .port_info 1 /INPUT 32 "b"
    .port_info 2 /OUTPUT 32 "result"
L_0x55e154565a60 .functor AND 1, L_0x55e1545658c0, L_0x55e154565990, C4<1>, C4<1>;
L_0x7f8f5eebe018 .functor BUFT 1, C4<00000000000000000000000000000000>, C4<0>, C4<0>, C4<0>;
v0x55e154533de0_0 .net/2u *"_s0", 31 0, L_0x7f8f5eebe018;  1 drivers
L_0x7f8f5eebe0a8 .functor BUFT 1, C4<0000000000000000000000000000000>, C4<0>, C4<0>, C4<0>;
v0x55e1545538a0_0 .net *"_s13", 30 0, L_0x7f8f5eebe0a8;  1 drivers
v0x55e154553980_0 .net *"_s2", 0 0, L_0x55e1545658c0;  1 drivers
L_0x7f8f5eebe060 .functor BUFT 1, C4<00000000000000000000000000000000>, C4<0>, C4<0>, C4<0>;
v0x55e154553a20_0 .net/2u *"_s4", 31 0, L_0x7f8f5eebe060;  1 drivers
v0x55e154553b00_0 .net *"_s6", 0 0, L_0x55e154565990;  1 drivers
v0x55e154553c10_0 .net *"_s8", 0 0, L_0x55e154565a60;  1 drivers
v0x55e154553cd0_0 .net "a", 31 0, v0x55e154555150_0;  alias, 1 drivers
v0x55e154553db0_0 .net "b", 31 0, v0x55e1545551f0_0;  alias, 1 drivers
v0x55e154553e90_0 .net "result", 31 0, L_0x55e154565b70;  alias, 1 drivers
L_0x55e1545658c0 .cmp/ne 32, v0x55e154555150_0, L_0x7f8f5eebe018;
L_0x55e154565990 .cmp/ne 32, v0x55e1545551f0_0, L_0x7f8f5eebe060;
L_0x55e154565b70 .concat [ 1 31 0 0], L_0x55e154565a60, L_0x7f8f5eebe0a8;
S_0x55e154553ff0 .scope module, "or_32" "or_" 3 12, 5 1 0, S_0x55e1545339d0;
 .timescale -9 -9;
    .port_info 0 /INPUT 32 "a"
    .port_info 1 /INPUT 32 "b"
    .port_info 2 /OUTPUT 32 "result"
L_0x55e154565d00 .functor OR 32, v0x55e154555150_0, v0x55e1545551f0_0, C4<00000000000000000000000000000000>, C4<00000000000000000000000000000000>;
v0x55e1545541c0_0 .net "a", 31 0, v0x55e154555150_0;  alias, 1 drivers
v0x55e1545542a0_0 .net "b", 31 0, v0x55e1545551f0_0;  alias, 1 drivers
v0x55e154554340_0 .net "result", 31 0, L_0x55e154565d00;  alias, 1 drivers
S_0x55e154554460 .scope module, "xor_32" "xor_" 3 13, 6 1 0, S_0x55e1545339d0;
 .timescale -9 -9;
    .port_info 0 /INPUT 32 "a"
    .port_info 1 /INPUT 32 "b"
    .port_info 2 /OUTPUT 32 "result"
L_0x55e154565dc0 .functor XOR 32, v0x55e154555150_0, v0x55e1545551f0_0, C4<00000000000000000000000000000000>, C4<00000000000000000000000000000000>;
v0x55e1545546b0_0 .net "a", 31 0, v0x55e154555150_0;  alias, 1 drivers
v0x55e1545547c0_0 .net "b", 31 0, v0x55e1545551f0_0;  alias, 1 drivers
v0x55e1545548d0_0 .net "result", 31 0, L_0x55e154565dc0;  alias, 1 drivers
S_0x55e154533850 .scope module, "nor_" "nor_" 7 1;
 .timescale -9 -9;
    .port_info 0 /INPUT 32 "a"
    .port_info 1 /INPUT 32 "b"
    .port_info 2 /OUTPUT 32 "result"
o0x7f8f5ef07528 .functor BUFZ 32, C4<zzzzzzzzzzzzzzzzzzzzzzzzzzzzzzzz>; HiZ drive
o0x7f8f5ef07558 .functor BUFZ 32, C4<zzzzzzzzzzzzzzzzzzzzzzzzzzzzzzzz>; HiZ drive
L_0x55e154565ea0 .functor OR 32, o0x7f8f5ef07528, o0x7f8f5ef07558, C4<00000000000000000000000000000000>, C4<00000000000000000000000000000000>;
L_0x55e154565f30 .functor NOT 32, L_0x55e154565ea0, C4<00000000000000000000000000000000>, C4<00000000000000000000000000000000>, C4<00000000000000000000000000000000>;
v0x55e154555440_0 .net *"_s0", 31 0, L_0x55e154565ea0;  1 drivers
v0x55e154555520_0 .net "a", 31 0, o0x7f8f5ef07528;  0 drivers
v0x55e154555600_0 .net "b", 31 0, o0x7f8f5ef07558;  0 drivers
v0x55e1545556f0_0 .net "result", 31 0, L_0x55e154565f30;  1 drivers
    .scope S_0x55e1545339d0;
T_0 ;
    %wait E_0x55e154523b20;
    %load/vec4 v0x55e154554a10_0;
    %parti/s 1, 1, 2;
    %dup/vec4;
    %pushi/vec4 0, 0, 1;
    %cmp/u;
    %jmp/1 T_0.0, 6;
    %dup/vec4;
    %pushi/vec4 1, 0, 1;
    %cmp/u;
    %jmp/1 T_0.1, 6;
    %jmp T_0.2;
T_0.0 ;
    %load/vec4 v0x55e154554a10_0;
    %parti/s 1, 0, 2;
    %flag_set/vec4 8;
    %jmp/0xz  T_0.3, 8;
    %load/vec4 v0x55e154554d20_0;
    %store/vec4 v0x55e154554e30_0, 0, 32;
    %jmp T_0.4;
T_0.3 ;
    %load/vec4 v0x55e154554bb0_0;
    %store/vec4 v0x55e154554e30_0, 0, 32;
T_0.4 ;
    %jmp T_0.2;
T_0.1 ;
    %load/vec4 v0x55e154554a10_0;
    %parti/s 1, 0, 2;
    %flag_set/vec4 8;
    %jmp/0xz  T_0.5, 8;
    %load/vec4 v0x55e154554d20_0;
    %inv;
    %store/vec4 v0x55e154554e30_0, 0, 32;
    %jmp T_0.6;
T_0.5 ;
    %load/vec4 v0x55e154554ef0_0;
    %store/vec4 v0x55e154554e30_0, 0, 32;
T_0.6 ;
    %jmp T_0.2;
T_0.2 ;
    %pop/vec4 1;
    %jmp T_0;
    .thread T_0, $push;
    .scope S_0x55e1545336d0;
T_1 ;
    %delay 0, 0;
    %pushi/vec4 0, 0, 32;
    %store/vec4 v0x55e154555150_0, 0, 32;
    %pushi/vec4 2047, 0, 32;
    %store/vec4 v0x55e1545551f0_0, 0, 32;
    %pushi/vec4 4, 0, 4;
    %store/vec4 v0x55e154555070_0, 0, 4;
    %delay 5, 0;
    %pushi/vec4 5, 0, 4;
    %store/vec4 v0x55e154555070_0, 0, 4;
    %delay 0, 0;
    %pushi/vec4 31, 0, 32;
    %store/vec4 v0x55e154555150_0, 0, 32;
    %delay 5, 0;
    %pushi/vec4 6, 0, 4;
    %store/vec4 v0x55e154555070_0, 0, 4;
    %delay 5, 0;
    %pushi/vec4 7, 0, 4;
    %store/vec4 v0x55e154555070_0, 0, 4;
    %delay 5, 0;
    %vpi_call 2 15 "$finish" {0 0 0};
    %end;
    .thread T_1;
    .scope S_0x55e1545336d0;
T_2 ;
    %vpi_call 2 19 "$monitor", "a = %b, b = %b, ALUo = %b, result  = %b", v0x55e154555150_0, v0x55e1545551f0_0, v0x55e154555070_0, v0x55e154555350_0 {0 0 0};
    %delay 20, 0;
    %vpi_call 2 20 "$finish" {0 0 0};
    %end;
    .thread T_2;
    .scope S_0x55e1545336d0;
T_3 ;
    %vpi_call 2 24 "$dumpfile", "Logic.vcd" {0 0 0};
    %vpi_call 2 25 "$dumpvars" {0 0 0};
    %end;
    .thread T_3;
# The file index is used to find the file name in the following table.
:file_names 8;
    "N/A";
    "<interactive>";
    "Logic_tb.v";
    "Logic.v";
    "../and/and.v";
    "../or/or.v";
    "../xor/xor.v";
    "../nor/nor.v";
