#! /usr/bin/vvp
:ivl_version "10.1 (stable)";
:ivl_delay_selection "TYPICAL";
:vpi_time_precision + 0;
:vpi_module "system";
:vpi_module "vhdl_sys";
:vpi_module "v2005_math";
:vpi_module "va_math";
S_0x558984dfa500 .scope module, "sub_tb" "sub_tb" 2 1;
 .timescale 0 0;
v0x558984e1ac00_0 .var "a", 31 0;
v0x558984e1acc0_0 .var "b", 31 0;
v0x558984e1ad60_0 .net "sub_result", 31 0, L_0x558984e2b0d0;  1 drivers
S_0x558984dfa680 .scope module, "sub_" "sub" 2 5, 3 1 0, S_0x558984dfa500;
 .timescale 0 0;
    .port_info 0 /INPUT 32 "a"
    .port_info 1 /INPUT 32 "b"
    .port_info 2 /OUTPUT 32 "sub_result"
L_0x558984df7b60 .functor NOT 32, v0x558984e1acc0_0, C4<00000000000000000000000000000000>, C4<00000000000000000000000000000000>, C4<00000000000000000000000000000000>;
v0x558984dfa850_0 .net *"_s0", 31 0, L_0x558984df7b60;  1 drivers
L_0x7f3187503018 .functor BUFT 1, C4<00000000000000000000000000000001>, C4<0>, C4<0>, C4<0>;
v0x558984e1a6f0_0 .net/2u *"_s2", 31 0, L_0x7f3187503018;  1 drivers
v0x558984e1a7d0_0 .net *"_s4", 31 0, L_0x558984e2aef0;  1 drivers
v0x558984e1a890_0 .net "a", 31 0, v0x558984e1ac00_0;  1 drivers
v0x558984e1a970_0 .net "b", 31 0, v0x558984e1acc0_0;  1 drivers
v0x558984e1aaa0_0 .net "sub_result", 31 0, L_0x558984e2b0d0;  alias, 1 drivers
L_0x558984e2aef0 .arith/sum 32, L_0x558984df7b60, L_0x7f3187503018;
L_0x558984e2b0d0 .arith/sum 32, v0x558984e1ac00_0, L_0x558984e2aef0;
    .scope S_0x558984dfa500;
T_0 ;
    %pushi/vec4 0, 0, 32;
    %store/vec4 v0x558984e1ac00_0, 0, 32;
    %pushi/vec4 0, 0, 32;
    %store/vec4 v0x558984e1acc0_0, 0, 32;
    %vpi_call 2 9 "$monitor", "a = %b, b = %b, add_result  = %b", v0x558984e1ac00_0, v0x558984e1acc0_0, v0x558984e1ad60_0 {0 0 0};
    %delay 18, 0;
    %vpi_call 2 10 "$finish" {0 0 0};
    %end;
    .thread T_0;
    .scope S_0x558984dfa500;
T_1 ;
    %delay 1, 0;
    %load/vec4 v0x558984e1ac00_0;
    %addi 1, 0, 32;
    %store/vec4 v0x558984e1ac00_0, 0, 32;
    %jmp T_1;
    .thread T_1;
    .scope S_0x558984dfa500;
T_2 ;
    %delay 2, 0;
    %load/vec4 v0x558984e1acc0_0;
    %addi 1, 0, 32;
    %store/vec4 v0x558984e1acc0_0, 0, 32;
    %jmp T_2;
    .thread T_2;
    .scope S_0x558984dfa500;
T_3 ;
    %vpi_call 2 15 "$dumpfile", "add_tb.vcd" {0 0 0};
    %vpi_call 2 16 "$dumpvars" {0 0 0};
    %end;
    .thread T_3;
# The file index is used to find the file name in the following table.
:file_names 4;
    "N/A";
    "<interactive>";
    "sub_tb.v";
    "sub.v";
