#! /c/iverilog/bin/vvp
:ivl_version "0.9.4 " "(v0_9_4)";
:vpi_time_precision + 0;
:vpi_module "system";
:vpi_module "v2005_math";
:vpi_module "va_math";
S_0118A438 .scope module, "controller_tb" "controller_tb" 2 1;
 .timescale 0 0;
v011DB6A0_0 .net *"_s13", 14 0, v011DBCD0_0; 1 drivers
RS_011A80FC .resolv tri, v009DDD60_0, L_011DFED8, C4<zzz>, C4<zzz>;
v011DB7A8_0 .net8 "alucontrol", 2 0, RS_011A80FC; 2 drivers
RS_011A815C .resolv tri, L_011DFB10, L_011DF7A0, C4<z>, C4<z>;
v011DBE88_0 .net8 "alusrca", 0 0, RS_011A815C; 2 drivers
RS_011A8174 .resolv tri, L_011DF488, L_011DFFE0, C4<zz>, C4<zz>;
v011DC040_0 .net8 "alusrcb", 1 0, RS_011A8174; 2 drivers
v011DBD80_0 .var "clk", 0 0;
v011DB750_0 .var "errors", 14 0;
v011DB800_0 .var "funct", 5 0;
RS_011A81D4 .resolv tri, L_011DF900, L_011DF850, C4<z>, C4<z>;
v011DB6F8_0 .net8 "iord", 0 0, RS_011A81D4; 2 drivers
RS_011A81EC .resolv tri, L_011DFA08, L_011DF220, C4<z>, C4<z>;
v011DB960_0 .net8 "irwrite", 0 0, RS_011A81EC; 2 drivers
RS_011A8204 .resolv tri, L_011DF2D0, L_011DF958, C4<z>, C4<z>;
v011DBFE8_0 .net8 "memtoreg", 0 0, RS_011A8204; 2 drivers
RS_011A821C .resolv tri, L_011DFAB8, L_011DF6F0, C4<z>, C4<z>;
v011DB9B8_0 .net8 "memwrite", 0 0, RS_011A821C; 2 drivers
v011DBB70_0 .var "op", 5 0;
RS_011A830C .resolv tri, L_011DE340, L_011DF3D8, C4<z>, C4<z>;
v011DB598_0 .net8 "pcen", 0 0, RS_011A830C; 2 drivers
RS_011A8264 .resolv tri, L_011DF8A8, L_011E00E8, C4<zz>, C4<zz>;
v011DBE30_0 .net8 "pcsrc", 1 0, RS_011A8264; 2 drivers
RS_011A8294 .resolv tri, L_011DFC70, L_011E0038, C4<z>, C4<z>;
v011DBEE0_0 .net8 "regdst", 0 0, RS_011A8294; 2 drivers
RS_011A82AC .resolv tri, L_011DFA60, L_011DF748, C4<z>, C4<z>;
v011DB648_0 .net8 "regwrite", 0 0, RS_011A82AC; 2 drivers
v011DBBC8_0 .var "reset", 0 0;
v011DBCD0_0 .var "result", 14 0;
v011DBA10_0 .var "result_expected", 14 0;
v011DBA68 .array "testvector", 0 6, 38 0;
v011DBD28_0 .var "vectornum", 14 0;
v011DBC20_0 .var "zero", 0 0;
E_01189AF8 .event negedge, v0119BF00_0;
E_01189B58 .event posedge, v0119BF00_0;
L_011DF3D8 .part v011DBCD0_0, 14, 1;
L_011DF6F0 .part v011DBCD0_0, 13, 1;
L_011DF220 .part v011DBCD0_0, 12, 1;
L_011DF748 .part v011DBCD0_0, 11, 1;
L_011DF7A0 .part v011DBCD0_0, 10, 1;
L_011DF850 .part v011DBCD0_0, 9, 1;
L_011DF958 .part v011DBCD0_0, 8, 1;
L_011E0038 .part v011DBCD0_0, 7, 1;
L_011DFFE0 .part v011DBCD0_0, 5, 2;
L_011E00E8 .part v011DBCD0_0, 3, 2;
L_011DFED8 .part v011DBCD0_0, 0, 3;
S_0118A4C0 .scope module, "dut" "controller" 2 13, 3 30, S_0118A438;
 .timescale 0 0;
L_011DE3B0 .functor AND 1, L_011DF640, v011DBC20_0, C4<1>, C4<1>;
L_011DE340 .functor OR 1, L_011DE3B0, L_011DF7F8, C4<0>, C4<0>;
v011DAE90_0 .net *"_s0", 0 0, L_011DE3B0; 1 drivers
v011DB4C0_0 .alias "alucontrol", 2 0, v011DB7A8_0;
v011DB048_0 .net "aluop", 1 0, L_011DF698; 1 drivers
v011DAEE8_0 .alias "alusrca", 0 0, v011DBE88_0;
v011DAF40_0 .alias "alusrcb", 1 0, v011DC040_0;
v011DAF98_0 .net "branch", 0 0, L_011DF640; 1 drivers
v011DAFF0_0 .net "clk", 0 0, v011DBD80_0; 1 drivers
v011DB0F8_0 .net "funct", 5 0, v011DB800_0; 1 drivers
v011DB150_0 .alias "iord", 0 0, v011DB6F8_0;
v011DB1A8_0 .alias "irwrite", 0 0, v011DB960_0;
v011DB858_0 .alias "memtoreg", 0 0, v011DBFE8_0;
v011DBAC0_0 .alias "memwrite", 0 0, v011DB9B8_0;
v011DB5F0_0 .net "op", 5 0, v011DBB70_0; 1 drivers
v011DBF38_0 .alias "pcen", 0 0, v011DB598_0;
v011DBB18_0 .alias "pcsrc", 1 0, v011DBE30_0;
v011DBC78_0 .net "pcwrite", 0 0, L_011DF7F8; 1 drivers
v011DB8B0_0 .alias "regdst", 0 0, v011DBEE0_0;
v011DBF90_0 .alias "regwrite", 0 0, v011DB648_0;
v011DBDD8_0 .net "reset", 0 0, v011DBBC8_0; 1 drivers
v011DB908_0 .net "zero", 0 0, v011DBC20_0; 1 drivers
S_01189D50 .scope module, "md" "maindec" 3 42, 3 51, S_0118A4C0;
 .timescale 0 0;
P_009DCE0C .param/l "ADDI" 3 76, C4<001000>;
P_009DCE20 .param/l "ADDIEX" 3 68, C4<1001>;
P_009DCE34 .param/l "ADDIWB" 3 69, C4<1010>;
P_009DCE48 .param/l "BEQ" 3 75, C4<000100>;
P_009DCE5C .param/l "BEQEX" 3 67, C4<1000>;
P_009DCE70 .param/l "DECODE" 3 60, C4<0001>;
P_009DCE84 .param/l "FETCH" 3 59, C4<0000>;
P_009DCE98 .param/l "J" 3 77, C4<000010>;
P_009DCEAC .param/l "JEX" 3 70, C4<1011>;
P_009DCEC0 .param/l "LW" 3 72, C4<100011>;
P_009DCED4 .param/l "MEMADR" 3 61, C4<0010>;
P_009DCEE8 .param/l "MEMRD" 3 62, C4<0011>;
P_009DCEFC .param/l "MEMWB" 3 63, C4<0100>;
P_009DCF10 .param/l "MEMWR" 3 64, C4<0101>;
P_009DCF24 .param/l "RTYPE" 3 74, C4<000000>;
P_009DCF38 .param/l "RTYPEEX" 3 65, C4<0110>;
P_009DCF4C .param/l "RTYPEWB" 3 66, C4<0111>;
P_009DCF60 .param/l "SW" 3 73, C4<101011>;
v01190428_0 .net *"_s14", 14 0, v0119BF58_0; 1 drivers
v0119D058_0 .alias "aluop", 1 0, v011DB048_0;
v0119D0B0_0 .alias "alusrca", 0 0, v011DBE88_0;
v0119D108_0 .alias "alusrcb", 1 0, v011DC040_0;
v0119BEA8_0 .alias "branch", 0 0, v011DAF98_0;
v0119BF00_0 .alias "clk", 0 0, v011DAFF0_0;
v0119BF58_0 .var "controls", 14 0;
v011DB2B0_0 .alias "iord", 0 0, v011DB6F8_0;
v011DB200_0 .alias "irwrite", 0 0, v011DB960_0;
v011DAE38_0 .alias "memtoreg", 0 0, v011DBFE8_0;
v011DB0A0_0 .alias "memwrite", 0 0, v011DB9B8_0;
v011DB258_0 .var "nextstate", 3 0;
v011DB410_0 .alias "op", 5 0, v011DB5F0_0;
v011DB308_0 .alias "pcsrc", 1 0, v011DBE30_0;
v011DB468_0 .alias "pcwrite", 0 0, v011DBC78_0;
v011DADE0_0 .alias "regdst", 0 0, v011DBEE0_0;
v011DB360_0 .alias "regwrite", 0 0, v011DB648_0;
v011DB3B8_0 .alias "reset", 0 0, v011DBDD8_0;
v011DAD88_0 .var "state", 3 0;
E_01189998 .event edge, v011DAD88_0;
E_01189AB8 .event edge, v011DAD88_0, v011DB410_0;
E_01189C38 .event posedge, v011DB3B8_0, v0119BF00_0;
L_011DF7F8 .part v0119BF58_0, 14, 1;
L_011DFAB8 .part v0119BF58_0, 13, 1;
L_011DFA08 .part v0119BF58_0, 12, 1;
L_011DFA60 .part v0119BF58_0, 11, 1;
L_011DFB10 .part v0119BF58_0, 10, 1;
L_011DF640 .part v0119BF58_0, 9, 1;
L_011DF900 .part v0119BF58_0, 8, 1;
L_011DF2D0 .part v0119BF58_0, 7, 1;
L_011DFC70 .part v0119BF58_0, 6, 1;
L_011DF488 .part v0119BF58_0, 4, 2;
L_011DF8A8 .part v0119BF58_0, 2, 2;
L_011DF698 .part v0119BF58_0, 0, 2;
S_01189F70 .scope module, "ad" "aludec" 3 46, 3 140, S_0118A4C0;
 .timescale 0 0;
v009DDD60_0 .var "alucontrol", 2 0;
v01190378_0 .alias "aluop", 1 0, v011DB048_0;
v011903D0_0 .alias "funct", 5 0, v011DB0F8_0;
E_01189B78 .event edge, v01190378_0, v011903D0_0;
S_01189E60 .scope module, "mips" "mips" 3 7;
 .timescale 0 0;
v011DE088_0 .net "adr", 31 0, C4<zzzzzzzzzzzzzzzzzzzzzzzzzzzzzzzz>; 0 drivers
v011DDA00_0 .net "alucontrol", 2 0, v011DC808_0; 1 drivers
v011DDF28_0 .net "alusrca", 0 0, L_011DFCC8; 1 drivers
v011DDF80_0 .net "alusrcb", 1 0, L_011DFD78; 1 drivers
v011DE0E0_0 .net "clk", 0 0, C4<z>; 0 drivers
v011DDA58_0 .net "funct", 5 0, L_011E0EA8; 1 drivers
v011DDC10_0 .net "iord", 0 0, L_011DFE28; 1 drivers
v011DDFD8_0 .net "irwrite", 0 0, L_011DFF30; 1 drivers
v011DDBB8_0 .net "memtoreg", 0 0, L_011DFE80; 1 drivers
v011DE030_0 .net "memwrite", 0 0, L_011E0140; 1 drivers
v011DDD70_0 .net "op", 5 0, L_011E0C40; 1 drivers
v011DDC68_0 .net "pcen", 0 0, L_011DE618; 1 drivers
v011DDAB0_0 .net "pcsrc", 1 0, L_011E0CF0; 1 drivers
v011DDCC0_0 .net "readdata", 31 0, C4<zzzzzzzzzzzzzzzzzzzzzzzzzzzzzzzz>; 0 drivers
v011DDE20_0 .net "regdst", 0 0, L_011DFF88; 1 drivers
v011DDB08_0 .net "regwrite", 0 0, L_011DFDD0; 1 drivers
v011DDD18_0 .net "reset", 0 0, C4<z>; 0 drivers
v011DDB60_0 .net "writedata", 31 0, C4<zzzzzzzzzzzzzzzzzzzzzzzzzzzzzzzz>; 0 drivers
v011DDDC8_0 .net "zero", 0 0, C4<z>; 0 drivers
S_0118A328 .scope module, "c" "controller" 3 18, 3 30, S_01189E60;
 .timescale 0 0;
L_011DE6C0 .functor AND 1, L_011DFD20, C4<z>, C4<1>, C4<1>;
L_011DE618 .functor OR 1, L_011DE6C0, L_011E0090, C4<0>, C4<0>;
v011DCB78_0 .net *"_s0", 0 0, L_011DE6C0; 1 drivers
v011DCDE0_0 .alias "alucontrol", 2 0, v011DDA00_0;
v011DCE38_0 .net "aluop", 1 0, L_011E12C8; 1 drivers
v011DC700_0 .alias "alusrca", 0 0, v011DDF28_0;
v011DC758_0 .alias "alusrcb", 1 0, v011DDF80_0;
v011DD4C0_0 .net "branch", 0 0, L_011DFD20; 1 drivers
v011DD1A8_0 .alias "clk", 0 0, v011DE0E0_0;
v011DD0F8_0 .alias "funct", 5 0, v011DDA58_0;
v011DD360_0 .alias "iord", 0 0, v011DDC10_0;
v011DD150_0 .alias "irwrite", 0 0, v011DDFD8_0;
v011DD200_0 .alias "memtoreg", 0 0, v011DDBB8_0;
v011DD518_0 .alias "memwrite", 0 0, v011DE030_0;
v011DD258_0 .alias "op", 5 0, v011DDD70_0;
v011DD2B0_0 .alias "pcen", 0 0, v011DDC68_0;
v011DD0A0_0 .alias "pcsrc", 1 0, v011DDAB0_0;
v011DD308_0 .net "pcwrite", 0 0, L_011E0090; 1 drivers
v011DD3B8_0 .alias "regdst", 0 0, v011DDE20_0;
v011DD410_0 .alias "regwrite", 0 0, v011DDB08_0;
v011DD468_0 .alias "reset", 0 0, v011DDD18_0;
v011DD9A8_0 .alias "zero", 0 0, v011DDDC8_0;
S_0118A878 .scope module, "md" "maindec" 3 42, 3 51, S_0118A328;
 .timescale 0 0;
P_009DD79C .param/l "ADDI" 3 76, C4<001000>;
P_009DD7B0 .param/l "ADDIEX" 3 68, C4<1001>;
P_009DD7C4 .param/l "ADDIWB" 3 69, C4<1010>;
P_009DD7D8 .param/l "BEQ" 3 75, C4<000100>;
P_009DD7EC .param/l "BEQEX" 3 67, C4<1000>;
P_009DD800 .param/l "DECODE" 3 60, C4<0001>;
P_009DD814 .param/l "FETCH" 3 59, C4<0000>;
P_009DD828 .param/l "J" 3 77, C4<000010>;
P_009DD83C .param/l "JEX" 3 70, C4<1011>;
P_009DD850 .param/l "LW" 3 72, C4<100011>;
P_009DD864 .param/l "MEMADR" 3 61, C4<0010>;
P_009DD878 .param/l "MEMRD" 3 62, C4<0011>;
P_009DD88C .param/l "MEMWB" 3 63, C4<0100>;
P_009DD8A0 .param/l "MEMWR" 3 64, C4<0101>;
P_009DD8B4 .param/l "RTYPE" 3 74, C4<000000>;
P_009DD8C8 .param/l "RTYPEEX" 3 65, C4<0110>;
P_009DD8DC .param/l "RTYPEWB" 3 66, C4<0111>;
P_009DD8F0 .param/l "SW" 3 73, C4<101011>;
v011DCFF0_0 .net *"_s14", 14 0, v011DC9C0_0; 1 drivers
v011DCF40_0 .alias "aluop", 1 0, v011DCE38_0;
v011DCBD0_0 .alias "alusrca", 0 0, v011DDF28_0;
v011DC8B8_0 .alias "alusrcb", 1 0, v011DDF80_0;
v011DC968_0 .alias "branch", 0 0, v011DD4C0_0;
v011DCC28_0 .alias "clk", 0 0, v011DE0E0_0;
v011DC9C0_0 .var "controls", 14 0;
v011DC5A0_0 .alias "iord", 0 0, v011DDC10_0;
v011DD048_0 .alias "irwrite", 0 0, v011DDFD8_0;
v011DCC80_0 .alias "memtoreg", 0 0, v011DDBB8_0;
v011DCA70_0 .alias "memwrite", 0 0, v011DE030_0;
v011DCAC8_0 .var "nextstate", 3 0;
v011DCCD8_0 .alias "op", 5 0, v011DDD70_0;
v011DCB20_0 .alias "pcsrc", 1 0, v011DDAB0_0;
v011DC650_0 .alias "pcwrite", 0 0, v011DD308_0;
v011DCD30_0 .alias "regdst", 0 0, v011DDE20_0;
v011DC6A8_0 .alias "regwrite", 0 0, v011DDB08_0;
v011DC7B0_0 .alias "reset", 0 0, v011DDD18_0;
v011DCD88_0 .var "state", 3 0;
E_01187E38 .event edge, v011DCD88_0;
E_01187E58 .event edge, v011DCD88_0, v011DC510_0;
E_01187EF8 .event posedge, v011DCF98_0, v011DC250_0;
L_011E0090 .part v011DC9C0_0, 14, 1;
L_011E0140 .part v011DC9C0_0, 13, 1;
L_011DFF30 .part v011DC9C0_0, 12, 1;
L_011DFDD0 .part v011DC9C0_0, 11, 1;
L_011DFCC8 .part v011DC9C0_0, 10, 1;
L_011DFD20 .part v011DC9C0_0, 9, 1;
L_011DFE28 .part v011DC9C0_0, 8, 1;
L_011DFE80 .part v011DC9C0_0, 7, 1;
L_011DFF88 .part v011DC9C0_0, 6, 1;
L_011DFD78 .part v011DC9C0_0, 4, 2;
L_011E0CF0 .part v011DC9C0_0, 2, 2;
L_011E12C8 .part v011DC9C0_0, 0, 2;
S_0118A3B0 .scope module, "ad" "aludec" 3 46, 3 140, S_0118A328;
 .timescale 0 0;
v011DC808_0 .var "alucontrol", 2 0;
v011DCEE8_0 .alias "aluop", 1 0, v011DCE38_0;
v011DC860_0 .alias "funct", 5 0, v011DDA58_0;
E_01187EB8 .event edge, v011DCEE8_0, v011DC408_0;
S_0118A5D0 .scope module, "dp" "datapath" 3 22, 3 170, S_01189E60;
 .timescale 0 0;
v011DC3B0_0 .alias "adr", 31 0, v011DE088_0;
v011DC2A8_0 .alias "alucontrol", 2 0, v011DDA00_0;
v011DC300_0 .alias "alusrca", 0 0, v011DDF28_0;
v011DC1F8_0 .alias "alusrcb", 1 0, v011DDF80_0;
v011DC250_0 .alias "clk", 0 0, v011DE0E0_0;
v011DC408_0 .alias "funct", 5 0, v011DDA58_0;
v011DC4B8_0 .net "instr", 31 0, C4<zzzzzzzzzzzzzzzzzzzzzzzzzzzzzzzz>; 0 drivers
v011DC1A0_0 .alias "iord", 0 0, v011DDC10_0;
v011DC0F0_0 .alias "irwrite", 0 0, v011DDFD8_0;
v011DC358_0 .alias "memtoreg", 0 0, v011DDBB8_0;
v011DC510_0 .alias "op", 5 0, v011DDD70_0;
v011DC460_0 .alias "pcen", 0 0, v011DDC68_0;
v011DC098_0 .alias "pcsrc", 1 0, v011DDAB0_0;
v011DC148_0 .alias "readdata", 31 0, v011DDCC0_0;
v011DC910_0 .alias "regdst", 0 0, v011DDE20_0;
v011DCA18_0 .alias "regwrite", 0 0, v011DDB08_0;
v011DCF98_0 .alias "reset", 0 0, v011DDD18_0;
v011DC5F8_0 .alias "writedata", 31 0, v011DDB60_0;
v011DCE90_0 .alias "zero", 0 0, v011DDDC8_0;
L_011E0C40 .part C4<zzzzzzzzzzzzzzzzzzzzzzzzzzzzzzzz>, 26, 6;
L_011E0EA8 .part C4<zzzzzzzzzzzzzzzzzzzzzzzzzzzzzzzz>, 0, 6;
S_01189CC8 .scope module, "mux3" "mux3" 3 214;
 .timescale 0 0;
P_011899DC .param/l "WIDTH" 3 214, +C4<01000>;
v011DDED0_0 .net *"_s1", 0 0, L_011E1008; 1 drivers
v011DFB68_0 .net *"_s3", 0 0, L_011E1320; 1 drivers
v011DF4E0_0 .net *"_s4", 7 0, L_011E1378; 1 drivers
v011DF430_0 .net "d0", 7 0, C4<zzzzzzzz>; 0 drivers
v011DF328_0 .net "d1", 7 0, C4<zzzzzzzz>; 0 drivers
v011DF538_0 .net "d2", 7 0, C4<zzzzzzzz>; 0 drivers
v011DFC18_0 .net "s", 1 0, C4<zz>; 0 drivers
v011DFBC0_0 .net "y", 7 0, L_011E13D0; 1 drivers
L_011E1008 .part C4<zz>, 1, 1;
L_011E1320 .part C4<zz>, 0, 1;
L_011E1378 .functor MUXZ 8, C4<zzzzzzzz>, C4<zzzzzzzz>, L_011E1320, C4<>;
L_011E13D0 .delay (1,1,1) L_011E13D0/d;
L_011E13D0/d .functor MUXZ 8, L_011E1378, C4<zzzzzzzz>, L_011E1008, C4<>;
S_01189EE8 .scope module, "mux4" "mux4" 3 222;
 .timescale 0 0;
P_01189BFC .param/l "WIDTH" 3 222, +C4<01000>;
v011DF5E8_0 .net "d0", 7 0, C4<zzzzzzzz>; 0 drivers
v011DF380_0 .net "d1", 7 0, C4<zzzzzzzz>; 0 drivers
v011DF278_0 .net "d2", 7 0, C4<zzzzzzzz>; 0 drivers
v011DF1C8_0 .net "d3", 7 0, C4<zzzzzzzz>; 0 drivers
v011DF590_0 .net "s", 1 0, C4<zz>; 0 drivers
v011DF9B0_0 .var "y", 7 0;
E_01187E18/0 .event edge, v011DF590_0, v011DF5E8_0, v011DF380_0, v011DF278_0;
E_01187E18/1 .event edge, v011DF1C8_0;
E_01187E18 .event/or E_01187E18/0, E_01187E18/1;
    .scope S_01189D50;
T_0 ;
    %wait E_01189C38;
    %load/v 8, v011DB3B8_0, 1;
    %jmp/0xz  T_0.0, 8;
    %ix/load 0, 4, 0;
    %assign/v0 v011DAD88_0, 0, 0;
    %jmp T_0.1;
T_0.0 ;
    %load/v 8, v011DB258_0, 4;
    %ix/load 0, 4, 0;
    %assign/v0 v011DAD88_0, 0, 8;
T_0.1 ;
    %jmp T_0;
    .thread T_0;
    .scope S_01189D50;
T_1 ;
    %wait E_01189AB8;
    %load/v 8, v011DAD88_0, 4;
    %cmpi/u 8, 0, 4;
    %jmp/1 T_1.0, 6;
    %cmpi/u 8, 1, 4;
    %jmp/1 T_1.1, 6;
    %cmpi/u 8, 2, 4;
    %jmp/1 T_1.2, 6;
    %cmpi/u 8, 3, 4;
    %jmp/1 T_1.3, 6;
    %cmpi/u 8, 4, 4;
    %jmp/1 T_1.4, 6;
    %cmpi/u 8, 5, 4;
    %jmp/1 T_1.5, 6;
    %cmpi/u 8, 6, 4;
    %jmp/1 T_1.6, 6;
    %cmpi/u 8, 7, 4;
    %jmp/1 T_1.7, 6;
    %cmpi/u 8, 8, 4;
    %jmp/1 T_1.8, 6;
    %cmpi/u 8, 9, 4;
    %jmp/1 T_1.9, 6;
    %cmpi/u 8, 10, 4;
    %jmp/1 T_1.10, 6;
    %cmpi/u 8, 11, 4;
    %jmp/1 T_1.11, 6;
    %ix/load 0, 4, 0;
    %assign/v0 v011DB258_0, 0, 2;
    %jmp T_1.13;
T_1.0 ;
    %movi 8, 1, 4;
    %ix/load 0, 4, 0;
    %assign/v0 v011DB258_0, 0, 8;
    %jmp T_1.13;
T_1.1 ;
    %load/v 8, v011DB410_0, 6;
    %cmpi/u 8, 35, 6;
    %jmp/1 T_1.14, 6;
    %cmpi/u 8, 43, 6;
    %jmp/1 T_1.15, 6;
    %cmpi/u 8, 0, 6;
    %jmp/1 T_1.16, 6;
    %cmpi/u 8, 4, 6;
    %jmp/1 T_1.17, 6;
    %cmpi/u 8, 8, 6;
    %jmp/1 T_1.18, 6;
    %cmpi/u 8, 2, 6;
    %jmp/1 T_1.19, 6;
    %ix/load 0, 4, 0;
    %assign/v0 v011DB258_0, 0, 2;
    %jmp T_1.21;
T_1.14 ;
    %movi 8, 2, 4;
    %ix/load 0, 4, 0;
    %assign/v0 v011DB258_0, 0, 8;
    %jmp T_1.21;
T_1.15 ;
    %movi 8, 2, 4;
    %ix/load 0, 4, 0;
    %assign/v0 v011DB258_0, 0, 8;
    %jmp T_1.21;
T_1.16 ;
    %movi 8, 6, 4;
    %ix/load 0, 4, 0;
    %assign/v0 v011DB258_0, 0, 8;
    %jmp T_1.21;
T_1.17 ;
    %movi 8, 8, 4;
    %ix/load 0, 4, 0;
    %assign/v0 v011DB258_0, 0, 8;
    %jmp T_1.21;
T_1.18 ;
    %movi 8, 9, 4;
    %ix/load 0, 4, 0;
    %assign/v0 v011DB258_0, 0, 8;
    %jmp T_1.21;
T_1.19 ;
    %movi 8, 11, 4;
    %ix/load 0, 4, 0;
    %assign/v0 v011DB258_0, 0, 8;
    %jmp T_1.21;
T_1.21 ;
    %jmp T_1.13;
T_1.2 ;
    %load/v 8, v011DB410_0, 6;
    %cmpi/u 8, 35, 6;
    %jmp/1 T_1.22, 6;
    %cmpi/u 8, 43, 6;
    %jmp/1 T_1.23, 6;
    %ix/load 0, 4, 0;
    %assign/v0 v011DB258_0, 0, 2;
    %jmp T_1.25;
T_1.22 ;
    %movi 8, 3, 4;
    %ix/load 0, 4, 0;
    %assign/v0 v011DB258_0, 0, 8;
    %jmp T_1.25;
T_1.23 ;
    %movi 8, 5, 4;
    %ix/load 0, 4, 0;
    %assign/v0 v011DB258_0, 0, 8;
    %jmp T_1.25;
T_1.25 ;
    %jmp T_1.13;
T_1.3 ;
    %movi 8, 4, 4;
    %ix/load 0, 4, 0;
    %assign/v0 v011DB258_0, 0, 8;
    %jmp T_1.13;
T_1.4 ;
    %ix/load 0, 4, 0;
    %assign/v0 v011DB258_0, 0, 0;
    %jmp T_1.13;
T_1.5 ;
    %ix/load 0, 4, 0;
    %assign/v0 v011DB258_0, 0, 0;
    %jmp T_1.13;
T_1.6 ;
    %movi 8, 7, 4;
    %ix/load 0, 4, 0;
    %assign/v0 v011DB258_0, 0, 8;
    %jmp T_1.13;
T_1.7 ;
    %ix/load 0, 4, 0;
    %assign/v0 v011DB258_0, 0, 0;
    %jmp T_1.13;
T_1.8 ;
    %ix/load 0, 4, 0;
    %assign/v0 v011DB258_0, 0, 0;
    %jmp T_1.13;
T_1.9 ;
    %movi 8, 10, 4;
    %ix/load 0, 4, 0;
    %assign/v0 v011DB258_0, 0, 8;
    %jmp T_1.13;
T_1.10 ;
    %ix/load 0, 4, 0;
    %assign/v0 v011DB258_0, 0, 0;
    %jmp T_1.13;
T_1.11 ;
    %ix/load 0, 4, 0;
    %assign/v0 v011DB258_0, 0, 0;
    %jmp T_1.13;
T_1.13 ;
    %jmp T_1;
    .thread T_1, $push;
    .scope S_01189D50;
T_2 ;
    %wait E_01189998;
    %load/v 8, v011DAD88_0, 4;
    %cmpi/u 8, 0, 4;
    %jmp/1 T_2.0, 6;
    %cmpi/u 8, 1, 4;
    %jmp/1 T_2.1, 6;
    %cmpi/u 8, 2, 4;
    %jmp/1 T_2.2, 6;
    %cmpi/u 8, 3, 4;
    %jmp/1 T_2.3, 6;
    %cmpi/u 8, 4, 4;
    %jmp/1 T_2.4, 6;
    %cmpi/u 8, 5, 4;
    %jmp/1 T_2.5, 6;
    %cmpi/u 8, 6, 4;
    %jmp/1 T_2.6, 6;
    %cmpi/u 8, 7, 4;
    %jmp/1 T_2.7, 6;
    %cmpi/u 8, 8, 4;
    %jmp/1 T_2.8, 6;
    %cmpi/u 8, 9, 4;
    %jmp/1 T_2.9, 6;
    %cmpi/u 8, 10, 4;
    %jmp/1 T_2.10, 6;
    %cmpi/u 8, 11, 4;
    %jmp/1 T_2.11, 6;
    %ix/load 0, 15, 0;
    %assign/v0 v0119BF58_0, 0, 2;
    %jmp T_2.13;
T_2.0 ;
    %movi 8, 20496, 15;
    %ix/load 0, 15, 0;
    %assign/v0 v0119BF58_0, 0, 8;
    %jmp T_2.13;
T_2.1 ;
    %movi 8, 48, 15;
    %ix/load 0, 15, 0;
    %assign/v0 v0119BF58_0, 0, 8;
    %jmp T_2.13;
T_2.2 ;
    %movi 8, 1056, 15;
    %ix/load 0, 15, 0;
    %assign/v0 v0119BF58_0, 0, 8;
    %jmp T_2.13;
T_2.3 ;
    %movi 8, 256, 15;
    %ix/load 0, 15, 0;
    %assign/v0 v0119BF58_0, 0, 8;
    %jmp T_2.13;
T_2.4 ;
    %movi 8, 2176, 15;
    %ix/load 0, 15, 0;
    %assign/v0 v0119BF58_0, 0, 8;
    %jmp T_2.13;
T_2.5 ;
    %movi 8, 8448, 15;
    %ix/load 0, 15, 0;
    %assign/v0 v0119BF58_0, 0, 8;
    %jmp T_2.13;
T_2.6 ;
    %movi 8, 1026, 15;
    %ix/load 0, 15, 0;
    %assign/v0 v0119BF58_0, 0, 8;
    %jmp T_2.13;
T_2.7 ;
    %movi 8, 2112, 15;
    %ix/load 0, 15, 0;
    %assign/v0 v0119BF58_0, 0, 8;
    %jmp T_2.13;
T_2.8 ;
    %movi 8, 1541, 15;
    %ix/load 0, 15, 0;
    %assign/v0 v0119BF58_0, 0, 8;
    %jmp T_2.13;
T_2.9 ;
    %movi 8, 1056, 15;
    %ix/load 0, 15, 0;
    %assign/v0 v0119BF58_0, 0, 8;
    %jmp T_2.13;
T_2.10 ;
    %movi 8, 4096, 15;
    %ix/load 0, 15, 0;
    %assign/v0 v0119BF58_0, 0, 8;
    %jmp T_2.13;
T_2.11 ;
    %movi 8, 16392, 15;
    %ix/load 0, 15, 0;
    %assign/v0 v0119BF58_0, 0, 8;
    %jmp T_2.13;
T_2.13 ;
    %jmp T_2;
    .thread T_2, $push;
    .scope S_01189F70;
T_3 ;
    %wait E_01189B78;
    %load/v 8, v01190378_0, 2;
    %cmpi/u 8, 0, 2;
    %jmp/1 T_3.0, 6;
    %cmpi/u 8, 1, 2;
    %jmp/1 T_3.1, 6;
    %load/v 8, v011903D0_0, 6;
    %cmpi/u 8, 32, 6;
    %jmp/1 T_3.4, 6;
    %cmpi/u 8, 34, 6;
    %jmp/1 T_3.5, 6;
    %cmpi/u 8, 36, 6;
    %jmp/1 T_3.6, 6;
    %cmpi/u 8, 37, 6;
    %jmp/1 T_3.7, 6;
    %cmpi/u 8, 42, 6;
    %jmp/1 T_3.8, 6;
    %ix/load 0, 3, 0;
    %assign/v0 v009DDD60_0, 0, 2;
    %jmp T_3.10;
T_3.4 ;
    %movi 8, 2, 3;
    %ix/load 0, 3, 0;
    %assign/v0 v009DDD60_0, 0, 8;
    %jmp T_3.10;
T_3.5 ;
    %movi 8, 6, 3;
    %ix/load 0, 3, 0;
    %assign/v0 v009DDD60_0, 0, 8;
    %jmp T_3.10;
T_3.6 ;
    %ix/load 0, 3, 0;
    %assign/v0 v009DDD60_0, 0, 0;
    %jmp T_3.10;
T_3.7 ;
    %movi 8, 1, 3;
    %ix/load 0, 3, 0;
    %assign/v0 v009DDD60_0, 0, 8;
    %jmp T_3.10;
T_3.8 ;
    %ix/load 0, 3, 0;
    %assign/v0 v009DDD60_0, 0, 1;
    %jmp T_3.10;
T_3.10 ;
    %jmp T_3.3;
T_3.0 ;
    %movi 8, 2, 3;
    %ix/load 0, 3, 0;
    %assign/v0 v009DDD60_0, 0, 8;
    %jmp T_3.3;
T_3.1 ;
    %movi 8, 6, 3;
    %ix/load 0, 3, 0;
    %assign/v0 v009DDD60_0, 0, 8;
    %jmp T_3.3;
T_3.3 ;
    %jmp T_3;
    .thread T_3, $push;
    .scope S_0118A438;
T_4 ;
    %set/v v011DBD80_0, 1, 1;
    %delay 10, 0;
    %set/v v011DBD80_0, 0, 1;
    %delay 10, 0;
    %jmp T_4;
    .thread T_4;
    .scope S_0118A438;
T_5 ;
    %vpi_call 2 28 "$readmemh", "controller.tv", v011DBA68;
    %set/v v011DBD28_0, 0, 15;
    %set/v v011DB750_0, 0, 15;
    %end;
    .thread T_5;
    .scope S_0118A438;
T_6 ;
    %wait E_01189B58;
    %movi 8, 28, 6;
    %ix/getv 3, v011DBD28_0;
    %jmp/1 T_6.0, 4;
    %ix/get/s 0, 8, 6;
T_6.0 ;
    %load/avx.p 8, v011DBA68, 0;
    %load/avx.p 9, v011DBA68, 0;
    %load/avx.p 10, v011DBA68, 0;
    %load/avx.p 11, v011DBA68, 0;
    %load/avx.p 12, v011DBA68, 0;
    %load/avx.p 13, v011DBA68, 0;
; Save base=8 wid=6 in lookaside.
    %set/v v011DBB70_0, 8, 6;
    %movi 14, 22, 6;
    %ix/getv 3, v011DBD28_0;
    %jmp/1 T_6.1, 4;
    %ix/get/s 0, 14, 6;
T_6.1 ;
    %load/avx.p 14, v011DBA68, 0;
    %load/avx.p 15, v011DBA68, 0;
    %load/avx.p 16, v011DBA68, 0;
    %load/avx.p 17, v011DBA68, 0;
    %mov 8, 14, 4; Move signal select into place
    %mov 12, 0, 2;
    %set/v v011DB800_0, 8, 6;
    %movi 8, 17, 6;
    %ix/getv 3, v011DBD28_0;
    %jmp/1 T_6.2, 4;
    %ix/get/s 0, 8, 6;
T_6.2 ;
    %load/avx.p 8, v011DBA68, 0;
; Save base=8 wid=1 in lookaside.
    %set/v v011DBC20_0, 8, 1;
    %ix/getv 3, v011DBD28_0;
    %jmp/1 T_6.3, 4;
    %ix/get/s 0, 0, 2;
T_6.3 ;
    %load/avx.p 8, v011DBA68, 0;
    %load/avx.p 9, v011DBA68, 0;
    %load/avx.p 10, v011DBA68, 0;
    %load/avx.p 11, v011DBA68, 0;
    %load/avx.p 12, v011DBA68, 0;
    %load/avx.p 13, v011DBA68, 0;
    %load/avx.p 14, v011DBA68, 0;
    %load/avx.p 15, v011DBA68, 0;
    %load/avx.p 16, v011DBA68, 0;
    %load/avx.p 17, v011DBA68, 0;
    %load/avx.p 18, v011DBA68, 0;
    %load/avx.p 19, v011DBA68, 0;
    %load/avx.p 20, v011DBA68, 0;
    %load/avx.p 21, v011DBA68, 0;
    %load/avx.p 22, v011DBA68, 0;
; Save base=8 wid=15 in lookaside.
    %set/v v011DBA10_0, 8, 15;
    %jmp T_6;
    .thread T_6;
    .scope S_0118A438;
T_7 ;
    %wait E_01189AF8;
    %load/v 8, v011DBCD0_0, 15;
    %load/v 23, v011DBA10_0, 15;
    %cmp/u 8, 23, 15;
    %inv 6, 1;
    %jmp/0xz  T_7.0, 6;
    %vpi_call 2 41 "$display", "%b", &A<v011DBA68, v011DBD28_0 >;
    %vpi_call 2 42 "$display", "Errors in vector %d", v011DBD28_0;
    %vpi_call 2 43 "$display", " Inputs: op = %b, funct = %b, zero = %b", v011DBB70_0, v011DB800_0, v011DBC20_0;
    %vpi_call 2 44 "$display", " Outputs: result = %h (%h expected)", v011DBCD0_0, v011DBA10_0;
    %load/v 8, v011DB750_0, 15;
    %mov 23, 0, 17;
    %addi 8, 1, 32;
    %set/v v011DB750_0, 8, 15;
T_7.0 ;
    %load/v 8, v011DBD28_0, 15;
    %mov 23, 0, 17;
    %addi 8, 1, 32;
    %set/v v011DBD28_0, 8, 15;
    %load/v 8, v011DBD28_0, 15;
    %mov 23, 0, 1;
    %cmpi/u 8, 7, 16;
    %jmp/0xz  T_7.2, 6;
    %vpi_call 2 49 "$display", "%d tests completed with %d error(s)", v011DBD28_0, v011DB750_0;
    %vpi_call 2 50 "$finish";
T_7.2 ;
    %jmp T_7;
    .thread T_7;
    .scope S_0118A438;
T_8 ;
    %vpi_call 2 55 "$dumpfile", "alu.vcd";
    %vpi_call 2 56 "$dumpvars";
    %end;
    .thread T_8;
    .scope S_0118A878;
T_9 ;
    %wait E_01187EF8;
    %load/v 8, v011DC7B0_0, 1;
    %jmp/0xz  T_9.0, 8;
    %ix/load 0, 4, 0;
    %assign/v0 v011DCD88_0, 0, 0;
    %jmp T_9.1;
T_9.0 ;
    %load/v 8, v011DCAC8_0, 4;
    %ix/load 0, 4, 0;
    %assign/v0 v011DCD88_0, 0, 8;
T_9.1 ;
    %jmp T_9;
    .thread T_9;
    .scope S_0118A878;
T_10 ;
    %wait E_01187E58;
    %load/v 8, v011DCD88_0, 4;
    %cmpi/u 8, 0, 4;
    %jmp/1 T_10.0, 6;
    %cmpi/u 8, 1, 4;
    %jmp/1 T_10.1, 6;
    %cmpi/u 8, 2, 4;
    %jmp/1 T_10.2, 6;
    %cmpi/u 8, 3, 4;
    %jmp/1 T_10.3, 6;
    %cmpi/u 8, 4, 4;
    %jmp/1 T_10.4, 6;
    %cmpi/u 8, 5, 4;
    %jmp/1 T_10.5, 6;
    %cmpi/u 8, 6, 4;
    %jmp/1 T_10.6, 6;
    %cmpi/u 8, 7, 4;
    %jmp/1 T_10.7, 6;
    %cmpi/u 8, 8, 4;
    %jmp/1 T_10.8, 6;
    %cmpi/u 8, 9, 4;
    %jmp/1 T_10.9, 6;
    %cmpi/u 8, 10, 4;
    %jmp/1 T_10.10, 6;
    %cmpi/u 8, 11, 4;
    %jmp/1 T_10.11, 6;
    %ix/load 0, 4, 0;
    %assign/v0 v011DCAC8_0, 0, 2;
    %jmp T_10.13;
T_10.0 ;
    %movi 8, 1, 4;
    %ix/load 0, 4, 0;
    %assign/v0 v011DCAC8_0, 0, 8;
    %jmp T_10.13;
T_10.1 ;
    %load/v 8, v011DCCD8_0, 6;
    %cmpi/u 8, 35, 6;
    %jmp/1 T_10.14, 6;
    %cmpi/u 8, 43, 6;
    %jmp/1 T_10.15, 6;
    %cmpi/u 8, 0, 6;
    %jmp/1 T_10.16, 6;
    %cmpi/u 8, 4, 6;
    %jmp/1 T_10.17, 6;
    %cmpi/u 8, 8, 6;
    %jmp/1 T_10.18, 6;
    %cmpi/u 8, 2, 6;
    %jmp/1 T_10.19, 6;
    %ix/load 0, 4, 0;
    %assign/v0 v011DCAC8_0, 0, 2;
    %jmp T_10.21;
T_10.14 ;
    %movi 8, 2, 4;
    %ix/load 0, 4, 0;
    %assign/v0 v011DCAC8_0, 0, 8;
    %jmp T_10.21;
T_10.15 ;
    %movi 8, 2, 4;
    %ix/load 0, 4, 0;
    %assign/v0 v011DCAC8_0, 0, 8;
    %jmp T_10.21;
T_10.16 ;
    %movi 8, 6, 4;
    %ix/load 0, 4, 0;
    %assign/v0 v011DCAC8_0, 0, 8;
    %jmp T_10.21;
T_10.17 ;
    %movi 8, 8, 4;
    %ix/load 0, 4, 0;
    %assign/v0 v011DCAC8_0, 0, 8;
    %jmp T_10.21;
T_10.18 ;
    %movi 8, 9, 4;
    %ix/load 0, 4, 0;
    %assign/v0 v011DCAC8_0, 0, 8;
    %jmp T_10.21;
T_10.19 ;
    %movi 8, 11, 4;
    %ix/load 0, 4, 0;
    %assign/v0 v011DCAC8_0, 0, 8;
    %jmp T_10.21;
T_10.21 ;
    %jmp T_10.13;
T_10.2 ;
    %load/v 8, v011DCCD8_0, 6;
    %cmpi/u 8, 35, 6;
    %jmp/1 T_10.22, 6;
    %cmpi/u 8, 43, 6;
    %jmp/1 T_10.23, 6;
    %ix/load 0, 4, 0;
    %assign/v0 v011DCAC8_0, 0, 2;
    %jmp T_10.25;
T_10.22 ;
    %movi 8, 3, 4;
    %ix/load 0, 4, 0;
    %assign/v0 v011DCAC8_0, 0, 8;
    %jmp T_10.25;
T_10.23 ;
    %movi 8, 5, 4;
    %ix/load 0, 4, 0;
    %assign/v0 v011DCAC8_0, 0, 8;
    %jmp T_10.25;
T_10.25 ;
    %jmp T_10.13;
T_10.3 ;
    %movi 8, 4, 4;
    %ix/load 0, 4, 0;
    %assign/v0 v011DCAC8_0, 0, 8;
    %jmp T_10.13;
T_10.4 ;
    %ix/load 0, 4, 0;
    %assign/v0 v011DCAC8_0, 0, 0;
    %jmp T_10.13;
T_10.5 ;
    %ix/load 0, 4, 0;
    %assign/v0 v011DCAC8_0, 0, 0;
    %jmp T_10.13;
T_10.6 ;
    %movi 8, 7, 4;
    %ix/load 0, 4, 0;
    %assign/v0 v011DCAC8_0, 0, 8;
    %jmp T_10.13;
T_10.7 ;
    %ix/load 0, 4, 0;
    %assign/v0 v011DCAC8_0, 0, 0;
    %jmp T_10.13;
T_10.8 ;
    %ix/load 0, 4, 0;
    %assign/v0 v011DCAC8_0, 0, 0;
    %jmp T_10.13;
T_10.9 ;
    %movi 8, 10, 4;
    %ix/load 0, 4, 0;
    %assign/v0 v011DCAC8_0, 0, 8;
    %jmp T_10.13;
T_10.10 ;
    %ix/load 0, 4, 0;
    %assign/v0 v011DCAC8_0, 0, 0;
    %jmp T_10.13;
T_10.11 ;
    %ix/load 0, 4, 0;
    %assign/v0 v011DCAC8_0, 0, 0;
    %jmp T_10.13;
T_10.13 ;
    %jmp T_10;
    .thread T_10, $push;
    .scope S_0118A878;
T_11 ;
    %wait E_01187E38;
    %load/v 8, v011DCD88_0, 4;
    %cmpi/u 8, 0, 4;
    %jmp/1 T_11.0, 6;
    %cmpi/u 8, 1, 4;
    %jmp/1 T_11.1, 6;
    %cmpi/u 8, 2, 4;
    %jmp/1 T_11.2, 6;
    %cmpi/u 8, 3, 4;
    %jmp/1 T_11.3, 6;
    %cmpi/u 8, 4, 4;
    %jmp/1 T_11.4, 6;
    %cmpi/u 8, 5, 4;
    %jmp/1 T_11.5, 6;
    %cmpi/u 8, 6, 4;
    %jmp/1 T_11.6, 6;
    %cmpi/u 8, 7, 4;
    %jmp/1 T_11.7, 6;
    %cmpi/u 8, 8, 4;
    %jmp/1 T_11.8, 6;
    %cmpi/u 8, 9, 4;
    %jmp/1 T_11.9, 6;
    %cmpi/u 8, 10, 4;
    %jmp/1 T_11.10, 6;
    %cmpi/u 8, 11, 4;
    %jmp/1 T_11.11, 6;
    %ix/load 0, 15, 0;
    %assign/v0 v011DC9C0_0, 0, 2;
    %jmp T_11.13;
T_11.0 ;
    %movi 8, 20496, 15;
    %ix/load 0, 15, 0;
    %assign/v0 v011DC9C0_0, 0, 8;
    %jmp T_11.13;
T_11.1 ;
    %movi 8, 48, 15;
    %ix/load 0, 15, 0;
    %assign/v0 v011DC9C0_0, 0, 8;
    %jmp T_11.13;
T_11.2 ;
    %movi 8, 1056, 15;
    %ix/load 0, 15, 0;
    %assign/v0 v011DC9C0_0, 0, 8;
    %jmp T_11.13;
T_11.3 ;
    %movi 8, 256, 15;
    %ix/load 0, 15, 0;
    %assign/v0 v011DC9C0_0, 0, 8;
    %jmp T_11.13;
T_11.4 ;
    %movi 8, 2176, 15;
    %ix/load 0, 15, 0;
    %assign/v0 v011DC9C0_0, 0, 8;
    %jmp T_11.13;
T_11.5 ;
    %movi 8, 8448, 15;
    %ix/load 0, 15, 0;
    %assign/v0 v011DC9C0_0, 0, 8;
    %jmp T_11.13;
T_11.6 ;
    %movi 8, 1026, 15;
    %ix/load 0, 15, 0;
    %assign/v0 v011DC9C0_0, 0, 8;
    %jmp T_11.13;
T_11.7 ;
    %movi 8, 2112, 15;
    %ix/load 0, 15, 0;
    %assign/v0 v011DC9C0_0, 0, 8;
    %jmp T_11.13;
T_11.8 ;
    %movi 8, 1541, 15;
    %ix/load 0, 15, 0;
    %assign/v0 v011DC9C0_0, 0, 8;
    %jmp T_11.13;
T_11.9 ;
    %movi 8, 1056, 15;
    %ix/load 0, 15, 0;
    %assign/v0 v011DC9C0_0, 0, 8;
    %jmp T_11.13;
T_11.10 ;
    %movi 8, 4096, 15;
    %ix/load 0, 15, 0;
    %assign/v0 v011DC9C0_0, 0, 8;
    %jmp T_11.13;
T_11.11 ;
    %movi 8, 16392, 15;
    %ix/load 0, 15, 0;
    %assign/v0 v011DC9C0_0, 0, 8;
    %jmp T_11.13;
T_11.13 ;
    %jmp T_11;
    .thread T_11, $push;
    .scope S_0118A3B0;
T_12 ;
    %wait E_01187EB8;
    %load/v 8, v011DCEE8_0, 2;
    %cmpi/u 8, 0, 2;
    %jmp/1 T_12.0, 6;
    %cmpi/u 8, 1, 2;
    %jmp/1 T_12.1, 6;
    %load/v 8, v011DC860_0, 6;
    %cmpi/u 8, 32, 6;
    %jmp/1 T_12.4, 6;
    %cmpi/u 8, 34, 6;
    %jmp/1 T_12.5, 6;
    %cmpi/u 8, 36, 6;
    %jmp/1 T_12.6, 6;
    %cmpi/u 8, 37, 6;
    %jmp/1 T_12.7, 6;
    %cmpi/u 8, 42, 6;
    %jmp/1 T_12.8, 6;
    %ix/load 0, 3, 0;
    %assign/v0 v011DC808_0, 0, 2;
    %jmp T_12.10;
T_12.4 ;
    %movi 8, 2, 3;
    %ix/load 0, 3, 0;
    %assign/v0 v011DC808_0, 0, 8;
    %jmp T_12.10;
T_12.5 ;
    %movi 8, 6, 3;
    %ix/load 0, 3, 0;
    %assign/v0 v011DC808_0, 0, 8;
    %jmp T_12.10;
T_12.6 ;
    %ix/load 0, 3, 0;
    %assign/v0 v011DC808_0, 0, 0;
    %jmp T_12.10;
T_12.7 ;
    %movi 8, 1, 3;
    %ix/load 0, 3, 0;
    %assign/v0 v011DC808_0, 0, 8;
    %jmp T_12.10;
T_12.8 ;
    %ix/load 0, 3, 0;
    %assign/v0 v011DC808_0, 0, 1;
    %jmp T_12.10;
T_12.10 ;
    %jmp T_12.3;
T_12.0 ;
    %movi 8, 2, 3;
    %ix/load 0, 3, 0;
    %assign/v0 v011DC808_0, 0, 8;
    %jmp T_12.3;
T_12.1 ;
    %movi 8, 6, 3;
    %ix/load 0, 3, 0;
    %assign/v0 v011DC808_0, 0, 8;
    %jmp T_12.3;
T_12.3 ;
    %jmp T_12;
    .thread T_12, $push;
    .scope S_01189EE8;
T_13 ;
    %wait E_01187E18;
    %load/v 8, v011DF590_0, 2;
    %cmpi/u 8, 0, 2;
    %jmp/1 T_13.0, 6;
    %cmpi/u 8, 1, 2;
    %jmp/1 T_13.1, 6;
    %cmpi/u 8, 2, 2;
    %jmp/1 T_13.2, 6;
    %cmpi/u 8, 3, 2;
    %jmp/1 T_13.3, 6;
    %jmp T_13.4;
T_13.0 ;
    %load/v 8, v011DF5E8_0, 8;
    %ix/load 0, 8, 0;
    %assign/v0 v011DF9B0_0, 0, 8;
    %jmp T_13.4;
T_13.1 ;
    %load/v 8, v011DF380_0, 8;
    %ix/load 0, 8, 0;
    %assign/v0 v011DF9B0_0, 0, 8;
    %jmp T_13.4;
T_13.2 ;
    %load/v 8, v011DF278_0, 8;
    %ix/load 0, 8, 0;
    %assign/v0 v011DF9B0_0, 0, 8;
    %jmp T_13.4;
T_13.3 ;
    %load/v 8, v011DF1C8_0, 8;
    %ix/load 0, 8, 0;
    %assign/v0 v011DF9B0_0, 0, 8;
    %jmp T_13.4;
T_13.4 ;
    %jmp T_13;
    .thread T_13, $push;
# The file index is used to find the file name in the following table.
:file_names 4;
    "N/A";
    "<interactive>";
    "controller_tb.v";
    "mipsmulti.v";
