#! /c/iverilog/bin/vvp
:ivl_version "0.9.4 " "(v0_9_4)";
:vpi_time_precision - 9;
:vpi_module "system";
:vpi_module "v2005_math";
:vpi_module "va_math";
S_0109BD58 .scope module, "arithmethic_tb" "arithmethic_tb" 2 2;
 .timescale -9 -9;
v010E7200_0 .var "ALUop", 3 0;
v010E7150_0 .var "a", 31 0;
v010E6D30_0 .var "b", 31 0;
v010E7308_0 .net "flag", 0 0, L_010F6740; 1 drivers
v010E6E90_0 .net "result", 31 0, v010E6B78_0; 1 drivers
S_0109BDE0 .scope module, "DUT_Arithmetic" "Arithmetic_part" 2 8, 3 1, S_0109BD58;
 .timescale 0 0;
L_01101A38 .functor NOT 32, v010E6D30_0, C4<00000000000000000000000000000000>, C4<00000000000000000000000000000000>, C4<00000000000000000000000000000000>;
v010E7048_0 .net "ALUop", 3 0, v010E7200_0; 1 drivers
v010E6CD8_0 .net *"_s4", 31 0, C4<00000000000000000000000000000000>; 1 drivers
v010E71A8_0 .net "a", 31 0, v010E7150_0; 1 drivers
v010E70F8_0 .net "b", 31 0, v010E6D30_0; 1 drivers
v010E6968_0 .alias "flag", 0 0, v010E7308_0;
v010E6A70_0 .net "op_sign", 0 0, L_010E6C80; 1 drivers
v010E6B78_0 .var "result", 31 0;
RS_010A8394/0/0 .resolv tri, L_010F7298, L_010F7500, L_010F6ED0, L_010F6DC8;
RS_010A8394/0/4 .resolv tri, L_010F6F80, L_010F77C0, L_010F7CE8, L_010F80B0;
RS_010A8394/0/8 .resolv tri, L_010F81B8, L_010F7E48, L_010F7AD8, L_010F8000;
RS_010A8394/0/12 .resolv tri, L_010F86E0, L_010F8630, L_010F8B58, L_010F88F0;
RS_010A8394/0/16 .resolv tri, L_010F89A0, L_010F4E80, L_010F4F30, L_010F5198;
RS_010A8394/0/20 .resolv tri, L_010F5090, L_010F5038, L_010F5400, L_010F4DD0;
RS_010A8394/0/24 .resolv tri, L_010F5EA8, L_010F5928, L_010F5770, L_010F5878;
RS_010A8394/0/28 .resolv tri, L_010F5AE0, L_010F6168, L_010F6218, L_010F62C8;
RS_010A8394/1/0 .resolv tri, RS_010A8394/0/0, RS_010A8394/0/4, RS_010A8394/0/8, RS_010A8394/0/12;
RS_010A8394/1/4 .resolv tri, RS_010A8394/0/16, RS_010A8394/0/20, RS_010A8394/0/24, RS_010A8394/0/28;
RS_010A8394 .resolv tri, RS_010A8394/1/0, RS_010A8394/1/4, C4<zzzzzzzzzzzzzzzzzzzzzzzzzzzzzzzz>, C4<zzzzzzzzzzzzzzzzzzzzzzzzzzzzzzzz>;
v010E69C0_0 .net8 "wire_sub", 31 0, RS_010A8394; 32 drivers
RS_010A9EC4/0/0 .resolv tri, L_010E72B0, L_010E7518, L_010E74C0, L_010E7E08;
RS_010A9EC4/0/4 .resolv tri, L_010E7E60, L_010E7A40, L_010E7AF0, L_010E83E0;
RS_010A9EC4/0/8 .resolv tri, L_010E88B0, L_010E89B8, L_010E8178, L_010E8388;
RS_010A9EC4/0/12 .resolv tri, L_010E8598, L_010E8AC0, L_010E8FE8, L_010E8C20;
RS_010A9EC4/0/16 .resolv tri, L_010E9300, L_010E8CD0, L_010E9098, L_010E9358;
RS_010A9EC4/0/20 .resolv tri, L_010E96C8, L_010E9C48, L_010E9DA8, L_010E9510;
RS_010A9EC4/0/24 .resolv tri, L_010E9828, L_010E99E0, L_010EA7F8, L_010EA1C8;
RS_010A9EC4/0/28 .resolv tri, L_010EA3D8, L_010EA6F0, L_010EA850, L_010F71E8;
RS_010A9EC4/1/0 .resolv tri, RS_010A9EC4/0/0, RS_010A9EC4/0/4, RS_010A9EC4/0/8, RS_010A9EC4/0/12;
RS_010A9EC4/1/4 .resolv tri, RS_010A9EC4/0/16, RS_010A9EC4/0/20, RS_010A9EC4/0/24, RS_010A9EC4/0/28;
RS_010A9EC4 .resolv tri, RS_010A9EC4/1/0, RS_010A9EC4/1/4, C4<zzzzzzzzzzzzzzzzzzzzzzzzzzzzzzzz>, C4<zzzzzzzzzzzzzzzzzzzzzzzzzzzzzzzz>;
v010E6C28_0 .net8 "wire_sum", 31 0, RS_010A9EC4; 32 drivers
E_010A26A8 .event edge, v010E7048_0, v010E6EE8_0, v010DEA10_0;
L_010E6C80 .part v010E7200_0, 1, 1;
L_010F6740 .cmp/eq 32, v010E6B78_0, C4<00000000000000000000000000000000>;
S_0109D4B8 .scope module, "sum" "ripple_carry_adder" 3 12, 4 1, S_0109BDE0;
 .timescale 0 0;
v010E6A18_0 .alias "a", 31 0, v010E71A8_0;
v010E6AC8_0 .alias "b", 31 0, v010E70F8_0;
RS_010A9EAC/0/0 .resolv tri, L_010E6E38, L_010E7EB8, L_010E7BF8, L_010E7888;
RS_010A9EAC/0/4 .resolv tri, L_010E7B48, L_010E7468, L_010E75C8, L_010E8018;
RS_010A9EAC/0/8 .resolv tri, L_010E86A0, L_010E8960, L_010E8908, L_010E8280;
RS_010A9EAC/0/12 .resolv tri, L_010E8330, L_010E8800, L_010E9460, L_010E90F0;
RS_010A9EAC/0/16 .resolv tri, L_010E9408, L_010E94B8, L_010E8E30, L_010E8F38;
RS_010A9EAC/0/20 .resolv tri, L_010E9568, L_010E9E58, L_010E95C0, L_010E9670;
RS_010A9EAC/0/24 .resolv tri, L_010E9720, L_010E9988, L_010EA698, L_010EA748;
RS_010A9EAC/0/28 .resolv tri, L_010EA2D0, L_010EA640, L_010EA488, L_010F72F0;
RS_010A9EAC/1/0 .resolv tri, RS_010A9EAC/0/0, RS_010A9EAC/0/4, RS_010A9EAC/0/8, RS_010A9EAC/0/12;
RS_010A9EAC/1/4 .resolv tri, RS_010A9EAC/0/16, RS_010A9EAC/0/20, RS_010A9EAC/0/24, RS_010A9EAC/0/28;
RS_010A9EAC .resolv tri, RS_010A9EAC/1/0, RS_010A9EAC/1/4, C4<zzzzzzzzzzzzzzzzzzzzzzzzzzzzzzzz>, C4<zzzzzzzzzzzzzzzzzzzzzzzzzzzzzzzz>;
v010E70A0_0 .net8 "carry", 31 0, RS_010A9EAC; 32 drivers
v010E73B8_0 .alias "f_cin", 0 0, v010E6A70_0;
v010E6EE8_0 .alias "result", 31 0, v010E6C28_0;
L_010E6D88 .part v010E7150_0, 0, 1;
L_010E7258 .part v010E6D30_0, 0, 1;
L_010E6E38 .part/pv L_010EAA50, 0, 1, 32;
L_010E72B0 .part/pv L_010EA9E0, 0, 1, 32;
L_010E76D0 .part v010E7150_0, 1, 1;
L_010E7D58 .part v010E6D30_0, 1, 1;
L_010E7DB0 .part RS_010A9EAC, 0, 1;
L_010E7EB8 .part/pv L_010EB180, 1, 1, 32;
L_010E7518 .part/pv L_010EB768, 1, 1, 32;
L_010E7938 .part v010E7150_0, 2, 1;
L_010E7BA0 .part v010E6D30_0, 2, 1;
L_010E7CA8 .part RS_010A9EAC, 1, 1;
L_010E7BF8 .part/pv L_010EB420, 2, 1, 32;
L_010E74C0 .part/pv L_010EB2D0, 2, 1, 32;
L_010E7990 .part v010E7150_0, 3, 1;
L_010E7C50 .part v010E6D30_0, 3, 1;
L_010E79E8 .part RS_010A9EAC, 2, 1;
L_010E7888 .part/pv L_010EB1B8, 3, 1, 32;
L_010E7E08 .part/pv L_010EB880, 3, 1, 32;
L_010E7620 .part v010E7150_0, 4, 1;
L_010E7D00 .part v010E6D30_0, 4, 1;
L_010E77D8 .part RS_010A9EAC, 3, 1;
L_010E7B48 .part/pv L_010EBFA8, 4, 1, 32;
L_010E7E60 .part/pv L_010EBF00, 4, 1, 32;
L_010E7678 .part v010E7150_0, 5, 1;
L_010E7830 .part v010E6D30_0, 5, 1;
L_010E7410 .part RS_010A9EAC, 4, 1;
L_010E7468 .part/pv L_010EBB10, 5, 1, 32;
L_010E7A40 .part/pv L_010EBFE0, 5, 1, 32;
L_010E7570 .part v010E7150_0, 6, 1;
L_010E7A98 .part v010E6D30_0, 6, 1;
L_010E7728 .part RS_010A9EAC, 5, 1;
L_010E75C8 .part/pv L_010EBD40, 6, 1, 32;
L_010E7AF0 .part/pv L_010EC088, 6, 1, 32;
L_010E7780 .part v010E7150_0, 8, 1;
L_010E78E0 .part v010E6D30_0, 8, 1;
L_010E8540 .part RS_010A9EAC, 7, 1;
L_010E8018 .part/pv L_010ED2B0, 8, 1, 32;
L_010E83E0 .part/pv L_010ED550, 8, 1, 32;
L_010E8648 .part v010E7150_0, 7, 1;
L_010E8490 .part v010E6D30_0, 7, 1;
L_010E8070 .part RS_010A9EAC, 6, 1;
L_010E86A0 .part/pv L_010ED3C8, 7, 1, 32;
L_010E88B0 .part/pv L_010ED710, 7, 1, 32;
L_010E86F8 .part v010E7150_0, 9, 1;
L_010E7F10 .part v010E6D30_0, 9, 1;
L_010E81D0 .part RS_010A9EAC, 8, 1;
L_010E8960 .part/pv L_010EBEC8, 9, 1, 32;
L_010E89B8 .part/pv L_010EDBD0, 9, 1, 32;
L_010E7F68 .part v010E7150_0, 10, 1;
L_010E8228 .part v010E6D30_0, 10, 1;
L_010E85F0 .part RS_010A9EAC, 9, 1;
L_010E8908 .part/pv L_010EDD58, 10, 1, 32;
L_010E8178 .part/pv L_010EDCB0, 10, 1, 32;
L_010E7FC0 .part v010E7150_0, 11, 1;
L_010E80C8 .part v010E6D30_0, 11, 1;
L_010E8120 .part RS_010A9EAC, 10, 1;
L_010E8280 .part/pv L_010EE0D8, 11, 1, 32;
L_010E8388 .part/pv L_010EDAB8, 11, 1, 32;
L_010E8438 .part v010E7150_0, 12, 1;
L_010E84E8 .part v010E6D30_0, 12, 1;
L_010E82D8 .part RS_010A9EAC, 11, 1;
L_010E8330 .part/pv L_010EE838, 12, 1, 32;
L_010E8598 .part/pv L_010EE790, 12, 1, 32;
L_010E8750 .part v010E7150_0, 13, 1;
L_010E87A8 .part v010E6D30_0, 13, 1;
L_010E8858 .part RS_010A9EAC, 12, 1;
L_010E8800 .part/pv L_010EE560, 13, 1, 32;
L_010E8AC0 .part/pv L_010EE950, 13, 1, 32;
L_010E8BC8 .part v010E7150_0, 14, 1;
L_010E91A0 .part v010E6D30_0, 14, 1;
L_010E8B18 .part RS_010A9EAC, 13, 1;
L_010E9460 .part/pv L_010EE330, 14, 1, 32;
L_010E8FE8 .part/pv L_010EEA30, 14, 1, 32;
L_010E8D28 .part v010E7150_0, 15, 1;
L_010E8F90 .part v010E6D30_0, 15, 1;
L_010E9148 .part RS_010A9EAC, 14, 1;
L_010E90F0 .part/pv L_010EF4A0, 15, 1, 32;
L_010E8C20 .part/pv L_010EF2E0, 15, 1, 32;
L_010E8A10 .part v010E7150_0, 16, 1;
L_010E8C78 .part v010E6D30_0, 16, 1;
L_010E91F8 .part RS_010A9EAC, 15, 1;
L_010E9408 .part/pv L_010EF350, 16, 1, 32;
L_010E9300 .part/pv L_010EF008, 16, 1, 32;
L_010E93B0 .part v010E7150_0, 17, 1;
L_010E8D80 .part v010E6D30_0, 17, 1;
L_010E9040 .part RS_010A9EAC, 16, 1;
L_010E94B8 .part/pv L_010EF660, 17, 1, 32;
L_010E8CD0 .part/pv L_010EFB88, 17, 1, 32;
L_010E8DD8 .part v010E7150_0, 18, 1;
L_010E9250 .part v010E6D30_0, 18, 1;
L_010E8E88 .part RS_010A9EAC, 17, 1;
L_010E8E30 .part/pv L_010F0100, 18, 1, 32;
L_010E9098 .part/pv L_010EFE98, 18, 1, 32;
L_010E8A68 .part v010E7150_0, 19, 1;
L_010E8B70 .part v010E6D30_0, 19, 1;
L_010E8EE0 .part RS_010A9EAC, 18, 1;
L_010E8F38 .part/pv L_010F0058, 19, 1, 32;
L_010E9358 .part/pv L_010EFCD8, 19, 1, 32;
L_010E92A8 .part v010E7150_0, 20, 1;
L_010E9F08 .part v010E6D30_0, 20, 1;
L_010E9778 .part RS_010A9EAC, 19, 1;
L_010E9568 .part/pv L_010F09B0, 20, 1, 32;
L_010E96C8 .part/pv L_010F0588, 20, 1, 32;
L_010E9AE8 .part v010E7150_0, 21, 1;
L_010E9B40 .part v010E6D30_0, 21, 1;
L_010E9CA0 .part RS_010A9EAC, 20, 1;
L_010E9E58 .part/pv L_010F0470, 21, 1, 32;
L_010E9C48 .part/pv L_010F0358, 21, 1, 32;
L_010E97D0 .part v010E7150_0, 22, 1;
L_010E9EB0 .part v010E6D30_0, 22, 1;
L_010E98D8 .part RS_010A9EAC, 21, 1;
L_010E95C0 .part/pv L_010F02B0, 22, 1, 32;
L_010E9DA8 .part/pv L_010F08D0, 22, 1, 32;
L_010E9618 .part v010E7150_0, 23, 1;
L_010E9F60 .part v010E6D30_0, 23, 1;
L_010E9B98 .part RS_010A9EAC, 22, 1;
L_010E9670 .part/pv L_010F0F28, 23, 1, 32;
L_010E9510 .part/pv L_010F1318, 23, 1, 32;
L_010E9930 .part v010E7150_0, 24, 1;
L_010E9E00 .part v010E6D30_0, 24, 1;
L_010E9D50 .part RS_010A9EAC, 23, 1;
L_010E9720 .part/pv L_010F1120, 24, 1, 32;
L_010E9828 .part/pv L_010F1040, 24, 1, 32;
L_010E9FB8 .part v010E7150_0, 25, 1;
L_010E9CF8 .part v010E6D30_0, 25, 1;
L_010E9880 .part RS_010A9EAC, 24, 1;
L_010E9988 .part/pv L_010F0D68, 25, 1, 32;
L_010E99E0 .part/pv L_010F1628, 25, 1, 32;
L_010E9A38 .part v010E7150_0, 26, 1;
L_010E9A90 .part v010E6D30_0, 26, 1;
L_010E9BF0 .part RS_010A9EAC, 25, 1;
L_010EA698 .part/pv L_010F1510, 26, 1, 32;
L_010EA7F8 .part/pv L_010F1388, 26, 1, 32;
L_010EA010 .part v010E7150_0, 27, 1;
L_010EA220 .part v010E6D30_0, 27, 1;
L_010EA0C0 .part RS_010A9EAC, 26, 1;
L_010EA748 .part/pv L_010F1708, 27, 1, 32;
L_010EA1C8 .part/pv L_010F18C8, 27, 1, 32;
L_010EA068 .part v010E7150_0, 28, 1;
L_010EA538 .part v010E6D30_0, 28, 1;
L_010EA278 .part RS_010A9EAC, 27, 1;
L_010EA2D0 .part/pv L_010F1B30, 28, 1, 32;
L_010EA3D8 .part/pv L_010F3AE0, 28, 1, 32;
L_010EA5E8 .part v010E7150_0, 29, 1;
L_010EA328 .part v010E6D30_0, 29, 1;
L_010EA380 .part RS_010A9EAC, 28, 1;
L_010EA640 .part/pv L_010F3DF0, 29, 1, 32;
L_010EA6F0 .part/pv L_010F3A38, 29, 1, 32;
L_010EA7A0 .part v010E7150_0, 30, 1;
L_010EA430 .part v010E6D30_0, 30, 1;
L_010EA118 .part RS_010A9EAC, 29, 1;
L_010EA488 .part/pv L_010F3DB8, 30, 1, 32;
L_010EA850 .part/pv L_010F3808, 30, 1, 32;
L_010EA170 .part v010E7150_0, 31, 1;
L_010EA4E0 .part v010E6D30_0, 31, 1;
L_010EA590 .part RS_010A9EAC, 30, 1;
L_010F72F0 .part/pv L_010F3FE8, 31, 1, 32;
L_010F71E8 .part/pv L_010F30D0, 31, 1, 32;
S_0109AF00 .scope module, "add0" "full_adder" 4 7, 5 1, S_0109D4B8;
 .timescale 0 0;
L_01058E58 .functor XOR 1, L_010E6D88, L_010E7258, C4<0>, C4<0>;
L_01058E90 .functor AND 1, L_01058E58, L_010E6C80, C4<1>, C4<1>;
L_010EAA18 .functor AND 1, L_010E6D88, L_010E7258, C4<1>, C4<1>;
L_010EAA50 .functor OR 1, L_01058E90, L_010EAA18, C4<0>, C4<0>;
L_010EAAF8 .functor XOR 1, L_010E6D88, L_010E7258, C4<0>, C4<0>;
L_010EA9E0 .functor XOR 1, L_010EAAF8, L_010E6C80, C4<0>, C4<0>;
v010E2F90_0 .net *"_s0", 0 0, L_01058E58; 1 drivers
v010E6B20_0 .net *"_s2", 0 0, L_01058E90; 1 drivers
v010E6FF0_0 .net *"_s4", 0 0, L_010EAA18; 1 drivers
v010E6F98_0 .net *"_s8", 0 0, L_010EAAF8; 1 drivers
v010E6F40_0 .net "a", 0 0, L_010E6D88; 1 drivers
v010E7360_0 .net "b", 0 0, L_010E7258; 1 drivers
v010E6DE0_0 .alias "cin", 0 0, v010E6A70_0;
v010E6BD0_0 .net "cout", 0 0, L_010EAA50; 1 drivers
v010E6910_0 .net "sum", 0 0, L_010EA9E0; 1 drivers
S_0109AE78 .scope module, "add1" "full_adder" 4 8, 5 1, S_0109D4B8;
 .timescale 0 0;
L_010EABA0 .functor XOR 1, L_010E76D0, L_010E7D58, C4<0>, C4<0>;
L_010EA970 .functor AND 1, L_010EABA0, L_010E7DB0, C4<1>, C4<1>;
L_010EAC48 .functor AND 1, L_010E76D0, L_010E7D58, C4<1>, C4<1>;
L_010EB180 .functor OR 1, L_010EA970, L_010EAC48, C4<0>, C4<0>;
L_010EB650 .functor XOR 1, L_010E76D0, L_010E7D58, C4<0>, C4<0>;
L_010EB768 .functor XOR 1, L_010EB650, L_010E7DB0, C4<0>, C4<0>;
v010E2C78_0 .net *"_s0", 0 0, L_010EABA0; 1 drivers
v010E2DD8_0 .net *"_s2", 0 0, L_010EA970; 1 drivers
v010E2960_0 .net *"_s4", 0 0, L_010EAC48; 1 drivers
v010E2E88_0 .net *"_s8", 0 0, L_010EB650; 1 drivers
v010E2CD0_0 .net "a", 0 0, L_010E76D0; 1 drivers
v010E30F0_0 .net "b", 0 0, L_010E7D58; 1 drivers
v010E29B8_0 .net "cin", 0 0, L_010E7DB0; 1 drivers
v010E2D28_0 .net "cout", 0 0, L_010EB180; 1 drivers
v010E2D80_0 .net "sum", 0 0, L_010EB768; 1 drivers
S_01099F10 .scope module, "add2" "full_adder" 4 9, 5 1, S_0109D4B8;
 .timescale 0 0;
L_010EB730 .functor XOR 1, L_010E7938, L_010E7BA0, C4<0>, C4<0>;
L_010EB3B0 .functor AND 1, L_010EB730, L_010E7CA8, C4<1>, C4<1>;
L_010EB228 .functor AND 1, L_010E7938, L_010E7BA0, C4<1>, C4<1>;
L_010EB420 .functor OR 1, L_010EB3B0, L_010EB228, C4<0>, C4<0>;
L_010EB500 .functor XOR 1, L_010E7938, L_010E7BA0, C4<0>, C4<0>;
L_010EB2D0 .functor XOR 1, L_010EB500, L_010E7CA8, C4<0>, C4<0>;
v010E3250_0 .net *"_s0", 0 0, L_010EB730; 1 drivers
v010E2BC8_0 .net *"_s2", 0 0, L_010EB3B0; 1 drivers
v010E3040_0 .net *"_s4", 0 0, L_010EB228; 1 drivers
v010E2E30_0 .net *"_s8", 0 0, L_010EB500; 1 drivers
v010E3358_0 .net "a", 0 0, L_010E7938; 1 drivers
v010E2C20_0 .net "b", 0 0, L_010E7BA0; 1 drivers
v010E2FE8_0 .net "cin", 0 0, L_010E7CA8; 1 drivers
v010E33B0_0 .net "cout", 0 0, L_010EB420; 1 drivers
v010E2908_0 .net "sum", 0 0, L_010EB2D0; 1 drivers
S_01099D78 .scope module, "add3" "full_adder" 4 10, 5 1, S_0109D4B8;
 .timescale 0 0;
L_010EB570 .functor XOR 1, L_010E7990, L_010E7C50, C4<0>, C4<0>;
L_010EB538 .functor AND 1, L_010EB570, L_010E79E8, C4<1>, C4<1>;
L_010EB6C0 .functor AND 1, L_010E7990, L_010E7C50, C4<1>, C4<1>;
L_010EB1B8 .functor OR 1, L_010EB538, L_010EB6C0, C4<0>, C4<0>;
L_010EB3E8 .functor XOR 1, L_010E7990, L_010E7C50, C4<0>, C4<0>;
L_010EB880 .functor XOR 1, L_010EB3E8, L_010E79E8, C4<0>, C4<0>;
v010E2B18_0 .net *"_s0", 0 0, L_010EB570; 1 drivers
v010E3098_0 .net *"_s2", 0 0, L_010EB538; 1 drivers
v010E32A8_0 .net *"_s4", 0 0, L_010EB6C0; 1 drivers
v010E31A0_0 .net *"_s8", 0 0, L_010EB3E8; 1 drivers
v010E2EE0_0 .net "a", 0 0, L_010E7990; 1 drivers
v010E31F8_0 .net "b", 0 0, L_010E7C50; 1 drivers
v010E2B70_0 .net "cin", 0 0, L_010E79E8; 1 drivers
v010E3300_0 .net "cout", 0 0, L_010EB1B8; 1 drivers
v010E2AC0_0 .net "sum", 0 0, L_010EB880; 1 drivers
S_01099B58 .scope module, "add4" "full_adder" 4 11, 5 1, S_0109D4B8;
 .timescale 0 0;
L_010EAC80 .functor XOR 1, L_010E7620, L_010E7D00, C4<0>, C4<0>;
L_010EA938 .functor AND 1, L_010EAC80, L_010E77D8, C4<1>, C4<1>;
L_010EB918 .functor AND 1, L_010E7620, L_010E7D00, C4<1>, C4<1>;
L_010EBFA8 .functor OR 1, L_010EA938, L_010EB918, C4<0>, C4<0>;
L_010EBAD8 .functor XOR 1, L_010E7620, L_010E7D00, C4<0>, C4<0>;
L_010EBF00 .functor XOR 1, L_010EBAD8, L_010E77D8, C4<0>, C4<0>;
v010E67F0_0 .net *"_s0", 0 0, L_010EAC80; 1 drivers
v010E6480_0 .net *"_s2", 0 0, L_010EA938; 1 drivers
v010E6168_0 .net *"_s4", 0 0, L_010EB918; 1 drivers
v010E61C0_0 .net *"_s8", 0 0, L_010EBAD8; 1 drivers
v010E6218_0 .net "a", 0 0, L_010E7620; 1 drivers
v010E2A10_0 .net "b", 0 0, L_010E7D00; 1 drivers
v010E2F38_0 .net "cin", 0 0, L_010E77D8; 1 drivers
v010E3148_0 .net "cout", 0 0, L_010EBFA8; 1 drivers
v010E2A68_0 .net "sum", 0 0, L_010EBF00; 1 drivers
S_01099AD0 .scope module, "add5" "full_adder" 4 12, 5 1, S_0109D4B8;
 .timescale 0 0;
L_010EBCD0 .functor XOR 1, L_010E7678, L_010E7830, C4<0>, C4<0>;
L_010EBF38 .functor AND 1, L_010EBCD0, L_010E7410, C4<1>, C4<1>;
L_010EBF70 .functor AND 1, L_010E7678, L_010E7830, C4<1>, C4<1>;
L_010EBB10 .functor OR 1, L_010EBF38, L_010EBF70, C4<0>, C4<0>;
L_010EBA68 .functor XOR 1, L_010E7678, L_010E7830, C4<0>, C4<0>;
L_010EBFE0 .functor XOR 1, L_010EBA68, L_010E7410, C4<0>, C4<0>;
v010E6378_0 .net *"_s0", 0 0, L_010EBCD0; 1 drivers
v010E6588_0 .net *"_s2", 0 0, L_010EBF38; 1 drivers
v010E6638_0 .net *"_s4", 0 0, L_010EBF70; 1 drivers
v010E63D0_0 .net *"_s8", 0 0, L_010EBA68; 1 drivers
v010E66E8_0 .net "a", 0 0, L_010E7678; 1 drivers
v010E6110_0 .net "b", 0 0, L_010E7830; 1 drivers
v010E6060_0 .net "cin", 0 0, L_010E7410; 1 drivers
v010E6740_0 .net "cout", 0 0, L_010EBB10; 1 drivers
v010E60B8_0 .net "sum", 0 0, L_010EBFE0; 1 drivers
S_01099938 .scope module, "add6" "full_adder" 4 13, 5 1, S_0109D4B8;
 .timescale 0 0;
L_010EBE58 .functor XOR 1, L_010E7570, L_010E7A98, C4<0>, C4<0>;
L_010EBD78 .functor AND 1, L_010EBE58, L_010E7728, C4<1>, C4<1>;
L_010EBDE8 .functor AND 1, L_010E7570, L_010E7A98, C4<1>, C4<1>;
L_010EBD40 .functor OR 1, L_010EBD78, L_010EBDE8, C4<0>, C4<0>;
L_010EC018 .functor XOR 1, L_010E7570, L_010E7A98, C4<0>, C4<0>;
L_010EC088 .functor XOR 1, L_010EC018, L_010E7728, C4<0>, C4<0>;
v010E64D8_0 .net *"_s0", 0 0, L_010EBE58; 1 drivers
v010E6530_0 .net *"_s2", 0 0, L_010EBD78; 1 drivers
v010E6798_0 .net *"_s4", 0 0, L_010EBDE8; 1 drivers
v010E65E0_0 .net *"_s8", 0 0, L_010EC018; 1 drivers
v010E6320_0 .net "a", 0 0, L_010E7570; 1 drivers
v010E6428_0 .net "b", 0 0, L_010E7A98; 1 drivers
v010E62C8_0 .net "cin", 0 0, L_010E7728; 1 drivers
v010E6270_0 .net "cout", 0 0, L_010EBD40; 1 drivers
v010E6008_0 .net "sum", 0 0, L_010EC088; 1 drivers
S_0109A928 .scope module, "add8" "full_adder" 4 14, 5 1, S_0109D4B8;
 .timescale 0 0;
L_010ED780 .functor XOR 1, L_010E7780, L_010E78E0, C4<0>, C4<0>;
L_010ED240 .functor AND 1, L_010ED780, L_010E8540, C4<1>, C4<1>;
L_010ED748 .functor AND 1, L_010E7780, L_010E78E0, C4<1>, C4<1>;
L_010ED2B0 .functor OR 1, L_010ED240, L_010ED748, C4<0>, C4<0>;
L_010ED7B8 .functor XOR 1, L_010E7780, L_010E78E0, C4<0>, C4<0>;
L_010ED550 .functor XOR 1, L_010ED7B8, L_010E8540, C4<0>, C4<0>;
v010E5820_0 .net *"_s0", 0 0, L_010ED780; 1 drivers
v010E5560_0 .net *"_s2", 0 0, L_010ED240; 1 drivers
v010E55B8_0 .net *"_s4", 0 0, L_010ED748; 1 drivers
v010E5878_0 .net *"_s8", 0 0, L_010ED7B8; 1 drivers
v010E5B90_0 .net "a", 0 0, L_010E7780; 1 drivers
v010E5CF0_0 .net "b", 0 0, L_010E78E0; 1 drivers
v010E5980_0 .net "cin", 0 0, L_010E8540; 1 drivers
v010E6690_0 .net "cout", 0 0, L_010ED2B0; 1 drivers
v010E6848_0 .net "sum", 0 0, L_010ED550; 1 drivers
S_0109A8A0 .scope module, "add7" "full_adder" 4 15, 5 1, S_0109D4B8;
 .timescale 0 0;
L_010ED278 .functor XOR 1, L_010E8648, L_010E8490, C4<0>, C4<0>;
L_010ED1D0 .functor AND 1, L_010ED278, L_010E8070, C4<1>, C4<1>;
L_010ED518 .functor AND 1, L_010E8648, L_010E8490, C4<1>, C4<1>;
L_010ED3C8 .functor OR 1, L_010ED1D0, L_010ED518, C4<0>, C4<0>;
L_010ED438 .functor XOR 1, L_010E8648, L_010E8490, C4<0>, C4<0>;
L_010ED710 .functor XOR 1, L_010ED438, L_010E8070, C4<0>, C4<0>;
v010E5718_0 .net *"_s0", 0 0, L_010ED278; 1 drivers
v010E5F58_0 .net *"_s2", 0 0, L_010ED1D0; 1 drivers
v010E5C98_0 .net *"_s4", 0 0, L_010ED518; 1 drivers
v010E5A88_0 .net *"_s8", 0 0, L_010ED438; 1 drivers
v010E5FB0_0 .net "a", 0 0, L_010E8648; 1 drivers
v010E5B38_0 .net "b", 0 0, L_010E8490; 1 drivers
v010E5DF8_0 .net "cin", 0 0, L_010E8070; 1 drivers
v010E5508_0 .net "cout", 0 0, L_010ED3C8; 1 drivers
v010E5AE0_0 .net "sum", 0 0, L_010ED710; 1 drivers
S_0109A818 .scope module, "add9" "full_adder" 4 16, 5 1, S_0109D4B8;
 .timescale 0 0;
L_010ED4A8 .functor XOR 1, L_010E86F8, L_010E7F10, C4<0>, C4<0>;
L_010ED668 .functor AND 1, L_010ED4A8, L_010E81D0, C4<1>, C4<1>;
L_010ED828 .functor AND 1, L_010E86F8, L_010E7F10, C4<1>, C4<1>;
L_010EBEC8 .functor OR 1, L_010ED668, L_010ED828, C4<0>, C4<0>;
L_010EDB98 .functor XOR 1, L_010E86F8, L_010E7F10, C4<0>, C4<0>;
L_010EDBD0 .functor XOR 1, L_010EDB98, L_010E81D0, C4<0>, C4<0>;
v010E5DA0_0 .net *"_s0", 0 0, L_010ED4A8; 1 drivers
v010E5770_0 .net *"_s2", 0 0, L_010ED668; 1 drivers
v010E5F00_0 .net *"_s4", 0 0, L_010ED828; 1 drivers
v010E5668_0 .net *"_s8", 0 0, L_010EDB98; 1 drivers
v010E5928_0 .net "a", 0 0, L_010E86F8; 1 drivers
v010E56C0_0 .net "b", 0 0, L_010E7F10; 1 drivers
v010E57C8_0 .net "cin", 0 0, L_010E81D0; 1 drivers
v010E5C40_0 .net "cout", 0 0, L_010EBEC8; 1 drivers
v010E59D8_0 .net "sum", 0 0, L_010EDBD0; 1 drivers
S_0109A570 .scope module, "add10" "full_adder" 4 17, 5 1, S_0109D4B8;
 .timescale 0 0;
L_010EDC40 .functor XOR 1, L_010E7F68, L_010E8228, C4<0>, C4<0>;
L_010EE0A0 .functor AND 1, L_010EDC40, L_010E85F0, C4<1>, C4<1>;
L_010EDCE8 .functor AND 1, L_010E7F68, L_010E8228, C4<1>, C4<1>;
L_010EDD58 .functor OR 1, L_010EE0A0, L_010EDCE8, C4<0>, C4<0>;
L_010EDE70 .functor XOR 1, L_010E7F68, L_010E8228, C4<0>, C4<0>;
L_010EDCB0 .functor XOR 1, L_010EDE70, L_010E85F0, C4<0>, C4<0>;
v010E4FE0_0 .net *"_s0", 0 0, L_010EDC40; 1 drivers
v010E5038_0 .net *"_s2", 0 0, L_010EE0A0; 1 drivers
v010E5D48_0 .net *"_s4", 0 0, L_010EDCE8; 1 drivers
v010E5610_0 .net *"_s8", 0 0, L_010EDE70; 1 drivers
v010E5BE8_0 .net "a", 0 0, L_010E7F68; 1 drivers
v010E5E50_0 .net "b", 0 0, L_010E8228; 1 drivers
v010E58D0_0 .net "cin", 0 0, L_010E85F0; 1 drivers
v010E5EA8_0 .net "cout", 0 0, L_010EDD58; 1 drivers
v010E5A30_0 .net "sum", 0 0, L_010EDCB0; 1 drivers
S_0109A2C8 .scope module, "add11" "full_adder" 4 18, 5 1, S_0109D4B8;
 .timescale 0 0;
L_010EDEE0 .functor XOR 1, L_010E7FC0, L_010E80C8, C4<0>, C4<0>;
L_010EE068 .functor AND 1, L_010EDEE0, L_010E8120, C4<1>, C4<1>;
L_010EDFF8 .functor AND 1, L_010E7FC0, L_010E80C8, C4<1>, C4<1>;
L_010EE0D8 .functor OR 1, L_010EE068, L_010EDFF8, C4<0>, C4<0>;
L_010EE180 .functor XOR 1, L_010E7FC0, L_010E80C8, C4<0>, C4<0>;
L_010EDAB8 .functor XOR 1, L_010EE180, L_010E8120, C4<0>, C4<0>;
v010E4B10_0 .net *"_s0", 0 0, L_010EDEE0; 1 drivers
v010E5458_0 .net *"_s2", 0 0, L_010EE068; 1 drivers
v010E5140_0 .net *"_s4", 0 0, L_010EDFF8; 1 drivers
v010E4A60_0 .net *"_s8", 0 0, L_010EE180; 1 drivers
v010E4E80_0 .net "a", 0 0, L_010E7FC0; 1 drivers
v010E4B68_0 .net "b", 0 0, L_010E80C8; 1 drivers
v010E4D78_0 .net "cin", 0 0, L_010E8120; 1 drivers
v010E50E8_0 .net "cout", 0 0, L_010EE0D8; 1 drivers
v010E4ED8_0 .net "sum", 0 0, L_010EDAB8; 1 drivers
S_0109A240 .scope module, "add12" "full_adder" 4 19, 5 1, S_0109D4B8;
 .timescale 0 0;
L_010EE1B8 .functor XOR 1, L_010E8438, L_010E84E8, C4<0>, C4<0>;
L_010EE1F0 .functor AND 1, L_010EE1B8, L_010E82D8, C4<1>, C4<1>;
L_010ED860 .functor AND 1, L_010E8438, L_010E84E8, C4<1>, C4<1>;
L_010EE838 .functor OR 1, L_010EE1F0, L_010ED860, C4<0>, C4<0>;
L_010EE3D8 .functor XOR 1, L_010E8438, L_010E84E8, C4<0>, C4<0>;
L_010EE790 .functor XOR 1, L_010EE3D8, L_010E82D8, C4<0>, C4<0>;
v010E4F88_0 .net *"_s0", 0 0, L_010EE1B8; 1 drivers
v010E4E28_0 .net *"_s2", 0 0, L_010EE1F0; 1 drivers
v010E4D20_0 .net *"_s4", 0 0, L_010ED860; 1 drivers
v010E4A08_0 .net *"_s8", 0 0, L_010EE3D8; 1 drivers
v010E51F0_0 .net "a", 0 0, L_010E8438; 1 drivers
v010E52F8_0 .net "b", 0 0, L_010E84E8; 1 drivers
v010E5350_0 .net "cin", 0 0, L_010E82D8; 1 drivers
v010E53A8_0 .net "cout", 0 0, L_010EE838; 1 drivers
v010E4F30_0 .net "sum", 0 0, L_010EE790; 1 drivers
S_0109A020 .scope module, "add13" "full_adder" 4 20, 5 1, S_0109D4B8;
 .timescale 0 0;
L_010EE480 .functor XOR 1, L_010E8750, L_010E87A8, C4<0>, C4<0>;
L_010EE800 .functor AND 1, L_010EE480, L_010E8858, C4<1>, C4<1>;
L_010EE8A8 .functor AND 1, L_010E8750, L_010E87A8, C4<1>, C4<1>;
L_010EE560 .functor OR 1, L_010EE800, L_010EE8A8, C4<0>, C4<0>;
L_010EE598 .functor XOR 1, L_010E8750, L_010E87A8, C4<0>, C4<0>;
L_010EE950 .functor XOR 1, L_010EE598, L_010E8858, C4<0>, C4<0>;
v010E5090_0 .net *"_s0", 0 0, L_010EE480; 1 drivers
v010E4DD0_0 .net *"_s2", 0 0, L_010EE800; 1 drivers
v010E52A0_0 .net *"_s4", 0 0, L_010EE8A8; 1 drivers
v010E54B0_0 .net *"_s8", 0 0, L_010EE598; 1 drivers
v010E5198_0 .net "a", 0 0, L_010E8750; 1 drivers
v010E4AB8_0 .net "b", 0 0, L_010E87A8; 1 drivers
v010E5248_0 .net "cin", 0 0, L_010E8858; 1 drivers
v010E4C70_0 .net "cout", 0 0, L_010EE560; 1 drivers
v010E4CC8_0 .net "sum", 0 0, L_010EE950; 1 drivers
S_01099F98 .scope module, "add14" "full_adder" 4 21, 5 1, S_0109D4B8;
 .timescale 0 0;
L_010EE678 .functor XOR 1, L_010E8BC8, L_010E91A0, C4<0>, C4<0>;
L_010EE528 .functor AND 1, L_010EE678, L_010E8B18, C4<1>, C4<1>;
L_010EE988 .functor AND 1, L_010E8BC8, L_010E91A0, C4<1>, C4<1>;
L_010EE330 .functor OR 1, L_010EE528, L_010EE988, C4<0>, C4<0>;
L_010EE720 .functor XOR 1, L_010E8BC8, L_010E91A0, C4<0>, C4<0>;
L_010EEA30 .functor XOR 1, L_010EE720, L_010E8B18, C4<0>, C4<0>;
v010E4590_0 .net *"_s0", 0 0, L_010EE678; 1 drivers
v010E4068_0 .net *"_s2", 0 0, L_010EE528; 1 drivers
v010E4278_0 .net *"_s4", 0 0, L_010EE988; 1 drivers
v010E4640_0 .net *"_s8", 0 0, L_010EE720; 1 drivers
v010E42D0_0 .net "a", 0 0, L_010E8BC8; 1 drivers
v010E4328_0 .net "b", 0 0, L_010E91A0; 1 drivers
v010E4BC0_0 .net "cin", 0 0, L_010E8B18; 1 drivers
v010E5400_0 .net "cout", 0 0, L_010EE330; 1 drivers
v010E4C18_0 .net "sum", 0 0, L_010EEA30; 1 drivers
S_01099A48 .scope module, "add15" "full_adder" 4 22, 5 1, S_0109D4B8;
 .timescale 0 0;
L_010EEF60 .functor XOR 1, L_010E8D28, L_010E8F90, C4<0>, C4<0>;
L_010EF4D8 .functor AND 1, L_010EEF60, L_010E9148, C4<1>, C4<1>;
L_010EF430 .functor AND 1, L_010E8D28, L_010E8F90, C4<1>, C4<1>;
L_010EF4A0 .functor OR 1, L_010EF4D8, L_010EF430, C4<0>, C4<0>;
L_010EF0E8 .functor XOR 1, L_010E8D28, L_010E8F90, C4<0>, C4<0>;
L_010EF2E0 .functor XOR 1, L_010EF0E8, L_010E9148, C4<0>, C4<0>;
v010E44E0_0 .net *"_s0", 0 0, L_010EEF60; 1 drivers
v010E4220_0 .net *"_s2", 0 0, L_010EF4D8; 1 drivers
v010E45E8_0 .net *"_s4", 0 0, L_010EF430; 1 drivers
v010E4538_0 .net *"_s8", 0 0, L_010EF0E8; 1 drivers
v010E4850_0 .net "a", 0 0, L_010E8D28; 1 drivers
v010E4900_0 .net "b", 0 0, L_010E8F90; 1 drivers
v010E49B0_0 .net "cin", 0 0, L_010E9148; 1 drivers
v010E3F08_0 .net "cout", 0 0, L_010EF4A0; 1 drivers
v010E3FB8_0 .net "sum", 0 0, L_010EF2E0; 1 drivers
S_0109A708 .scope module, "add16" "full_adder" 4 23, 5 1, S_0109D4B8;
 .timescale 0 0;
L_010EEFD0 .functor XOR 1, L_010E8A10, L_010E8C78, C4<0>, C4<0>;
L_010EF510 .functor AND 1, L_010EEFD0, L_010E91F8, C4<1>, C4<1>;
L_010EF2A8 .functor AND 1, L_010E8A10, L_010E8C78, C4<1>, C4<1>;
L_010EF350 .functor OR 1, L_010EF510, L_010EF2A8, C4<0>, C4<0>;
L_010EEF98 .functor XOR 1, L_010E8A10, L_010E8C78, C4<0>, C4<0>;
L_010EF008 .functor XOR 1, L_010EEF98, L_010E91F8, C4<0>, C4<0>;
v010E4488_0 .net *"_s0", 0 0, L_010EEFD0; 1 drivers
v010E4698_0 .net *"_s2", 0 0, L_010EF510; 1 drivers
v010E47A0_0 .net *"_s4", 0 0, L_010EF2A8; 1 drivers
v010E47F8_0 .net *"_s8", 0 0, L_010EEF98; 1 drivers
v010E3F60_0 .net "a", 0 0, L_010E8A10; 1 drivers
v010E4010_0 .net "b", 0 0, L_010E8C78; 1 drivers
v010E4380_0 .net "cin", 0 0, L_010E91F8; 1 drivers
v010E4748_0 .net "cout", 0 0, L_010EF350; 1 drivers
v010E48A8_0 .net "sum", 0 0, L_010EF008; 1 drivers
S_0109A350 .scope module, "add17" "full_adder" 4 24, 5 1, S_0109D4B8;
 .timescale 0 0;
L_010EF318 .functor XOR 1, L_010E93B0, L_010E8D80, C4<0>, C4<0>;
L_010EF200 .functor AND 1, L_010EF318, L_010E9040, C4<1>, C4<1>;
L_010EF120 .functor AND 1, L_010E93B0, L_010E8D80, C4<1>, C4<1>;
L_010EF660 .functor OR 1, L_010EF200, L_010EF120, C4<0>, C4<0>;
L_010EFD48 .functor XOR 1, L_010E93B0, L_010E8D80, C4<0>, C4<0>;
L_010EFB88 .functor XOR 1, L_010EFD48, L_010E9040, C4<0>, C4<0>;
v010E3A90_0 .net *"_s0", 0 0, L_010EF318; 1 drivers
v010E4118_0 .net *"_s2", 0 0, L_010EF200; 1 drivers
v010E40C0_0 .net *"_s4", 0 0, L_010EF120; 1 drivers
v010E4170_0 .net *"_s8", 0 0, L_010EFD48; 1 drivers
v010E43D8_0 .net "a", 0 0, L_010E93B0; 1 drivers
v010E4958_0 .net "b", 0 0, L_010E8D80; 1 drivers
v010E4430_0 .net "cin", 0 0, L_010E9040; 1 drivers
v010E41C8_0 .net "cout", 0 0, L_010EF660; 1 drivers
v010E46F0_0 .net "sum", 0 0, L_010EFB88; 1 drivers
S_010998B0 .scope module, "add18" "full_adder" 4 25, 5 1, S_0109D4B8;
 .timescale 0 0;
L_010EFC30 .functor XOR 1, L_010E8DD8, L_010E9250, C4<0>, C4<0>;
L_010EFE28 .functor AND 1, L_010EFC30, L_010E8E88, C4<1>, C4<1>;
L_010EFFE8 .functor AND 1, L_010E8DD8, L_010E9250, C4<1>, C4<1>;
L_010F0100 .functor OR 1, L_010EFE28, L_010EFFE8, C4<0>, C4<0>;
L_010F0138 .functor XOR 1, L_010E8DD8, L_010E9250, C4<0>, C4<0>;
L_010EFE98 .functor XOR 1, L_010F0138, L_010E8E88, C4<0>, C4<0>;
v010E38D8_0 .net *"_s0", 0 0, L_010EFC30; 1 drivers
v010E3778_0 .net *"_s2", 0 0, L_010EFE28; 1 drivers
v010E3CF8_0 .net *"_s4", 0 0, L_010EFFE8; 1 drivers
v010E3408_0 .net *"_s8", 0 0, L_010F0138; 1 drivers
v010E3880_0 .net "a", 0 0, L_010E8DD8; 1 drivers
v010E3460_0 .net "b", 0 0, L_010E9250; 1 drivers
v010E3988_0 .net "cin", 0 0, L_010E8E88; 1 drivers
v010E34B8_0 .net "cout", 0 0, L_010F0100; 1 drivers
v010E3A38_0 .net "sum", 0 0, L_010EFE98; 1 drivers
S_0109A1B8 .scope module, "add19" "full_adder" 4 26, 5 1, S_0109D4B8;
 .timescale 0 0;
L_010EFB18 .functor XOR 1, L_010E8A68, L_010E8B70, C4<0>, C4<0>;
L_010EFFB0 .functor AND 1, L_010EFB18, L_010E8EE0, C4<1>, C4<1>;
L_010F0020 .functor AND 1, L_010E8A68, L_010E8B70, C4<1>, C4<1>;
L_010F0058 .functor OR 1, L_010EFFB0, L_010F0020, C4<0>, C4<0>;
L_010EFDB8 .functor XOR 1, L_010E8A68, L_010E8B70, C4<0>, C4<0>;
L_010EFCD8 .functor XOR 1, L_010EFDB8, L_010E8EE0, C4<0>, C4<0>;
v010E3930_0 .net *"_s0", 0 0, L_010EFB18; 1 drivers
v010E3E00_0 .net *"_s2", 0 0, L_010EFFB0; 1 drivers
v010E3618_0 .net *"_s4", 0 0, L_010F0020; 1 drivers
v010E3B98_0 .net *"_s8", 0 0, L_010EFDB8; 1 drivers
v010E3E58_0 .net "a", 0 0, L_010E8A68; 1 drivers
v010E3EB0_0 .net "b", 0 0, L_010E8B70; 1 drivers
v010E36C8_0 .net "cin", 0 0, L_010E8EE0; 1 drivers
v010E3720_0 .net "cout", 0 0, L_010F0058; 1 drivers
v010E3BF0_0 .net "sum", 0 0, L_010EFCD8; 1 drivers
S_0109A790 .scope module, "add20" "full_adder" 4 27, 5 1, S_0109D4B8;
 .timescale 0 0;
L_010F0170 .functor XOR 1, L_010E92A8, L_010E9F08, C4<0>, C4<0>;
L_010F01E0 .functor AND 1, L_010F0170, L_010E9778, C4<1>, C4<1>;
L_010EF190 .functor AND 1, L_010E92A8, L_010E9F08, C4<1>, C4<1>;
L_010F09B0 .functor OR 1, L_010F01E0, L_010EF190, C4<0>, C4<0>;
L_010F0400 .functor XOR 1, L_010E92A8, L_010E9F08, C4<0>, C4<0>;
L_010F0588 .functor XOR 1, L_010F0400, L_010E9778, C4<0>, C4<0>;
v010E3C48_0 .net *"_s0", 0 0, L_010F0170; 1 drivers
v010E39E0_0 .net *"_s2", 0 0, L_010F01E0; 1 drivers
v010E3CA0_0 .net *"_s4", 0 0, L_010EF190; 1 drivers
v010E3670_0 .net *"_s8", 0 0, L_010F0400; 1 drivers
v010E3DA8_0 .net "a", 0 0, L_010E92A8; 1 drivers
v010E3568_0 .net "b", 0 0, L_010E9F08; 1 drivers
v010E3828_0 .net "cin", 0 0, L_010E9778; 1 drivers
v010E35C0_0 .net "cout", 0 0, L_010F09B0; 1 drivers
v010E3B40_0 .net "sum", 0 0, L_010F0588; 1 drivers
S_0109A3D8 .scope module, "add21" "full_adder" 4 28, 5 1, S_0109D4B8;
 .timescale 0 0;
L_010F0828 .functor XOR 1, L_010E9AE8, L_010E9B40, C4<0>, C4<0>;
L_010F0278 .functor AND 1, L_010F0828, L_010E9CA0, C4<1>, C4<1>;
L_010F05F8 .functor AND 1, L_010E9AE8, L_010E9B40, C4<1>, C4<1>;
L_010F0470 .functor OR 1, L_010F0278, L_010F05F8, C4<0>, C4<0>;
L_010F0630 .functor XOR 1, L_010E9AE8, L_010E9B40, C4<0>, C4<0>;
L_010F0358 .functor XOR 1, L_010F0630, L_010E9CA0, C4<0>, C4<0>;
v010E0BD0_0 .net *"_s0", 0 0, L_010F0828; 1 drivers
v010E0808_0 .net *"_s2", 0 0, L_010F0278; 1 drivers
v010E0C28_0 .net *"_s4", 0 0, L_010F05F8; 1 drivers
v010E0D88_0 .net *"_s8", 0 0, L_010F0630; 1 drivers
v010E03E8_0 .net "a", 0 0, L_010E9AE8; 1 drivers
v010E3510_0 .net "b", 0 0, L_010E9B40; 1 drivers
v010E3AE8_0 .net "cin", 0 0, L_010E9CA0; 1 drivers
v010E3D50_0 .net "cout", 0 0, L_010F0470; 1 drivers
v010E37D0_0 .net "sum", 0 0, L_010F0358; 1 drivers
S_0109A4E8 .scope module, "add22" "full_adder" 4 29, 5 1, S_0109D4B8;
 .timescale 0 0;
L_010F07F0 .functor XOR 1, L_010E97D0, L_010E9EB0, C4<0>, C4<0>;
L_010F0668 .functor AND 1, L_010F07F0, L_010E98D8, C4<1>, C4<1>;
L_010F04A8 .functor AND 1, L_010E97D0, L_010E9EB0, C4<1>, C4<1>;
L_010F02B0 .functor OR 1, L_010F0668, L_010F04A8, C4<0>, C4<0>;
L_010F0780 .functor XOR 1, L_010E97D0, L_010E9EB0, C4<0>, C4<0>;
L_010F08D0 .functor XOR 1, L_010F0780, L_010E98D8, C4<0>, C4<0>;
v010E0D30_0 .net *"_s0", 0 0, L_010F07F0; 1 drivers
v010E0910_0 .net *"_s2", 0 0, L_010F0668; 1 drivers
v010E0A70_0 .net *"_s4", 0 0, L_010F04A8; 1 drivers
v010E0E90_0 .net *"_s8", 0 0, L_010F0780; 1 drivers
v010E0AC8_0 .net "a", 0 0, L_010E97D0; 1 drivers
v010E0B20_0 .net "b", 0 0, L_010E9EB0; 1 drivers
v010E07B0_0 .net "cin", 0 0, L_010E98D8; 1 drivers
v010E0B78_0 .net "cout", 0 0, L_010F02B0; 1 drivers
v010E0498_0 .net "sum", 0 0, L_010F08D0; 1 drivers
S_0109D320 .scope module, "add23" "full_adder" 4 30, 5 1, S_0109D4B8;
 .timescale 0 0;
L_010EF3C0 .functor XOR 1, L_010E9618, L_010E9F60, C4<0>, C4<0>;
L_010F1238 .functor AND 1, L_010EF3C0, L_010E9B98, C4<1>, C4<1>;
L_010F0E80 .functor AND 1, L_010E9618, L_010E9F60, C4<1>, C4<1>;
L_010F0F28 .functor OR 1, L_010F1238, L_010F0E80, C4<0>, C4<0>;
L_010F12E0 .functor XOR 1, L_010E9618, L_010E9F60, C4<0>, C4<0>;
L_010F1318 .functor XOR 1, L_010F12E0, L_010E9B98, C4<0>, C4<0>;
v010E0650_0 .net *"_s0", 0 0, L_010EF3C0; 1 drivers
v010E06A8_0 .net *"_s2", 0 0, L_010F1238; 1 drivers
v010E08B8_0 .net *"_s4", 0 0, L_010F0E80; 1 drivers
v010E0700_0 .net *"_s8", 0 0, L_010F12E0; 1 drivers
v010E0E38_0 .net "a", 0 0, L_010E9618; 1 drivers
v010E0968_0 .net "b", 0 0, L_010E9F60; 1 drivers
v010E0758_0 .net "cin", 0 0, L_010E9B98; 1 drivers
v010E04F0_0 .net "cout", 0 0, L_010F0F28; 1 drivers
v010E09C0_0 .net "sum", 0 0, L_010F1318; 1 drivers
S_0109CC38 .scope module, "add24" "full_adder" 4 31, 5 1, S_0109D4B8;
 .timescale 0 0;
L_010F0F98 .functor XOR 1, L_010E9930, L_010E9E00, C4<0>, C4<0>;
L_010F0C50 .functor AND 1, L_010F0F98, L_010E9D50, C4<1>, C4<1>;
L_010F10B0 .functor AND 1, L_010E9930, L_010E9E00, C4<1>, C4<1>;
L_010F1120 .functor OR 1, L_010F0C50, L_010F10B0, C4<0>, C4<0>;
L_010F10E8 .functor XOR 1, L_010E9930, L_010E9E00, C4<0>, C4<0>;
L_010F1040 .functor XOR 1, L_010F10E8, L_010E9D50, C4<0>, C4<0>;
v010E0DE0_0 .net *"_s0", 0 0, L_010F0F98; 1 drivers
v010E05A0_0 .net *"_s2", 0 0, L_010F0C50; 1 drivers
v010E0860_0 .net *"_s4", 0 0, L_010F10B0; 1 drivers
v010E0C80_0 .net *"_s8", 0 0, L_010F10E8; 1 drivers
v010E0CD8_0 .net "a", 0 0, L_010E9930; 1 drivers
v010E0A18_0 .net "b", 0 0, L_010E9E00; 1 drivers
v010E0440_0 .net "cin", 0 0, L_010E9D50; 1 drivers
v010E0548_0 .net "cout", 0 0, L_010F1120; 1 drivers
v010E05F8_0 .net "sum", 0 0, L_010F1040; 1 drivers
S_0109CE58 .scope module, "add25" "full_adder" 4 32, 5 1, S_0109D4B8;
 .timescale 0 0;
L_010F0FD0 .functor XOR 1, L_010E9FB8, L_010E9CF8, C4<0>, C4<0>;
L_010F1200 .functor AND 1, L_010F0FD0, L_010E9880, C4<1>, C4<1>;
L_010F0CC0 .functor AND 1, L_010E9FB8, L_010E9CF8, C4<1>, C4<1>;
L_010F0D68 .functor OR 1, L_010F1200, L_010F0CC0, C4<0>, C4<0>;
L_010F15F0 .functor XOR 1, L_010E9FB8, L_010E9CF8, C4<0>, C4<0>;
L_010F1628 .functor XOR 1, L_010F15F0, L_010E9880, C4<0>, C4<0>;
v010DFBA8_0 .net *"_s0", 0 0, L_010F0FD0; 1 drivers
v010DFC00_0 .net *"_s2", 0 0, L_010F1200; 1 drivers
v010DFD60_0 .net *"_s4", 0 0, L_010F0CC0; 1 drivers
v010DFD08_0 .net *"_s8", 0 0, L_010F15F0; 1 drivers
v010DFDB8_0 .net "a", 0 0, L_010E9FB8; 1 drivers
v010DFE10_0 .net "b", 0 0, L_010E9CF8; 1 drivers
v010DFEC0_0 .net "cin", 0 0, L_010E9880; 1 drivers
v010DFFC8_0 .net "cout", 0 0, L_010F0D68; 1 drivers
v010E0078_0 .net "sum", 0 0, L_010F1628; 1 drivers
S_0109CBB0 .scope module, "add26" "full_adder" 4 33, 5 1, S_0109D4B8;
 .timescale 0 0;
L_010F14A0 .functor XOR 1, L_010E9A38, L_010E9A90, C4<0>, C4<0>;
L_010F14D8 .functor AND 1, L_010F14A0, L_010E9BF0, C4<1>, C4<1>;
L_010F13C0 .functor AND 1, L_010E9A38, L_010E9A90, C4<1>, C4<1>;
L_010F1510 .functor OR 1, L_010F14D8, L_010F13C0, C4<0>, C4<0>;
L_010F1698 .functor XOR 1, L_010E9A38, L_010E9A90, C4<0>, C4<0>;
L_010F1388 .functor XOR 1, L_010F1698, L_010E9BF0, C4<0>, C4<0>;
v010E00D0_0 .net *"_s0", 0 0, L_010F14A0; 1 drivers
v010E0338_0 .net *"_s2", 0 0, L_010F14D8; 1 drivers
v010DFAF8_0 .net *"_s4", 0 0, L_010F13C0; 1 drivers
v010DFF70_0 .net *"_s8", 0 0, L_010F1698; 1 drivers
v010E0020_0 .net "a", 0 0, L_010E9A38; 1 drivers
v010DFB50_0 .net "b", 0 0, L_010E9A90; 1 drivers
v010E0230_0 .net "cin", 0 0, L_010E9BF0; 1 drivers
v010DF940_0 .net "cout", 0 0, L_010F1510; 1 drivers
v010DFF18_0 .net "sum", 0 0, L_010F1388; 1 drivers
S_0109D7E8 .scope module, "add27" "full_adder" 4 34, 5 1, S_0109D4B8;
 .timescale 0 0;
L_010F1858 .functor XOR 1, L_010EA010, L_010EA220, C4<0>, C4<0>;
L_010F1890 .functor AND 1, L_010F1858, L_010EA0C0, C4<1>, C4<1>;
L_010F1580 .functor AND 1, L_010EA010, L_010EA220, C4<1>, C4<1>;
L_010F1708 .functor OR 1, L_010F1890, L_010F1580, C4<0>, C4<0>;
L_010F17B0 .functor XOR 1, L_010EA010, L_010EA220, C4<0>, C4<0>;
L_010F18C8 .functor XOR 1, L_010F17B0, L_010EA0C0, C4<0>, C4<0>;
v010DF9F0_0 .net *"_s0", 0 0, L_010F1858; 1 drivers
v010E0128_0 .net *"_s2", 0 0, L_010F1890; 1 drivers
v010E0288_0 .net *"_s4", 0 0, L_010F1580; 1 drivers
v010DFAA0_0 .net *"_s8", 0 0, L_010F17B0; 1 drivers
v010DF8E8_0 .net "a", 0 0, L_010EA010; 1 drivers
v010DFCB0_0 .net "b", 0 0, L_010EA220; 1 drivers
v010DFE68_0 .net "cin", 0 0, L_010EA0C0; 1 drivers
v010DFA48_0 .net "cout", 0 0, L_010F1708; 1 drivers
v010E01D8_0 .net "sum", 0 0, L_010F18C8; 1 drivers
S_0109CD48 .scope module, "add28" "full_adder" 4 35, 5 1, S_0109D4B8;
 .timescale 0 0;
L_010F1BD8 .functor XOR 1, L_010EA068, L_010EA538, C4<0>, C4<0>;
L_010F1BA0 .functor AND 1, L_010F1BD8, L_010EA278, C4<1>, C4<1>;
L_010F1AC0 .functor AND 1, L_010EA068, L_010EA538, C4<1>, C4<1>;
L_010F1B30 .functor OR 1, L_010F1BA0, L_010F1AC0, C4<0>, C4<0>;
L_010F3990 .functor XOR 1, L_010EA068, L_010EA538, C4<0>, C4<0>;
L_010F3AE0 .functor XOR 1, L_010F3990, L_010EA278, C4<0>, C4<0>;
v010E10A0_0 .net *"_s0", 0 0, L_010F1BD8; 1 drivers
v010E1150_0 .net *"_s2", 0 0, L_010F1BA0; 1 drivers
v010E1308_0 .net *"_s4", 0 0, L_010F1AC0; 1 drivers
v010E11A8_0 .net *"_s8", 0 0, L_010F3990; 1 drivers
v010E02E0_0 .net "a", 0 0, L_010EA068; 1 drivers
v010E0180_0 .net "b", 0 0, L_010EA538; 1 drivers
v010E0390_0 .net "cin", 0 0, L_010EA278; 1 drivers
v010DFC58_0 .net "cout", 0 0, L_010F1B30; 1 drivers
v010DF998_0 .net "sum", 0 0, L_010F3AE0; 1 drivers
S_0109D760 .scope module, "add29" "full_adder" 4 36, 5 1, S_0109D4B8;
 .timescale 0 0;
L_010F3D10 .functor XOR 1, L_010EA5E8, L_010EA328, C4<0>, C4<0>;
L_010F3E28 .functor AND 1, L_010F3D10, L_010EA380, C4<1>, C4<1>;
L_010F3E60 .functor AND 1, L_010EA5E8, L_010EA328, C4<1>, C4<1>;
L_010F3DF0 .functor OR 1, L_010F3E28, L_010F3E60, C4<0>, C4<0>;
L_010F3BF8 .functor XOR 1, L_010EA5E8, L_010EA328, C4<0>, C4<0>;
L_010F3A38 .functor XOR 1, L_010F3BF8, L_010EA380, C4<0>, C4<0>;
v010E1518_0 .net *"_s0", 0 0, L_010F3D10; 1 drivers
v010E15C8_0 .net *"_s2", 0 0, L_010F3E28; 1 drivers
v010E16D0_0 .net *"_s4", 0 0, L_010F3E60; 1 drivers
v010E1780_0 .net *"_s8", 0 0, L_010F3BF8; 1 drivers
v010E17D8_0 .net "a", 0 0, L_010EA5E8; 1 drivers
v010E0EE8_0 .net "b", 0 0, L_010EA328; 1 drivers
v010E0F40_0 .net "cin", 0 0, L_010EA380; 1 drivers
v010E0FF0_0 .net "cout", 0 0, L_010F3DF0; 1 drivers
v010E0F98_0 .net "sum", 0 0, L_010F3A38; 1 drivers
S_0109D540 .scope module, "add30" "full_adder" 4 37, 5 1, S_0109D4B8;
 .timescale 0 0;
L_010F3C68 .functor XOR 1, L_010EA7A0, L_010EA430, C4<0>, C4<0>;
L_010F3CD8 .functor AND 1, L_010F3C68, L_010EA118, C4<1>, C4<1>;
L_010F3B88 .functor AND 1, L_010EA7A0, L_010EA430, C4<1>, C4<1>;
L_010F3DB8 .functor OR 1, L_010F3CD8, L_010F3B88, C4<0>, C4<0>;
L_010F38E8 .functor XOR 1, L_010EA7A0, L_010EA430, C4<0>, C4<0>;
L_010F3808 .functor XOR 1, L_010F38E8, L_010EA118, C4<0>, C4<0>;
v010E1200_0 .net *"_s0", 0 0, L_010F3C68; 1 drivers
v010E1728_0 .net *"_s2", 0 0, L_010F3CD8; 1 drivers
v010E1360_0 .net *"_s4", 0 0, L_010F3B88; 1 drivers
v010E1410_0 .net *"_s8", 0 0, L_010F38E8; 1 drivers
v010E1620_0 .net "a", 0 0, L_010EA7A0; 1 drivers
v010E1258_0 .net "b", 0 0, L_010EA430; 1 drivers
v010E1048_0 .net "cin", 0 0, L_010EA118; 1 drivers
v010E12B0_0 .net "cout", 0 0, L_010F3DB8; 1 drivers
v010E1830_0 .net "sum", 0 0, L_010F3808; 1 drivers
S_0109D6D8 .scope module, "add31" "full_adder" 4 38, 5 1, S_0109D4B8;
 .timescale 0 0;
L_010F3F08 .functor XOR 1, L_010EA170, L_010EA4E0, C4<0>, C4<0>;
L_010F3F40 .functor AND 1, L_010F3F08, L_010EA590, C4<1>, C4<1>;
L_010F3E98 .functor AND 1, L_010EA170, L_010EA4E0, C4<1>, C4<1>;
L_010F3FE8 .functor OR 1, L_010F3F40, L_010F3E98, C4<0>, C4<0>;
L_010F3300 .functor XOR 1, L_010EA170, L_010EA4E0, C4<0>, C4<0>;
L_010F30D0 .functor XOR 1, L_010F3300, L_010EA590, C4<0>, C4<0>;
v010DEB18_0 .net *"_s0", 0 0, L_010F3F08; 1 drivers
v010DE4E8_0 .net *"_s2", 0 0, L_010F3F40; 1 drivers
v010DE540_0 .net *"_s4", 0 0, L_010F3E98; 1 drivers
v010E1468_0 .net *"_s8", 0 0, L_010F3300; 1 drivers
v010E14C0_0 .net "a", 0 0, L_010EA170; 1 drivers
v010E1678_0 .net "b", 0 0, L_010EA4E0; 1 drivers
v010E13B8_0 .net "cin", 0 0, L_010EA590; 1 drivers
v010E10F8_0 .net "cout", 0 0, L_010F3FE8; 1 drivers
v010E1570_0 .net "sum", 0 0, L_010F30D0; 1 drivers
S_0109CA18 .scope module, "sub" "ripple_carry_adder" 3 13, 4 1, S_0109BDE0;
 .timescale 0 0;
v010DE9B8_0 .alias "a", 31 0, v010E71A8_0;
v010DE438_0 .net "b", 31 0, L_01101A38; 1 drivers
RS_010A837C/0/0 .resolv tri, L_010F7240, L_010F6F28, L_010F7348, L_010F73F8;
RS_010A837C/0/4 .resolv tri, L_010F75B0, L_010F7660, L_010F8210, L_010F7B88;
RS_010A837C/0/8 .resolv tri, L_010F7EF8, L_010F7870, L_010F7F50, L_010F7C38;
RS_010A837C/0/12 .resolv tri, L_010F83C8, L_010F8790, L_010F8370, L_010F87E8;
RS_010A837C/0/16 .resolv tri, L_010F8898, L_010F53A8, L_010F4E28, L_010F56C0;
RS_010A837C/0/20 .resolv tri, L_010F55B8, L_010F5248, L_010F5350, L_010F5560;
RS_010A837C/0/24 .resolv tri, L_010F5BE8, L_010F5C40, L_010F5820, L_010F5E50;
RS_010A837C/0/28 .resolv tri, L_010F5A88, L_010F6060, L_010F6588, L_010F64D8;
RS_010A837C/1/0 .resolv tri, RS_010A837C/0/0, RS_010A837C/0/4, RS_010A837C/0/8, RS_010A837C/0/12;
RS_010A837C/1/4 .resolv tri, RS_010A837C/0/16, RS_010A837C/0/20, RS_010A837C/0/24, RS_010A837C/0/28;
RS_010A837C .resolv tri, RS_010A837C/1/0, RS_010A837C/1/4, C4<zzzzzzzzzzzzzzzzzzzzzzzzzzzzzzzz>, C4<zzzzzzzzzzzzzzzzzzzzzzzzzzzzzzzz>;
v010DE858_0 .net8 "carry", 31 0, RS_010A837C; 32 drivers
v010DEAC0_0 .alias "f_cin", 0 0, v010E6A70_0;
v010DEA10_0 .alias "result", 31 0, v010E69C0_0;
L_010F7088 .part v010E7150_0, 0, 1;
L_010F70E0 .part L_01101A38, 0, 1;
L_010F7240 .part/pv L_010F33E0, 0, 1, 32;
L_010F7298 .part/pv L_010F31E8, 0, 1, 32;
L_010F7190 .part v010E7150_0, 1, 1;
L_010F6D18 .part L_01101A38, 1, 1;
L_010F6D70 .part RS_010A837C, 0, 1;
L_010F6F28 .part/pv L_010F3568, 1, 1, 32;
L_010F7500 .part/pv L_010F35A0, 1, 1, 32;
L_010F6E78 .part v010E7150_0, 2, 1;
L_010F7138 .part L_01101A38, 2, 1;
L_010F7710 .part RS_010A837C, 1, 1;
L_010F7348 .part/pv L_010F8F20, 2, 1, 32;
L_010F6ED0 .part/pv L_010F8CB8, 2, 1, 32;
L_010F73A0 .part v010E7150_0, 3, 1;
L_010F76B8 .part L_01101A38, 3, 1;
L_010F6E20 .part RS_010A837C, 2, 1;
L_010F73F8 .part/pv L_010F9038, 3, 1, 32;
L_010F6DC8 .part/pv L_010F9230, 3, 1, 32;
L_010F7450 .part v010E7150_0, 4, 1;
L_010F7558 .part L_01101A38, 4, 1;
L_010F74A8 .part RS_010A837C, 3, 1;
L_010F75B0 .part/pv L_010F99D8, 4, 1, 32;
L_010F6F80 .part/pv L_010F9738, 4, 1, 32;
L_010F7608 .part v010E7150_0, 5, 1;
L_010F7030 .part L_01101A38, 5, 1;
L_010F6FD8 .part RS_010A837C, 4, 1;
L_010F7660 .part/pv L_010F98C0, 5, 1, 32;
L_010F77C0 .part/pv L_010F9658, 5, 1, 32;
L_010F7768 .part v010E7150_0, 6, 1;
L_010F7C90 .part L_01101A38, 6, 1;
L_010F8160 .part RS_010A837C, 5, 1;
L_010F8210 .part/pv L_010F9700, 6, 1, 32;
L_010F7CE8 .part/pv L_010F9380, 6, 1, 32;
L_010F7D98 .part v010E7150_0, 8, 1;
L_010F8058 .part L_01101A38, 8, 1;
L_010F7818 .part RS_010A837C, 7, 1;
L_010F7B88 .part/pv L_010F9A48, 8, 1, 32;
L_010F80B0 .part/pv L_010FB240, 8, 1, 32;
L_010F8268 .part v010E7150_0, 7, 1;
L_010F7D40 .part L_01101A38, 7, 1;
L_010F7DF0 .part RS_010A837C, 6, 1;
L_010F7EF8 .part/pv L_010FAC90, 7, 1, 32;
L_010F81B8 .part/pv L_010FB198, 7, 1, 32;
L_010F8108 .part v010E7150_0, 9, 1;
L_010F7BE0 .part L_01101A38, 9, 1;
L_010F78C8 .part RS_010A837C, 8, 1;
L_010F7870 .part/pv L_010FB010, 9, 1, 32;
L_010F7E48 .part/pv L_010FB128, 9, 1, 32;
L_010F7A80 .part v010E7150_0, 10, 1;
L_010F7A28 .part L_01101A38, 10, 1;
L_010F7EA0 .part RS_010A837C, 9, 1;
L_010F7F50 .part/pv L_010FB908, 10, 1, 32;
L_010F7AD8 .part/pv L_010FB4A8, 10, 1, 32;
L_010F7FA8 .part v010E7150_0, 11, 1;
L_010F7920 .part L_01101A38, 11, 1;
L_010F82C0 .part RS_010A837C, 10, 1;
L_010F7C38 .part/pv L_010FB710, 11, 1, 32;
L_010F8000 .part/pv L_010FB358, 11, 1, 32;
L_010F7978 .part v010E7150_0, 12, 1;
L_010F7B30 .part L_01101A38, 12, 1;
L_010F79D0 .part RS_010A837C, 11, 1;
L_010F83C8 .part/pv L_010FB860, 12, 1, 32;
L_010F86E0 .part/pv L_010FBBA8, 12, 1, 32;
L_010F84D0 .part v010E7150_0, 13, 1;
L_010F8528 .part L_01101A38, 13, 1;
L_010F8580 .part RS_010A837C, 12, 1;
L_010F8790 .part/pv L_010FD2B8, 13, 1, 32;
L_010F8630 .part/pv L_010FD2F0, 13, 1, 32;
L_010F85D8 .part v010E7150_0, 14, 1;
L_010F8318 .part L_01101A38, 14, 1;
L_010F8688 .part RS_010A837C, 13, 1;
L_010F8370 .part/pv L_010FD6A8, 14, 1, 32;
L_010F8B58 .part/pv L_010FD408, 14, 1, 32;
L_010F8420 .part v010E7150_0, 15, 1;
L_010F8738 .part L_01101A38, 15, 1;
L_010F8478 .part RS_010A837C, 14, 1;
L_010F87E8 .part/pv L_010FD6E0, 15, 1, 32;
L_010F88F0 .part/pv L_010FDA28, 15, 1, 32;
L_010F8840 .part v010E7150_0, 16, 1;
L_010F8948 .part L_01101A38, 16, 1;
L_010F89F8 .part RS_010A837C, 15, 1;
L_010F8898 .part/pv L_010FD8D8, 16, 1, 32;
L_010F89A0 .part/pv L_010FDA98, 16, 1, 32;
L_010F8A50 .part v010E7150_0, 17, 1;
L_010F8AA8 .part L_01101A38, 17, 1;
L_010F8B00 .part RS_010A837C, 16, 1;
L_010F53A8 .part/pv L_010FBD80, 17, 1, 32;
L_010F4E80 .part/pv L_010FC2C0, 17, 1, 32;
L_010F4C70 .part v010E7150_0, 18, 1;
L_010F52A0 .part L_01101A38, 18, 1;
L_010F4FE0 .part RS_010A837C, 17, 1;
L_010F4E28 .part/pv L_010FC100, 18, 1, 32;
L_010F4F30 .part/pv L_010FC218, 18, 1, 32;
L_010F4C18 .part v010E7150_0, 19, 1;
L_010F51F0 .part L_01101A38, 19, 1;
L_010F50E8 .part RS_010A837C, 18, 1;
L_010F56C0 .part/pv L_010FBFE8, 19, 1, 32;
L_010F5198 .part/pv L_010FC8E0, 19, 1, 32;
L_010F4D78 .part v010E7150_0, 20, 1;
L_010F5140 .part L_01101A38, 20, 1;
L_010F5458 .part RS_010A837C, 19, 1;
L_010F55B8 .part/pv L_010FC9F8, 20, 1, 32;
L_010F5090 .part/pv L_010FC720, 20, 1, 32;
L_010F4F88 .part v010E7150_0, 21, 1;
L_010F5610 .part L_01101A38, 21, 1;
L_010F4ED8 .part RS_010A837C, 20, 1;
L_010F5248 .part/pv L_010FC560, 21, 1, 32;
L_010F5038 .part/pv L_010FC790, 21, 1, 32;
L_010F4CC8 .part v010E7150_0, 22, 1;
L_010F52F8 .part L_01101A38, 22, 1;
L_010F5668 .part RS_010A837C, 21, 1;
L_010F5350 .part/pv L_010FCC28, 22, 1, 32;
L_010F5400 .part/pv L_010FCA68, 22, 1, 32;
L_010F4D20 .part v010E7150_0, 23, 1;
L_010F54B0 .part L_01101A38, 23, 1;
L_010F5508 .part RS_010A837C, 22, 1;
L_010F5560 .part/pv L_010FCE90, 23, 1, 32;
L_010F4DD0 .part/pv L_010FCE20, 23, 1, 32;
L_010F5CF0 .part v010E7150_0, 24, 1;
L_010F5B38 .part L_01101A38, 24, 1;
L_010F58D0 .part RS_010A837C, 23, 1;
L_010F5BE8 .part/pv L_011002D0, 24, 1, 32;
L_010F5EA8 .part/pv L_010FFFC0, 24, 1, 32;
L_010F61C0 .part v010E7150_0, 25, 1;
L_010F60B8 .part L_01101A38, 25, 1;
L_010F5D48 .part RS_010A837C, 24, 1;
L_010F5C40 .part/pv L_01100570, 25, 1, 32;
L_010F5928 .part/pv L_011003E8, 25, 1, 32;
L_010F5C98 .part v010E7150_0, 26, 1;
L_010F5718 .part L_01101A38, 26, 1;
L_010F5A30 .part RS_010A837C, 25, 1;
L_010F5820 .part/pv L_01100148, 26, 1, 32;
L_010F5770 .part/pv L_01100B90, 26, 1, 32;
L_010F57C8 .part v010E7150_0, 27, 1;
L_010F5980 .part L_01101A38, 27, 1;
L_010F5F00 .part RS_010A837C, 26, 1;
L_010F5E50 .part/pv L_011008B8, 27, 1, 32;
L_010F5878 .part/pv L_01100D18, 27, 1, 32;
L_010F59D8 .part v010E7150_0, 28, 1;
L_010F5DA0 .part L_01101A38, 28, 1;
L_010F6110 .part RS_010A837C, 27, 1;
L_010F5A88 .part/pv L_01100A40, 28, 1, 32;
L_010F5AE0 .part/pv L_01100B20, 28, 1, 32;
L_010F5F58 .part v010E7150_0, 29, 1;
L_010F5FB0 .part L_01101A38, 29, 1;
L_010F6008 .part RS_010A837C, 28, 1;
L_010F6060 .part/pv L_01101258, 29, 1, 32;
L_010F6168 .part/pv L_01100F80, 29, 1, 32;
L_010F5B90 .part v010E7150_0, 30, 1;
L_010F5DF8 .part L_01101A38, 30, 1;
L_010F6690 .part RS_010A837C, 29, 1;
L_010F6588 .part/pv L_01101290, 30, 1, 32;
L_010F6218 .part/pv L_01100FF0, 30, 1, 32;
L_010F6798 .part v010E7150_0, 31, 1;
L_010F66E8 .part L_01101A38, 31, 1;
L_010F6A00 .part RS_010A837C, 30, 1;
L_010F64D8 .part/pv L_01100DF8, 31, 1, 32;
L_010F62C8 .part/pv L_01101808, 31, 1, 32;
S_0109D298 .scope module, "add0" "full_adder" 4 7, 5 1, S_0109CA18;
 .timescale 0 0;
L_010F3760 .functor XOR 1, L_010F7088, L_010F70E0, C4<0>, C4<0>;
L_010F3290 .functor AND 1, L_010F3760, L_010E6C80, C4<1>, C4<1>;
L_010F3108 .functor AND 1, L_010F7088, L_010F70E0, C4<1>, C4<1>;
L_010F33E0 .functor OR 1, L_010F3290, L_010F3108, C4<0>, C4<0>;
L_010F34F8 .functor XOR 1, L_010F7088, L_010F70E0, C4<0>, C4<0>;
L_010F31E8 .functor XOR 1, L_010F34F8, L_010E6C80, C4<0>, C4<0>;
v010DE960_0 .net *"_s0", 0 0, L_010F3760; 1 drivers
v010DE800_0 .net *"_s2", 0 0, L_010F3290; 1 drivers
v010DE750_0 .net *"_s4", 0 0, L_010F3108; 1 drivers
v010DE3E0_0 .net *"_s8", 0 0, L_010F34F8; 1 drivers
v010DEBC8_0 .net "a", 0 0, L_010F7088; 1 drivers
v010DECD0_0 .net "b", 0 0, L_010F70E0; 1 drivers
v010DED80_0 .alias "cin", 0 0, v010E6A70_0;
v010DEE30_0 .net "cout", 0 0, L_010F33E0; 1 drivers
v010DE908_0 .net "sum", 0 0, L_010F31E8; 1 drivers
S_0109D188 .scope module, "add1" "full_adder" 4 8, 5 1, S_0109CA18;
 .timescale 0 0;
L_010F3610 .functor XOR 1, L_010F7190, L_010F6D18, C4<0>, C4<0>;
L_010F32C8 .functor AND 1, L_010F3610, L_010F6D70, C4<1>, C4<1>;
L_010F3220 .functor AND 1, L_010F7190, L_010F6D18, C4<1>, C4<1>;
L_010F3568 .functor OR 1, L_010F32C8, L_010F3220, C4<0>, C4<0>;
L_010F3530 .functor XOR 1, L_010F7190, L_010F6D18, C4<0>, C4<0>;
L_010F35A0 .functor XOR 1, L_010F3530, L_010F6D70, C4<0>, C4<0>;
v010DEA68_0 .net *"_s0", 0 0, L_010F3610; 1 drivers
v010DE7A8_0 .net *"_s2", 0 0, L_010F32C8; 1 drivers
v010DEC78_0 .net *"_s4", 0 0, L_010F3220; 1 drivers
v010DEE88_0 .net *"_s8", 0 0, L_010F3530; 1 drivers
v010DEB70_0 .net "a", 0 0, L_010F7190; 1 drivers
v010DE490_0 .net "b", 0 0, L_010F6D18; 1 drivers
v010DEC20_0 .net "cin", 0 0, L_010F6D70; 1 drivers
v010DE648_0 .net "cout", 0 0, L_010F3568; 1 drivers
v010DE6A0_0 .net "sum", 0 0, L_010F35A0; 1 drivers
S_0109D100 .scope module, "add2" "full_adder" 4 9, 5 1, S_0109CA18;
 .timescale 0 0;
L_010F8D98 .functor XOR 1, L_010F6E78, L_010F7138, C4<0>, C4<0>;
L_010F8C10 .functor AND 1, L_010F8D98, L_010F7710, C4<1>, C4<1>;
L_010F8D28 .functor AND 1, L_010F6E78, L_010F7138, C4<1>, C4<1>;
L_010F8F20 .functor OR 1, L_010F8C10, L_010F8D28, C4<0>, C4<0>;
L_010F8F58 .functor XOR 1, L_010F6E78, L_010F7138, C4<0>, C4<0>;
L_010F8CB8 .functor XOR 1, L_010F8F58, L_010F7710, C4<0>, C4<0>;
v010DDCA8_0 .net *"_s0", 0 0, L_010F8D98; 1 drivers
v010DDD00_0 .net *"_s2", 0 0, L_010F8C10; 1 drivers
v010DDD58_0 .net *"_s4", 0 0, L_010F8D28; 1 drivers
v010DE8B0_0 .net *"_s8", 0 0, L_010F8F58; 1 drivers
v010DED28_0 .net "a", 0 0, L_010F6E78; 1 drivers
v010DE6F8_0 .net "b", 0 0, L_010F7138; 1 drivers
v010DE598_0 .net "cin", 0 0, L_010F7710; 1 drivers
v010DEDD8_0 .net "cout", 0 0, L_010F8F20; 1 drivers
v010DE5F0_0 .net "sum", 0 0, L_010F8CB8; 1 drivers
S_0109CCC0 .scope module, "add3" "full_adder" 4 10, 5 1, S_0109CA18;
 .timescale 0 0;
L_010F9070 .functor XOR 1, L_010F73A0, L_010F76B8, C4<0>, C4<0>;
L_010F90E0 .functor AND 1, L_010F9070, L_010F6E20, C4<1>, C4<1>;
L_010F9118 .functor AND 1, L_010F73A0, L_010F76B8, C4<1>, C4<1>;
L_010F9038 .functor OR 1, L_010F90E0, L_010F9118, C4<0>, C4<0>;
L_010F91C0 .functor XOR 1, L_010F73A0, L_010F76B8, C4<0>, C4<0>;
L_010F9230 .functor XOR 1, L_010F91C0, L_010F6E20, C4<0>, C4<0>;
v010DDEB8_0 .net *"_s0", 0 0, L_010F9070; 1 drivers
v010DDBA0_0 .net *"_s2", 0 0, L_010F90E0; 1 drivers
v010DE070_0 .net *"_s4", 0 0, L_010F9118; 1 drivers
v010DE0C8_0 .net *"_s8", 0 0, L_010F91C0; 1 drivers
v010DDB48_0 .net "a", 0 0, L_010F73A0; 1 drivers
v010DE120_0 .net "b", 0 0, L_010F76B8; 1 drivers
v010DE178_0 .net "cin", 0 0, L_010F6E20; 1 drivers
v010DE1D0_0 .net "cout", 0 0, L_010F9038; 1 drivers
v010DDBF8_0 .net "sum", 0 0, L_010F9230; 1 drivers
S_0109CF68 .scope module, "add4" "full_adder" 4 11, 5 1, S_0109CA18;
 .timescale 0 0;
L_010F8CF0 .functor XOR 1, L_010F7450, L_010F7558, C4<0>, C4<0>;
L_010F8D60 .functor AND 1, L_010F8CF0, L_010F74A8, C4<1>, C4<1>;
L_010F8DD0 .functor AND 1, L_010F7450, L_010F7558, C4<1>, C4<1>;
L_010F99D8 .functor OR 1, L_010F8D60, L_010F8DD0, C4<0>, C4<0>;
L_010F93F0 .functor XOR 1, L_010F7450, L_010F7558, C4<0>, C4<0>;
L_010F9738 .functor XOR 1, L_010F93F0, L_010F74A8, C4<0>, C4<0>;
v010DD938_0 .net *"_s0", 0 0, L_010F8CF0; 1 drivers
v010DE280_0 .net *"_s2", 0 0, L_010F8D60; 1 drivers
v010DD9E8_0 .net *"_s4", 0 0, L_010F8DD0; 1 drivers
v010DDAF0_0 .net *"_s8", 0 0, L_010F93F0; 1 drivers
v010DE2D8_0 .net "a", 0 0, L_010F7450; 1 drivers
v010DE018_0 .net "b", 0 0, L_010F7558; 1 drivers
v010DDE60_0 .net "cin", 0 0, L_010F74A8; 1 drivers
v010DDA40_0 .net "cout", 0 0, L_010F99D8; 1 drivers
v010DDA98_0 .net "sum", 0 0, L_010F9738; 1 drivers
S_0109D430 .scope module, "add5" "full_adder" 4 12, 5 1, S_0109CA18;
 .timescale 0 0;
L_010F9498 .functor XOR 1, L_010F7608, L_010F7030, C4<0>, C4<0>;
L_010F99A0 .functor AND 1, L_010F9498, L_010F6FD8, C4<1>, C4<1>;
L_010F94D0 .functor AND 1, L_010F7608, L_010F7030, C4<1>, C4<1>;
L_010F98C0 .functor OR 1, L_010F99A0, L_010F94D0, C4<0>, C4<0>;
L_010F9310 .functor XOR 1, L_010F7608, L_010F7030, C4<0>, C4<0>;
L_010F9658 .functor XOR 1, L_010F9310, L_010F6FD8, C4<0>, C4<0>;
v010DE388_0 .net *"_s0", 0 0, L_010F9498; 1 drivers
v010DDC50_0 .net *"_s2", 0 0, L_010F99A0; 1 drivers
v010DD990_0 .net *"_s4", 0 0, L_010F94D0; 1 drivers
v010DE330_0 .net *"_s8", 0 0, L_010F9310; 1 drivers
v010DDFC0_0 .net "a", 0 0, L_010F7608; 1 drivers
v010DDF68_0 .net "b", 0 0, L_010F7030; 1 drivers
v010DDF10_0 .net "cin", 0 0, L_010F6FD8; 1 drivers
v010DD8E0_0 .net "cout", 0 0, L_010F98C0; 1 drivers
v010DDDB0_0 .net "sum", 0 0, L_010F9658; 1 drivers
S_0109CDD0 .scope module, "add6" "full_adder" 4 13, 5 1, S_0109CA18;
 .timescale 0 0;
L_010F9930 .functor XOR 1, L_010F7768, L_010F7C90, C4<0>, C4<0>;
L_010F9770 .functor AND 1, L_010F9930, L_010F8160, C4<1>, C4<1>;
L_010F9508 .functor AND 1, L_010F7768, L_010F7C90, C4<1>, C4<1>;
L_010F9700 .functor OR 1, L_010F9770, L_010F9508, C4<0>, C4<0>;
L_010F9348 .functor XOR 1, L_010F7768, L_010F7C90, C4<0>, C4<0>;
L_010F9380 .functor XOR 1, L_010F9348, L_010F8160, C4<0>, C4<0>;
v010DF148_0 .net *"_s0", 0 0, L_010F9930; 1 drivers
v010DF300_0 .net *"_s2", 0 0, L_010F9770; 1 drivers
v010DF250_0 .net *"_s4", 0 0, L_010F9508; 1 drivers
v010DF568_0 .net *"_s8", 0 0, L_010F9348; 1 drivers
v010DF358_0 .net "a", 0 0, L_010F7768; 1 drivers
v010DF3B0_0 .net "b", 0 0, L_010F7C90; 1 drivers
v010DF408_0 .net "cin", 0 0, L_010F8160; 1 drivers
v010DE228_0 .net "cout", 0 0, L_010F9700; 1 drivers
v010DDE08_0 .net "sum", 0 0, L_010F9380; 1 drivers
S_0109CFF0 .scope module, "add8" "full_adder" 4 14, 5 1, S_0109CA18;
 .timescale 0 0;
L_010F9A80 .functor XOR 1, L_010F7D98, L_010F8058, C4<0>, C4<0>;
L_010F9A10 .functor AND 1, L_010F9A80, L_010F7818, C4<1>, C4<1>;
L_010F9B60 .functor AND 1, L_010F7D98, L_010F8058, C4<1>, C4<1>;
L_010F9A48 .functor OR 1, L_010F9A10, L_010F9B60, C4<0>, C4<0>;
L_010F3450 .functor XOR 1, L_010F7D98, L_010F8058, C4<0>, C4<0>;
L_010FB240 .functor XOR 1, L_010F3450, L_010F7818, C4<0>, C4<0>;
v010DF040_0 .net *"_s0", 0 0, L_010F9A80; 1 drivers
v010DF2A8_0 .net *"_s2", 0 0, L_010F9A10; 1 drivers
v010DF828_0 .net *"_s4", 0 0, L_010F9B60; 1 drivers
v010DF6C8_0 .net *"_s8", 0 0, L_010F3450; 1 drivers
v010DEEE0_0 .net "a", 0 0, L_010F7D98; 1 drivers
v010DF1F8_0 .net "b", 0 0, L_010F8058; 1 drivers
v010DF0F0_0 .net "cin", 0 0, L_010F7818; 1 drivers
v010DF720_0 .net "cout", 0 0, L_010F9A48; 1 drivers
v010DF510_0 .net "sum", 0 0, L_010FB240; 1 drivers
S_0109D210 .scope module, "add7" "full_adder" 4 15, 5 1, S_0109CA18;
 .timescale 0 0;
L_010FB278 .functor XOR 1, L_010F8268, L_010F7D40, C4<0>, C4<0>;
L_010FAD00 .functor AND 1, L_010FB278, L_010F7DF0, C4<1>, C4<1>;
L_010FB2E8 .functor AND 1, L_010F8268, L_010F7D40, C4<1>, C4<1>;
L_010FAC90 .functor OR 1, L_010FAD00, L_010FB2E8, C4<0>, C4<0>;
L_010FAD70 .functor XOR 1, L_010F8268, L_010F7D40, C4<0>, C4<0>;
L_010FB198 .functor XOR 1, L_010FAD70, L_010F7DF0, C4<0>, C4<0>;
v010DF1A0_0 .net *"_s0", 0 0, L_010FB278; 1 drivers
v010DF778_0 .net *"_s2", 0 0, L_010FAD00; 1 drivers
v010DEF38_0 .net *"_s4", 0 0, L_010FB2E8; 1 drivers
v010DEF90_0 .net *"_s8", 0 0, L_010FAD70; 1 drivers
v010DF618_0 .net "a", 0 0, L_010F8268; 1 drivers
v010DEFE8_0 .net "b", 0 0, L_010F7D40; 1 drivers
v010DF5C0_0 .net "cin", 0 0, L_010F7DF0; 1 drivers
v010DF098_0 .net "cout", 0 0, L_010FAC90; 1 drivers
v010DF7D0_0 .net "sum", 0 0, L_010FB198; 1 drivers
S_0109D3A8 .scope module, "add9" "full_adder" 4 16, 5 1, S_0109CA18;
 .timescale 0 0;
L_010FAFA0 .functor XOR 1, L_010F8108, L_010F7BE0, C4<0>, C4<0>;
L_010FAE50 .functor AND 1, L_010FAFA0, L_010F78C8, C4<1>, C4<1>;
L_010FADE0 .functor AND 1, L_010F8108, L_010F7BE0, C4<1>, C4<1>;
L_010FB010 .functor OR 1, L_010FAE50, L_010FADE0, C4<0>, C4<0>;
L_010FB0F0 .functor XOR 1, L_010F8108, L_010F7BE0, C4<0>, C4<0>;
L_010FB128 .functor XOR 1, L_010FB0F0, L_010F78C8, C4<0>, C4<0>;
v010DC220_0 .net *"_s0", 0 0, L_010FAFA0; 1 drivers
v010DC2D0_0 .net *"_s2", 0 0, L_010FAE50; 1 drivers
v010DC380_0 .net *"_s4", 0 0, L_010FADE0; 1 drivers
v010DBB40_0 .net *"_s8", 0 0, L_010FB0F0; 1 drivers
v010DB930_0 .net "a", 0 0, L_010F8108; 1 drivers
v010DBA90_0 .net "b", 0 0, L_010F7BE0; 1 drivers
v010DF4B8_0 .net "cin", 0 0, L_010F78C8; 1 drivers
v010DF460_0 .net "cout", 0 0, L_010FB010; 1 drivers
v010DF670_0 .net "sum", 0 0, L_010FB128; 1 drivers
S_0109CEE0 .scope module, "add10" "full_adder" 4 17, 5 1, S_0109CA18;
 .timescale 0 0;
L_010FAEC0 .functor XOR 1, L_010F7A80, L_010F7A28, C4<0>, C4<0>;
L_010FB588 .functor AND 1, L_010FAEC0, L_010F7EA0, C4<1>, C4<1>;
L_010FB5F8 .functor AND 1, L_010F7A80, L_010F7A28, C4<1>, C4<1>;
L_010FB908 .functor OR 1, L_010FB588, L_010FB5F8, C4<0>, C4<0>;
L_010FB3C8 .functor XOR 1, L_010F7A80, L_010F7A28, C4<0>, C4<0>;
L_010FB4A8 .functor XOR 1, L_010FB3C8, L_010F7EA0, C4<0>, C4<0>;
v010DBDA8_0 .net *"_s0", 0 0, L_010FAEC0; 1 drivers
v010DBE00_0 .net *"_s2", 0 0, L_010FB588; 1 drivers
v010DBB98_0 .net *"_s4", 0 0, L_010FB5F8; 1 drivers
v010DC010_0 .net *"_s8", 0 0, L_010FB3C8; 1 drivers
v010DC170_0 .net "a", 0 0, L_010F7A80; 1 drivers
v010DBC48_0 .net "b", 0 0, L_010F7A28; 1 drivers
v010DC1C8_0 .net "cin", 0 0, L_010F7EA0; 1 drivers
v010DBA38_0 .net "cout", 0 0, L_010FB908; 1 drivers
v010DC328_0 .net "sum", 0 0, L_010FB4A8; 1 drivers
S_0109D5C8 .scope module, "add11" "full_adder" 4 18, 5 1, S_0109CA18;
 .timescale 0 0;
L_010FB518 .functor XOR 1, L_010F7FA8, L_010F7920, C4<0>, C4<0>;
L_010FB630 .functor AND 1, L_010FB518, L_010F82C0, C4<1>, C4<1>;
L_010FB550 .functor AND 1, L_010F7FA8, L_010F7920, C4<1>, C4<1>;
L_010FB710 .functor OR 1, L_010FB630, L_010FB550, C4<0>, C4<0>;
L_010FB898 .functor XOR 1, L_010F7FA8, L_010F7920, C4<0>, C4<0>;
L_010FB358 .functor XOR 1, L_010FB898, L_010F82C0, C4<0>, C4<0>;
v010DBAE8_0 .net *"_s0", 0 0, L_010FB518; 1 drivers
v010DC0C0_0 .net *"_s2", 0 0, L_010FB630; 1 drivers
v010DBF08_0 .net *"_s4", 0 0, L_010FB550; 1 drivers
v010DBFB8_0 .net *"_s8", 0 0, L_010FB898; 1 drivers
v010DC278_0 .net "a", 0 0, L_010F7FA8; 1 drivers
v010DC068_0 .net "b", 0 0, L_010F7920; 1 drivers
v010DBCF8_0 .net "cin", 0 0, L_010F82C0; 1 drivers
v010DBE58_0 .net "cout", 0 0, L_010FB710; 1 drivers
v010DBD50_0 .net "sum", 0 0, L_010FB358; 1 drivers
S_0109D650 .scope module, "add12" "full_adder" 4 19, 5 1, S_0109CA18;
 .timescale 0 0;
L_010FB9B0 .functor XOR 1, L_010F7978, L_010F7B30, C4<0>, C4<0>;
L_010FB6A0 .functor AND 1, L_010FB9B0, L_010F79D0, C4<1>, C4<1>;
L_010FB6D8 .functor AND 1, L_010F7978, L_010F7B30, C4<1>, C4<1>;
L_010FB860 .functor OR 1, L_010FB6A0, L_010FB6D8, C4<0>, C4<0>;
L_010FBB70 .functor XOR 1, L_010F7978, L_010F7B30, C4<0>, C4<0>;
L_010FBBA8 .functor XOR 1, L_010FBB70, L_010F79D0, C4<0>, C4<0>;
v010DD7C8_0 .net *"_s0", 0 0, L_010FB9B0; 1 drivers
v010DC118_0 .net *"_s2", 0 0, L_010FB6A0; 1 drivers
v010DBBF0_0 .net *"_s4", 0 0, L_010FB6D8; 1 drivers
v010DB8D8_0 .net *"_s8", 0 0, L_010FBB70; 1 drivers
v010DB988_0 .net "a", 0 0, L_010F7978; 1 drivers
v010DB9E0_0 .net "b", 0 0, L_010F7B30; 1 drivers
v010DBEB0_0 .net "cin", 0 0, L_010F79D0; 1 drivers
v010DBF60_0 .net "cout", 0 0, L_010FB860; 1 drivers
v010DBCA0_0 .net "sum", 0 0, L_010FBBA8; 1 drivers
S_0109D078 .scope module, "add13" "full_adder" 4 20, 5 1, S_0109CA18;
 .timescale 0 0;
L_010FBA58 .functor XOR 1, L_010F84D0, L_010F8528, C4<0>, C4<0>;
L_010FBAC8 .functor AND 1, L_010FBA58, L_010F8580, C4<1>, C4<1>;
L_010F9B28 .functor AND 1, L_010F84D0, L_010F8528, C4<1>, C4<1>;
L_010FD2B8 .functor OR 1, L_010FBAC8, L_010F9B28, C4<0>, C4<0>;
L_010FD1D8 .functor XOR 1, L_010F84D0, L_010F8528, C4<0>, C4<0>;
L_010FD2F0 .functor XOR 1, L_010FD1D8, L_010F8580, C4<0>, C4<0>;
v010DD2A0_0 .net *"_s0", 0 0, L_010FBA58; 1 drivers
v010DD350_0 .net *"_s2", 0 0, L_010FBAC8; 1 drivers
v010DD090_0 .net *"_s4", 0 0, L_010F9B28; 1 drivers
v010DD3A8_0 .net *"_s8", 0 0, L_010FD1D8; 1 drivers
v010DD6C0_0 .net "a", 0 0, L_010F84D0; 1 drivers
v010DD820_0 .net "b", 0 0, L_010F8528; 1 drivers
v010DD198_0 .net "cin", 0 0, L_010F8580; 1 drivers
v010DD718_0 .net "cout", 0 0, L_010FD2B8; 1 drivers
v010DD1F0_0 .net "sum", 0 0, L_010FD2F0; 1 drivers
S_0109C550 .scope module, "add14" "full_adder" 4 21, 5 1, S_0109CA18;
 .timescale 0 0;
L_010FD280 .functor XOR 1, L_010F85D8, L_010F8318, C4<0>, C4<0>;
L_010FD168 .functor AND 1, L_010FD280, L_010F8688, C4<1>, C4<1>;
L_010FD1A0 .functor AND 1, L_010F85D8, L_010F8318, C4<1>, C4<1>;
L_010FD6A8 .functor OR 1, L_010FD168, L_010FD1A0, C4<0>, C4<0>;
L_010FD4E8 .functor XOR 1, L_010F85D8, L_010F8318, C4<0>, C4<0>;
L_010FD408 .functor XOR 1, L_010FD4E8, L_010F8688, C4<0>, C4<0>;
v010DD560_0 .net *"_s0", 0 0, L_010FD280; 1 drivers
v010DD0E8_0 .net *"_s2", 0 0, L_010FD168; 1 drivers
v010DD610_0 .net *"_s4", 0 0, L_010FD1A0; 1 drivers
v010DCF30_0 .net *"_s8", 0 0, L_010FD4E8; 1 drivers
v010DD5B8_0 .net "a", 0 0, L_010F85D8; 1 drivers
v010DD140_0 .net "b", 0 0, L_010F8318; 1 drivers
v010DD508_0 .net "cin", 0 0, L_010F8688; 1 drivers
v010DD4B0_0 .net "cout", 0 0, L_010FD6A8; 1 drivers
v010DD038_0 .net "sum", 0 0, L_010FD408; 1 drivers
S_0109C4C8 .scope module, "add15" "full_adder" 4 22, 5 1, S_0109CA18;
 .timescale 0 0;
L_010FD558 .functor XOR 1, L_010F8420, L_010F8738, C4<0>, C4<0>;
L_010FD590 .functor AND 1, L_010FD558, L_010F8478, C4<1>, C4<1>;
L_010FD600 .functor AND 1, L_010F8420, L_010F8738, C4<1>, C4<1>;
L_010FD6E0 .functor OR 1, L_010FD590, L_010FD600, C4<0>, C4<0>;
L_010FD328 .functor XOR 1, L_010F8420, L_010F8738, C4<0>, C4<0>;
L_010FDA28 .functor XOR 1, L_010FD328, L_010F8478, C4<0>, C4<0>;
v010DCED8_0 .net *"_s0", 0 0, L_010FD558; 1 drivers
v010DD248_0 .net *"_s2", 0 0, L_010FD590; 1 drivers
v010DD400_0 .net *"_s4", 0 0, L_010FD600; 1 drivers
v010DCF88_0 .net *"_s8", 0 0, L_010FD328; 1 drivers
v010DD668_0 .net "a", 0 0, L_010F8420; 1 drivers
v010DD770_0 .net "b", 0 0, L_010F8738; 1 drivers
v010DD2F8_0 .net "cin", 0 0, L_010F8478; 1 drivers
v010DCFE0_0 .net "cout", 0 0, L_010FD6E0; 1 drivers
v010DD458_0 .net "sum", 0 0, L_010FDA28; 1 drivers
S_0109BBC0 .scope module, "add16" "full_adder" 4 23, 5 1, S_0109CA18;
 .timescale 0 0;
L_010FD830 .functor XOR 1, L_010F8840, L_010F8948, C4<0>, C4<0>;
L_010FD8A0 .functor AND 1, L_010FD830, L_010F89F8, C4<1>, C4<1>;
L_010FD868 .functor AND 1, L_010F8840, L_010F8948, C4<1>, C4<1>;
L_010FD8D8 .functor OR 1, L_010FD8A0, L_010FD868, C4<0>, C4<0>;
L_010FDAD0 .functor XOR 1, L_010F8840, L_010F8948, C4<0>, C4<0>;
L_010FDA98 .functor XOR 1, L_010FDAD0, L_010F89F8, C4<0>, C4<0>;
v010DCDD0_0 .net *"_s0", 0 0, L_010FD830; 1 drivers
v010DC640_0 .net *"_s2", 0 0, L_010FD8A0; 1 drivers
v010DC5E8_0 .net *"_s4", 0 0, L_010FD868; 1 drivers
v010DCE28_0 .net *"_s8", 0 0, L_010FDAD0; 1 drivers
v010DC3D8_0 .net "a", 0 0, L_010F8840; 1 drivers
v010DC6F0_0 .net "b", 0 0, L_010F8948; 1 drivers
v010DC748_0 .net "cin", 0 0, L_010F89F8; 1 drivers
v010DC430_0 .net "cout", 0 0, L_010FD8D8; 1 drivers
v010DCA60_0 .net "sum", 0 0, L_010FDA98; 1 drivers
S_0109C330 .scope module, "add17" "full_adder" 4 24, 5 1, S_0109CA18;
 .timescale 0 0;
L_010FDBB0 .functor XOR 1, L_010F8A50, L_010F8AA8, C4<0>, C4<0>;
L_010FC2F8 .functor AND 1, L_010FDBB0, L_010F8B00, C4<1>, C4<1>;
L_010FBCA0 .functor AND 1, L_010F8A50, L_010F8AA8, C4<1>, C4<1>;
L_010FBD80 .functor OR 1, L_010FC2F8, L_010FBCA0, C4<0>, C4<0>;
L_010FC020 .functor XOR 1, L_010F8A50, L_010F8AA8, C4<0>, C4<0>;
L_010FC2C0 .functor XOR 1, L_010FC020, L_010F8B00, C4<0>, C4<0>;
v010DC538_0 .net *"_s0", 0 0, L_010FDBB0; 1 drivers
v010DC8A8_0 .net *"_s2", 0 0, L_010FC2F8; 1 drivers
v010DC590_0 .net *"_s4", 0 0, L_010FBCA0; 1 drivers
v010DCB68_0 .net *"_s8", 0 0, L_010FC020; 1 drivers
v010DC9B0_0 .net "a", 0 0, L_010F8A50; 1 drivers
v010DCBC0_0 .net "b", 0 0, L_010F8AA8; 1 drivers
v010DCD78_0 .net "cin", 0 0, L_010F8B00; 1 drivers
v010DCCC8_0 .net "cout", 0 0, L_010FBD80; 1 drivers
v010DCD20_0 .net "sum", 0 0, L_010FC2C0; 1 drivers
S_0109C2A8 .scope module, "add18" "full_adder" 4 25, 5 1, S_0109CA18;
 .timescale 0 0;
L_010FBE60 .functor XOR 1, L_010F4C70, L_010F52A0, C4<0>, C4<0>;
L_010FBDB8 .functor AND 1, L_010FBE60, L_010F4FE0, C4<1>, C4<1>;
L_010FBE98 .functor AND 1, L_010F4C70, L_010F52A0, C4<1>, C4<1>;
L_010FC100 .functor OR 1, L_010FBDB8, L_010FBE98, C4<0>, C4<0>;
L_010FBF08 .functor XOR 1, L_010F4C70, L_010F52A0, C4<0>, C4<0>;
L_010FC218 .functor XOR 1, L_010FBF08, L_010F4FE0, C4<0>, C4<0>;
v010DCB10_0 .net *"_s0", 0 0, L_010FBE60; 1 drivers
v010DC958_0 .net *"_s2", 0 0, L_010FBDB8; 1 drivers
v010DC850_0 .net *"_s4", 0 0, L_010FBE98; 1 drivers
v010DCE80_0 .net *"_s8", 0 0, L_010FBF08; 1 drivers
v010DCC18_0 .net "a", 0 0, L_010F4C70; 1 drivers
v010DC900_0 .net "b", 0 0, L_010F52A0; 1 drivers
v010DCA08_0 .net "cin", 0 0, L_010F4FE0; 1 drivers
v010DCC70_0 .net "cout", 0 0, L_010FC100; 1 drivers
v010DC7F8_0 .net "sum", 0 0, L_010FC218; 1 drivers
S_0109C440 .scope module, "add19" "full_adder" 4 26, 5 1, S_0109CA18;
 .timescale 0 0;
L_010FBC30 .functor XOR 1, L_010F4C18, L_010F51F0, C4<0>, C4<0>;
L_010FBCD8 .functor AND 1, L_010FBC30, L_010F50E8, C4<1>, C4<1>;
L_010FBDF0 .functor AND 1, L_010F4C18, L_010F51F0, C4<1>, C4<1>;
L_010FBFE8 .functor OR 1, L_010FBCD8, L_010FBDF0, C4<0>, C4<0>;
L_010FC368 .functor XOR 1, L_010F4C18, L_010F51F0, C4<0>, C4<0>;
L_010FC8E0 .functor XOR 1, L_010FC368, L_010F50E8, C4<0>, C4<0>;
v010DA1C0_0 .net *"_s0", 0 0, L_010FBC30; 1 drivers
v010D9DA0_0 .net *"_s2", 0 0, L_010FBCD8; 1 drivers
v010D98D0_0 .net *"_s4", 0 0, L_010FBDF0; 1 drivers
v010D9F58_0 .net *"_s8", 0 0, L_010FC368; 1 drivers
v010DC488_0 .net "a", 0 0, L_010F4C18; 1 drivers
v010DC4E0_0 .net "b", 0 0, L_010F51F0; 1 drivers
v010DCAB8_0 .net "cin", 0 0, L_010F50E8; 1 drivers
v010DC7A0_0 .net "cout", 0 0, L_010FBFE8; 1 drivers
v010DC698_0 .net "sum", 0 0, L_010FC8E0; 1 drivers
S_0109C220 .scope module, "add20" "full_adder" 4 27, 5 1, S_0109CA18;
 .timescale 0 0;
L_010FC608 .functor XOR 1, L_010F4D78, L_010F5140, C4<0>, C4<0>;
L_010FC918 .functor AND 1, L_010FC608, L_010F5458, C4<1>, C4<1>;
L_010FC6E8 .functor AND 1, L_010F4D78, L_010F5140, C4<1>, C4<1>;
L_010FC9F8 .functor OR 1, L_010FC918, L_010FC6E8, C4<0>, C4<0>;
L_010FC3A0 .functor XOR 1, L_010F4D78, L_010F5140, C4<0>, C4<0>;
L_010FC720 .functor XOR 1, L_010FC3A0, L_010F5458, C4<0>, C4<0>;
v010D9E50_0 .net *"_s0", 0 0, L_010FC608; 1 drivers
v010D9BE8_0 .net *"_s2", 0 0, L_010FC918; 1 drivers
v010D9C40_0 .net *"_s4", 0 0, L_010FC6E8; 1 drivers
v010D9EA8_0 .net *"_s8", 0 0, L_010FC3A0; 1 drivers
v010DA110_0 .net "a", 0 0, L_010F4D78; 1 drivers
v010D9C98_0 .net "b", 0 0, L_010F5140; 1 drivers
v010DA378_0 .net "cin", 0 0, L_010F5458; 1 drivers
v010D9CF0_0 .net "cout", 0 0, L_010FC9F8; 1 drivers
v010D9D48_0 .net "sum", 0 0, L_010FC720; 1 drivers
S_0109C110 .scope module, "add21" "full_adder" 4 28, 5 1, S_0109CA18;
 .timescale 0 0;
L_010FC950 .functor XOR 1, L_010F4F88, L_010F5610, C4<0>, C4<0>;
L_010FC3D8 .functor AND 1, L_010FC950, L_010F4ED8, C4<1>, C4<1>;
L_010FC528 .functor AND 1, L_010F4F88, L_010F5610, C4<1>, C4<1>;
L_010FC560 .functor OR 1, L_010FC3D8, L_010FC528, C4<0>, C4<0>;
L_010FC6B0 .functor XOR 1, L_010F4F88, L_010F5610, C4<0>, C4<0>;
L_010FC790 .functor XOR 1, L_010FC6B0, L_010F4ED8, C4<0>, C4<0>;
v010D9F00_0 .net *"_s0", 0 0, L_010FC950; 1 drivers
v010D9980_0 .net *"_s2", 0 0, L_010FC3D8; 1 drivers
v010D9AE0_0 .net *"_s4", 0 0, L_010FC528; 1 drivers
v010D9B90_0 .net *"_s8", 0 0, L_010FC6B0; 1 drivers
v010D99D8_0 .net "a", 0 0, L_010F4F88; 1 drivers
v010DA320_0 .net "b", 0 0, L_010F5610; 1 drivers
v010DA168_0 .net "cin", 0 0, L_010F4ED8; 1 drivers
v010DA060_0 .net "cout", 0 0, L_010FC560; 1 drivers
v010DA270_0 .net "sum", 0 0, L_010FC790; 1 drivers
S_0109C5D8 .scope module, "add22" "full_adder" 4 29, 5 1, S_0109CA18;
 .timescale 0 0;
L_010FCBF0 .functor XOR 1, L_010F4CC8, L_010F52F8, C4<0>, C4<0>;
L_010FCD08 .functor AND 1, L_010FCBF0, L_010F5668, C4<1>, C4<1>;
L_010FCF00 .functor AND 1, L_010F4CC8, L_010F52F8, C4<1>, C4<1>;
L_010FCC28 .functor OR 1, L_010FCD08, L_010FCF00, C4<0>, C4<0>;
L_010FCF38 .functor XOR 1, L_010F4CC8, L_010F52F8, C4<0>, C4<0>;
L_010FCA68 .functor XOR 1, L_010FCF38, L_010F5668, C4<0>, C4<0>;
v010DA008_0 .net *"_s0", 0 0, L_010FCBF0; 1 drivers
v010D9DF8_0 .net *"_s2", 0 0, L_010FCD08; 1 drivers
v010DA218_0 .net *"_s4", 0 0, L_010FCF00; 1 drivers
v010D9A88_0 .net *"_s8", 0 0, L_010FCF38; 1 drivers
v010D9FB0_0 .net "a", 0 0, L_010F4CC8; 1 drivers
v010DA2C8_0 .net "b", 0 0, L_010F52F8; 1 drivers
v010DA0B8_0 .net "cin", 0 0, L_010F5668; 1 drivers
v010D9B38_0 .net "cout", 0 0, L_010FCC28; 1 drivers
v010D9928_0 .net "sum", 0 0, L_010FCA68; 1 drivers
S_0109BB38 .scope module, "add23" "full_adder" 4 30, 5 1, S_0109CA18;
 .timescale 0 0;
L_010FD0C0 .functor XOR 1, L_010F4D20, L_010F54B0, C4<0>, C4<0>;
L_010FCAA0 .functor AND 1, L_010FD0C0, L_010F5508, C4<1>, C4<1>;
L_010FCB48 .functor AND 1, L_010F4D20, L_010F54B0, C4<1>, C4<1>;
L_010FCE90 .functor OR 1, L_010FCAA0, L_010FCB48, C4<0>, C4<0>;
L_010FCEC8 .functor XOR 1, L_010F4D20, L_010F54B0, C4<0>, C4<0>;
L_010FCE20 .functor XOR 1, L_010FCEC8, L_010F5508, C4<0>, C4<0>;
v010DB3F8_0 .net *"_s0", 0 0, L_010FD0C0; 1 drivers
v010DB088_0 .net *"_s2", 0 0, L_010FCAA0; 1 drivers
v010DB190_0 .net *"_s4", 0 0, L_010FCB48; 1 drivers
v010DB1E8_0 .net *"_s8", 0 0, L_010FCEC8; 1 drivers
v010DB4A8_0 .net "a", 0 0, L_010F4D20; 1 drivers
v010DB240_0 .net "b", 0 0, L_010F54B0; 1 drivers
v010DB2F0_0 .net "cin", 0 0, L_010F5508; 1 drivers
v010DB348_0 .net "cout", 0 0, L_010FCE90; 1 drivers
v010D9A30_0 .net "sum", 0 0, L_010FCE20; 1 drivers
S_0109C088 .scope module, "add24" "full_adder" 4 31, 5 1, S_0109CA18;
 .timescale 0 0;
L_010FCFE0 .functor XOR 1, L_010F5CF0, L_010F5B38, C4<0>, C4<0>;
L_010FCDB0 .functor AND 1, L_010FCFE0, L_010F58D0, C4<1>, C4<1>;
L_010FD018 .functor AND 1, L_010F5CF0, L_010F5B38, C4<1>, C4<1>;
L_011002D0 .functor OR 1, L_010FCDB0, L_010FD018, C4<0>, C4<0>;
L_01100500 .functor XOR 1, L_010F5CF0, L_010F5B38, C4<0>, C4<0>;
L_010FFFC0 .functor XOR 1, L_01100500, L_010F58D0, C4<0>, C4<0>;
v010DAF28_0 .net *"_s0", 0 0, L_010FCFE0; 1 drivers
v010DB3A0_0 .net *"_s2", 0 0, L_010FCDB0; 1 drivers
v010DAED0_0 .net *"_s4", 0 0, L_010FD018; 1 drivers
v010DB0E0_0 .net *"_s8", 0 0, L_01100500; 1 drivers
v010DB608_0 .net "a", 0 0, L_010F5CF0; 1 drivers
v010DB710_0 .net "b", 0 0, L_010F5B38; 1 drivers
v010DAFD8_0 .net "cin", 0 0, L_010F58D0; 1 drivers
v010DB030_0 .net "cout", 0 0, L_011002D0; 1 drivers
v010DB450_0 .net "sum", 0 0, L_010FFFC0; 1 drivers
S_0109CB28 .scope module, "add25" "full_adder" 4 32, 5 1, S_0109CA18;
 .timescale 0 0;
L_01100260 .functor XOR 1, L_010F61C0, L_010F60B8, C4<0>, C4<0>;
L_011000D8 .functor AND 1, L_01100260, L_010F5D48, C4<1>, C4<1>;
L_01100298 .functor AND 1, L_010F61C0, L_010F60B8, C4<1>, C4<1>;
L_01100570 .functor OR 1, L_011000D8, L_01100298, C4<0>, C4<0>;
L_01100340 .functor XOR 1, L_010F61C0, L_010F60B8, C4<0>, C4<0>;
L_011003E8 .functor XOR 1, L_01100340, L_010F5D48, C4<0>, C4<0>;
v010DB558_0 .net *"_s0", 0 0, L_01100260; 1 drivers
v010DB138_0 .net *"_s2", 0 0, L_011000D8; 1 drivers
v010DB6B8_0 .net *"_s4", 0 0, L_01100298; 1 drivers
v010DAF80_0 .net *"_s8", 0 0, L_01100340; 1 drivers
v010DB7C0_0 .net "a", 0 0, L_010F61C0; 1 drivers
v010DB500_0 .net "b", 0 0, L_010F60B8; 1 drivers
v010DB818_0 .net "cin", 0 0, L_010F5D48; 1 drivers
v010DB298_0 .net "cout", 0 0, L_01100570; 1 drivers
v010DB768_0 .net "sum", 0 0, L_011003E8; 1 drivers
S_0109C990 .scope module, "add26" "full_adder" 4 33, 5 1, S_0109CA18;
 .timescale 0 0;
L_01100110 .functor XOR 1, L_010F5C98, L_010F5718, C4<0>, C4<0>;
L_011003B0 .functor AND 1, L_01100110, L_010F5A30, C4<1>, C4<1>;
L_01100180 .functor AND 1, L_010F5C98, L_010F5718, C4<1>, C4<1>;
L_01100148 .functor OR 1, L_011003B0, L_01100180, C4<0>, C4<0>;
L_01100228 .functor XOR 1, L_010F5C98, L_010F5718, C4<0>, C4<0>;
L_01100B90 .functor XOR 1, L_01100228, L_010F5A30, C4<0>, C4<0>;
v010DA428_0 .net *"_s0", 0 0, L_01100110; 1 drivers
v010DA588_0 .net *"_s2", 0 0, L_011003B0; 1 drivers
v010DA7F0_0 .net *"_s4", 0 0, L_01100180; 1 drivers
v010DA5E0_0 .net *"_s8", 0 0, L_01100228; 1 drivers
v010DA848_0 .net "a", 0 0, L_010F5C98; 1 drivers
v010DA740_0 .net "b", 0 0, L_010F5718; 1 drivers
v010DA638_0 .net "cin", 0 0, L_010F5A30; 1 drivers
v010DB5B0_0 .net "cout", 0 0, L_01100148; 1 drivers
v010DB660_0 .net "sum", 0 0, L_01100B90; 1 drivers
S_0109C000 .scope module, "add27" "full_adder" 4 34, 5 1, S_0109CA18;
 .timescale 0 0;
L_01100768 .functor XOR 1, L_010F57C8, L_010F5980, C4<0>, C4<0>;
L_01100A78 .functor AND 1, L_01100768, L_010F5F00, C4<1>, C4<1>;
L_011007A0 .functor AND 1, L_010F57C8, L_010F5980, C4<1>, C4<1>;
L_011008B8 .functor OR 1, L_01100A78, L_011007A0, C4<0>, C4<0>;
L_01100848 .functor XOR 1, L_010F57C8, L_010F5980, C4<0>, C4<0>;
L_01100D18 .functor XOR 1, L_01100848, L_010F5F00, C4<0>, C4<0>;
v010DA480_0 .net *"_s0", 0 0, L_01100768; 1 drivers
v010DA4D8_0 .net *"_s2", 0 0, L_01100A78; 1 drivers
v010DAA58_0 .net *"_s4", 0 0, L_011007A0; 1 drivers
v010DAB60_0 .net *"_s8", 0 0, L_01100848; 1 drivers
v010DA798_0 .net "a", 0 0, L_010F57C8; 1 drivers
v010DACC0_0 .net "b", 0 0, L_010F5980; 1 drivers
v010DA3D0_0 .net "cin", 0 0, L_010F5F00; 1 drivers
v010DABB8_0 .net "cout", 0 0, L_011008B8; 1 drivers
v010DA530_0 .net "sum", 0 0, L_01100D18; 1 drivers
S_0109C660 .scope module, "add28" "full_adder" 4 35, 5 1, S_0109CA18;
 .timescale 0 0;
L_01100650 .functor XOR 1, L_010F59D8, L_010F5DA0, C4<0>, C4<0>;
L_011008F0 .functor AND 1, L_01100650, L_010F6110, C4<1>, C4<1>;
L_01100C70 .functor AND 1, L_010F59D8, L_010F5DA0, C4<1>, C4<1>;
L_01100A40 .functor OR 1, L_011008F0, L_01100C70, C4<0>, C4<0>;
L_01100AE8 .functor XOR 1, L_010F59D8, L_010F5DA0, C4<0>, C4<0>;
L_01100B20 .functor XOR 1, L_01100AE8, L_010F6110, C4<0>, C4<0>;
v010DAB08_0 .net *"_s0", 0 0, L_01100650; 1 drivers
v010DA950_0 .net *"_s2", 0 0, L_011008F0; 1 drivers
v010DAD70_0 .net *"_s4", 0 0, L_01100C70; 1 drivers
v010DAA00_0 .net *"_s8", 0 0, L_01100AE8; 1 drivers
v010DAC68_0 .net "a", 0 0, L_010F59D8; 1 drivers
v010DADC8_0 .net "b", 0 0, L_010F5DA0; 1 drivers
v010DA9A8_0 .net "cin", 0 0, L_010F6110; 1 drivers
v010DAE78_0 .net "cout", 0 0, L_01100A40; 1 drivers
v010DA6E8_0 .net "sum", 0 0, L_01100B20; 1 drivers
S_0109C908 .scope module, "add29" "full_adder" 4 36, 5 1, S_0109CA18;
 .timescale 0 0;
L_01100BC8 .functor XOR 1, L_010F5F58, L_010F5FB0, C4<0>, C4<0>;
L_01100C00 .functor AND 1, L_01100BC8, L_010F6008, C4<1>, C4<1>;
L_011012C8 .functor AND 1, L_010F5F58, L_010F5FB0, C4<1>, C4<1>;
L_01101258 .functor OR 1, L_01100C00, L_011012C8, C4<0>, C4<0>;
L_01101370 .functor XOR 1, L_010F5F58, L_010F5FB0, C4<0>, C4<0>;
L_01100F80 .functor XOR 1, L_01101370, L_010F6008, C4<0>, C4<0>;
v010A17E8_0 .net *"_s0", 0 0, L_01100BC8; 1 drivers
v010A1840_0 .net *"_s2", 0 0, L_01100C00; 1 drivers
v010DAE20_0 .net *"_s4", 0 0, L_011012C8; 1 drivers
v010DA8A0_0 .net *"_s8", 0 0, L_01101370; 1 drivers
v010DA690_0 .net "a", 0 0, L_010F5F58; 1 drivers
v010DAAB0_0 .net "b", 0 0, L_010F5FB0; 1 drivers
v010DA8F8_0 .net "cin", 0 0, L_010F6008; 1 drivers
v010DAD18_0 .net "cout", 0 0, L_01101258; 1 drivers
v010DAC10_0 .net "sum", 0 0, L_01100F80; 1 drivers
S_0109BAB0 .scope module, "add30" "full_adder" 4 37, 5 1, S_0109CA18;
 .timescale 0 0;
L_01101220 .functor XOR 1, L_010F5B90, L_010F5DF8, C4<0>, C4<0>;
L_01101300 .functor AND 1, L_01101220, L_010F6690, C4<1>, C4<1>;
L_01100DC0 .functor AND 1, L_010F5B90, L_010F5DF8, C4<1>, C4<1>;
L_01101290 .functor OR 1, L_01101300, L_01100DC0, C4<0>, C4<0>;
L_01100D50 .functor XOR 1, L_010F5B90, L_010F5DF8, C4<0>, C4<0>;
L_01100FF0 .functor XOR 1, L_01100D50, L_010F6690, C4<0>, C4<0>;
v010A15D8_0 .net *"_s0", 0 0, L_01101220; 1 drivers
v010A1528_0 .net *"_s2", 0 0, L_01101300; 1 drivers
v010A1738_0 .net *"_s4", 0 0, L_01100DC0; 1 drivers
v010A1790_0 .net *"_s8", 0 0, L_01100D50; 1 drivers
v010A1580_0 .net "a", 0 0, L_010F5B90; 1 drivers
v010A13C8_0 .net "b", 0 0, L_010F5DF8; 1 drivers
v010A1630_0 .net "cin", 0 0, L_010F6690; 1 drivers
v010A1688_0 .net "cout", 0 0, L_01101290; 1 drivers
v010A1420_0 .net "sum", 0 0, L_01100FF0; 1 drivers
S_0109BEF0 .scope module, "add31" "full_adder" 4 38, 5 1, S_0109CA18;
 .timescale 0 0;
L_01101108 .functor XOR 1, L_010F6798, L_010F66E8, C4<0>, C4<0>;
L_01101140 .functor AND 1, L_01101108, L_010F6A00, C4<1>, C4<1>;
L_011011B0 .functor AND 1, L_010F6798, L_010F66E8, C4<1>, C4<1>;
L_01100DF8 .functor OR 1, L_01101140, L_011011B0, C4<0>, C4<0>;
L_01101568 .functor XOR 1, L_010F6798, L_010F66E8, C4<0>, C4<0>;
L_01101808 .functor XOR 1, L_01101568, L_010F6A00, C4<0>, C4<0>;
v010A0920_0 .net *"_s0", 0 0, L_01101108; 1 drivers
v010A08C8_0 .net *"_s2", 0 0, L_01101140; 1 drivers
v010A0A80_0 .net *"_s4", 0 0, L_011011B0; 1 drivers
v010A0AD8_0 .net *"_s8", 0 0, L_01101568; 1 drivers
v010A0B88_0 .net "a", 0 0, L_010F6798; 1 drivers
v010A0BE0_0 .net "b", 0 0, L_010F66E8; 1 drivers
v010A14D0_0 .net "cin", 0 0, L_010F6A00; 1 drivers
v010A1478_0 .net "cout", 0 0, L_01100DF8; 1 drivers
v010A16E0_0 .net "sum", 0 0, L_01101808; 1 drivers
    .scope S_0109BDE0;
T_0 ;
    %wait E_010A26A8;
    %ix/load 1, 1, 0;
    %mov 4, 0, 1;
    %jmp/1 T_0.0, 4;
    %load/x1p 8, v010E7048_0, 1;
    %jmp T_0.1;
T_0.0 ;
    %mov 8, 2, 1;
T_0.1 ;
; Save base=8 wid=1 in lookaside.
    %cmpi/u 8, 0, 1;
    %jmp/1 T_0.2, 6;
    %cmpi/u 8, 1, 1;
    %jmp/1 T_0.3, 6;
    %jmp T_0.4;
T_0.2 ;
    %load/v 8, v010E6C28_0, 32;
    %set/v v010E6B78_0, 8, 32;
    %jmp T_0.4;
T_0.3 ;
    %load/v 8, v010E69C0_0, 32;
    %set/v v010E6B78_0, 8, 32;
    %jmp T_0.4;
T_0.4 ;
    %jmp T_0;
    .thread T_0, $push;
    .scope S_0109BD58;
T_1 ;
    %delay 0, 0;
    %movi 8, 6, 32;
    %set/v v010E7150_0, 8, 32;
    %movi 8, 16, 32;
    %set/v v010E6D30_0, 8, 32;
    %movi 8, 2, 4;
    %set/v v010E7200_0, 8, 4;
    %delay 1, 0;
    %movi 8, 30, 32;
    %set/v v010E7150_0, 8, 32;
    %movi 8, 6, 32;
    %set/v v010E6D30_0, 8, 32;
    %delay 1, 0;
    %set/v v010E7200_0, 0, 4;
    %delay 1, 0;
    %set/v v010E7150_0, 1, 32;
    %set/v v010E6D30_0, 1, 32;
    %delay 1, 0;
    %movi 8, 2, 4;
    %set/v v010E7200_0, 8, 4;
    %delay 1, 0;
    %vpi_call 2 16 "$finish";
    %end;
    .thread T_1;
    .scope S_0109BD58;
T_2 ;
    %vpi_call 2 20 "$dumpfile", "Arithmetic.vcd";
    %vpi_call 2 21 "$dumpvars";
    %end;
    .thread T_2;
# The file index is used to find the file name in the following table.
:file_names 6;
    "N/A";
    "<interactive>";
    ".\arithmetic_tb.v";
    ".\Arithmetic.v";
    ".\ripple_carry_adder.v";
    ".\full_adder.v";
