#! /usr/bin/vvp
:ivl_version "10.1 (stable)";
:ivl_delay_selection "TYPICAL";
:vpi_time_precision + 0;
:vpi_module "system";
:vpi_module "vhdl_sys";
:vpi_module "v2005_math";
:vpi_module "va_math";
S_0x55602896b090 .scope module, "add_tb" "add_tb" 2 1;
 .timescale 0 0;
v0x55602898b610_0 .var "a", 31 0;
v0x55602898b700_0 .net "add_result", 31 0, L_0x55602898b8d0;  1 drivers
v0x55602898b7d0_0 .var "b", 31 0;
S_0x55602896b210 .scope module, "add_" "add" 2 5, 3 1 0, S_0x55602896b090;
 .timescale 0 0;
    .port_info 0 /INPUT 32 "a"
    .port_info 1 /INPUT 32 "b"
    .port_info 2 /OUTPUT 32 "add_result"
v0x55602896b430_0 .net "a", 31 0, v0x55602898b610_0;  1 drivers
v0x55602898b3f0_0 .net "add_result", 31 0, L_0x55602898b8d0;  alias, 1 drivers
v0x55602898b4d0_0 .net "b", 31 0, v0x55602898b7d0_0;  1 drivers
L_0x55602898b8d0 .arith/sum 32, v0x55602898b610_0, v0x55602898b7d0_0;
    .scope S_0x55602896b090;
T_0 ;
    %pushi/vec4 0, 0, 32;
    %store/vec4 v0x55602898b610_0, 0, 32;
    %pushi/vec4 0, 0, 32;
    %store/vec4 v0x55602898b7d0_0, 0, 32;
    %vpi_call 2 9 "$monitor", "a = %h, b = %h, add_result  = %h", v0x55602898b610_0, v0x55602898b7d0_0, v0x55602898b700_0 {0 0 0};
    %delay 64, 0;
    %vpi_call 2 10 "$finish" {0 0 0};
    %end;
    .thread T_0;
    .scope S_0x55602896b090;
T_1 ;
    %delay 1, 0;
    %load/vec4 v0x55602898b610_0;
    %addi 67108864, 0, 32;
    %store/vec4 v0x55602898b610_0, 0, 32;
    %jmp T_1;
    .thread T_1;
    .scope S_0x55602896b090;
T_2 ;
    %delay 2, 0;
    %load/vec4 v0x55602898b7d0_0;
    %addi 67108864, 0, 32;
    %store/vec4 v0x55602898b7d0_0, 0, 32;
    %jmp T_2;
    .thread T_2;
    .scope S_0x55602896b090;
T_3 ;
    %vpi_call 2 15 "$dumpfile", "add_tb.vcd" {0 0 0};
    %vpi_call 2 16 "$dumpvars" {0 0 0};
    %end;
    .thread T_3;
# The file index is used to find the file name in the following table.
:file_names 4;
    "N/A";
    "<interactive>";
    "add_tb.v";
    "add.v";
