#! /usr/bin/vvp
:ivl_version "10.1 (stable)";
:ivl_delay_selection "TYPICAL";
:vpi_time_precision - 9;
:vpi_module "system";
:vpi_module "vhdl_sys";
:vpi_module "v2005_math";
:vpi_module "va_math";
S_0x5605e4b316a0 .scope module, "Comparison_tb" "Comparison_tb" 2 2;
 .timescale -9 -9;
v0x5605e4baae70_0 .var "a", 31 0;
v0x5605e4baaf80_0 .var "b", 31 0;
RS_0x7ff2c333e648 .resolv tri, L_0x5605e4bc20b0, L_0x5605e4bc2ac0;
v0x5605e4bab040_0 .net8 "result", 31 0, RS_0x7ff2c333e648;  2 drivers
S_0x5605e4b49260 .scope module, "DUT_Comparison" "Comparison_part" 2 6, 3 1 0, S_0x5605e4b316a0;
 .timescale -9 -9;
    .port_info 0 /INPUT 32 "a"
    .port_info 1 /INPUT 32 "b"
    .port_info 2 /OUTPUT 32 "result"
L_0x5605e4bc1e10 .functor NOT 32, v0x5605e4baaf80_0, C4<00000000000000000000000000000000>, C4<00000000000000000000000000000000>, C4<00000000000000000000000000000000>;
v0x5605e4baaaa0_0 .net "a", 31 0, v0x5605e4baae70_0;  1 drivers
v0x5605e4baab80_0 .net "b", 31 0, v0x5605e4baaf80_0;  1 drivers
v0x5605e4baac40_0 .net "comp", 31 0, L_0x5605e4bc1320;  1 drivers
v0x5605e4baad40_0 .net8 "result", 31 0, RS_0x7ff2c333e648;  alias, 2 drivers
L_0x5605e4bc4530 .part L_0x5605e4bc1320, 31, 1;
S_0x5605e4b46ae0 .scope module, "sign" "sign_extend" 3 7, 4 1 0, S_0x5605e4b49260;
 .timescale -9 -9;
    .port_info 0 /INPUT 1 "bit_to_extend"
    .port_info 1 /OUTPUT 32 "a"
L_0x5605e4bc1f60 .functor BUFZ 1, L_0x5605e4bc4530, C4<0>, C4<0>, C4<0>;
L_0x5605e4bc1fd0 .functor BUFZ 1, L_0x5605e4bc4530, C4<0>, C4<0>, C4<0>;
L_0x5605e4bc2040 .functor BUFZ 1, L_0x5605e4bc4530, C4<0>, C4<0>, C4<0>;
L_0x5605e4bc2150 .functor BUFZ 1, L_0x5605e4bc4530, C4<0>, C4<0>, C4<0>;
L_0x5605e4bc22a0 .functor BUFZ 1, L_0x5605e4bc4530, C4<0>, C4<0>, C4<0>;
L_0x5605e4bc2310 .functor BUFZ 1, L_0x5605e4bc4530, C4<0>, C4<0>, C4<0>;
L_0x5605e4bc23c0 .functor BUFZ 1, L_0x5605e4bc4530, C4<0>, C4<0>, C4<0>;
L_0x5605e4bc2430 .functor BUFZ 1, L_0x5605e4bc4530, C4<0>, C4<0>, C4<0>;
L_0x5605e4bc24f0 .functor BUFZ 1, L_0x5605e4bc4530, C4<0>, C4<0>, C4<0>;
L_0x5605e4bc2560 .functor BUFZ 1, L_0x5605e4bc4530, C4<0>, C4<0>, C4<0>;
L_0x5605e4bc2630 .functor BUFZ 1, L_0x5605e4bc4530, C4<0>, C4<0>, C4<0>;
L_0x5605e4bc26a0 .functor BUFZ 1, L_0x5605e4bc4530, C4<0>, C4<0>, C4<0>;
L_0x5605e4bc2780 .functor BUFZ 1, L_0x5605e4bc4530, C4<0>, C4<0>, C4<0>;
L_0x5605e4bc27f0 .functor BUFZ 1, L_0x5605e4bc4530, C4<0>, C4<0>, C4<0>;
L_0x5605e4bc2710 .functor BUFZ 1, L_0x5605e4bc4530, C4<0>, C4<0>, C4<0>;
L_0x5605e4bc28e0 .functor BUFZ 1, L_0x5605e4bc4530, C4<0>, C4<0>, C4<0>;
L_0x5605e4bc29e0 .functor BUFZ 1, L_0x5605e4bc4530, C4<0>, C4<0>, C4<0>;
L_0x5605e4bc2a50 .functor BUFZ 1, L_0x5605e4bc4530, C4<0>, C4<0>, C4<0>;
L_0x5605e4bc2b60 .functor BUFZ 1, L_0x5605e4bc4530, C4<0>, C4<0>, C4<0>;
L_0x5605e4bc2bd0 .functor BUFZ 1, L_0x5605e4bc4530, C4<0>, C4<0>, C4<0>;
L_0x5605e4bc2cf0 .functor BUFZ 1, L_0x5605e4bc4530, C4<0>, C4<0>, C4<0>;
L_0x5605e4bc2d60 .functor BUFZ 1, L_0x5605e4bc4530, C4<0>, C4<0>, C4<0>;
L_0x5605e4bc2e90 .functor BUFZ 1, L_0x5605e4bc4530, C4<0>, C4<0>, C4<0>;
L_0x5605e4bc2f00 .functor BUFZ 1, L_0x5605e4bc4530, C4<0>, C4<0>, C4<0>;
L_0x5605e4bc3040 .functor BUFZ 1, L_0x5605e4bc4530, C4<0>, C4<0>, C4<0>;
L_0x5605e4bc30b0 .functor BUFZ 1, L_0x5605e4bc4530, C4<0>, C4<0>, C4<0>;
L_0x5605e4bc3200 .functor BUFZ 1, L_0x5605e4bc4530, C4<0>, C4<0>, C4<0>;
L_0x5605e4bc3270 .functor BUFZ 1, L_0x5605e4bc4530, C4<0>, C4<0>, C4<0>;
L_0x5605e4bc33d0 .functor BUFZ 1, L_0x5605e4bc4530, C4<0>, C4<0>, C4<0>;
L_0x5605e4bc3440 .functor BUFZ 1, L_0x5605e4bc4530, C4<0>, C4<0>, C4<0>;
L_0x5605e4bc35b0 .functor BUFZ 1, L_0x5605e4bc4530, C4<0>, C4<0>, C4<0>;
L_0x5605e4bc3620 .functor BUFZ 1, L_0x5605e4bc4530, C4<0>, C4<0>, C4<0>;
L_0x5605e4bc4470 .functor BUFZ 1, L_0x5605e4bc4530, C4<0>, C4<0>, C4<0>;
v0x5605e4b36ea0_0 .net *"_s103", 0 0, L_0x5605e4bc30b0;  1 drivers
v0x5605e4b888e0_0 .net *"_s107", 0 0, L_0x5605e4bc3200;  1 drivers
v0x5605e4b88da0_0 .net *"_s11", 0 0, L_0x5605e4bc2040;  1 drivers
v0x5605e4b89260_0 .net *"_s111", 0 0, L_0x5605e4bc3270;  1 drivers
v0x5605e4b89720_0 .net *"_s115", 0 0, L_0x5605e4bc33d0;  1 drivers
v0x5605e4b89be0_0 .net *"_s119", 0 0, L_0x5605e4bc3440;  1 drivers
v0x5605e4b8a0a0_0 .net *"_s123", 0 0, L_0x5605e4bc35b0;  1 drivers
v0x5605e4b92da0_0 .net *"_s127", 0 0, L_0x5605e4bc3620;  1 drivers
v0x5605e4b92e80_0 .net *"_s132", 0 0, L_0x5605e4bc4470;  1 drivers
v0x5605e4b92ff0_0 .net *"_s15", 0 0, L_0x5605e4bc2150;  1 drivers
v0x5605e4b930d0_0 .net *"_s19", 0 0, L_0x5605e4bc22a0;  1 drivers
v0x5605e4b931b0_0 .net *"_s23", 0 0, L_0x5605e4bc2310;  1 drivers
v0x5605e4b93290_0 .net *"_s27", 0 0, L_0x5605e4bc23c0;  1 drivers
v0x5605e4b93370_0 .net *"_s3", 0 0, L_0x5605e4bc1f60;  1 drivers
v0x5605e4b93450_0 .net *"_s31", 0 0, L_0x5605e4bc2430;  1 drivers
v0x5605e4b93530_0 .net *"_s35", 0 0, L_0x5605e4bc24f0;  1 drivers
v0x5605e4b93610_0 .net *"_s39", 0 0, L_0x5605e4bc2560;  1 drivers
v0x5605e4b936f0_0 .net *"_s43", 0 0, L_0x5605e4bc2630;  1 drivers
v0x5605e4b937d0_0 .net *"_s47", 0 0, L_0x5605e4bc26a0;  1 drivers
v0x5605e4b938b0_0 .net *"_s51", 0 0, L_0x5605e4bc2780;  1 drivers
v0x5605e4b93990_0 .net *"_s55", 0 0, L_0x5605e4bc27f0;  1 drivers
v0x5605e4b93a70_0 .net *"_s59", 0 0, L_0x5605e4bc2710;  1 drivers
v0x5605e4b93b50_0 .net *"_s63", 0 0, L_0x5605e4bc28e0;  1 drivers
v0x5605e4b93c30_0 .net *"_s67", 0 0, L_0x5605e4bc29e0;  1 drivers
v0x5605e4b93d10_0 .net *"_s7", 0 0, L_0x5605e4bc1fd0;  1 drivers
v0x5605e4b93df0_0 .net *"_s71", 0 0, L_0x5605e4bc2a50;  1 drivers
v0x5605e4b93ed0_0 .net *"_s75", 0 0, L_0x5605e4bc2b60;  1 drivers
v0x5605e4b93fb0_0 .net *"_s79", 0 0, L_0x5605e4bc2bd0;  1 drivers
v0x5605e4b94090_0 .net *"_s83", 0 0, L_0x5605e4bc2cf0;  1 drivers
v0x5605e4b94170_0 .net *"_s87", 0 0, L_0x5605e4bc2d60;  1 drivers
v0x5605e4b94250_0 .net *"_s91", 0 0, L_0x5605e4bc2e90;  1 drivers
v0x5605e4b94330_0 .net *"_s95", 0 0, L_0x5605e4bc2f00;  1 drivers
v0x5605e4b94410_0 .net *"_s99", 0 0, L_0x5605e4bc3040;  1 drivers
v0x5605e4b944f0_0 .net8 "a", 31 0, RS_0x7ff2c333e648;  alias, 2 drivers
v0x5605e4b945d0_0 .net "bit_to_extend", 0 0, L_0x5605e4bc4530;  1 drivers
L_0x5605e4bc20b0 .part/pv L_0x5605e4bc2150, 27, 1, 32;
LS_0x5605e4bc2ac0_0_0 .concat8 [ 1 1 1 1], L_0x5605e4bc4470, L_0x5605e4bc3620, L_0x5605e4bc35b0, L_0x5605e4bc3440;
LS_0x5605e4bc2ac0_0_4 .concat8 [ 1 1 1 1], L_0x5605e4bc33d0, L_0x5605e4bc3270, L_0x5605e4bc3200, L_0x5605e4bc30b0;
LS_0x5605e4bc2ac0_0_8 .concat8 [ 1 1 1 1], L_0x5605e4bc3040, L_0x5605e4bc2f00, L_0x5605e4bc2e90, L_0x5605e4bc2d60;
LS_0x5605e4bc2ac0_0_12 .concat8 [ 1 1 1 1], L_0x5605e4bc2cf0, L_0x5605e4bc2bd0, L_0x5605e4bc2b60, L_0x5605e4bc2a50;
LS_0x5605e4bc2ac0_0_16 .concat8 [ 1 1 1 1], L_0x5605e4bc29e0, L_0x5605e4bc28e0, L_0x5605e4bc2710, L_0x5605e4bc27f0;
LS_0x5605e4bc2ac0_0_20 .concat8 [ 1 1 1 1], L_0x5605e4bc2780, L_0x5605e4bc26a0, L_0x5605e4bc2630, L_0x5605e4bc2560;
LS_0x5605e4bc2ac0_0_24 .concat8 [ 1 1 1 1], L_0x5605e4bc24f0, L_0x5605e4bc2430, L_0x5605e4bc23c0, L_0x5605e4bc2310;
LS_0x5605e4bc2ac0_0_28 .concat8 [ 1 1 1 1], L_0x5605e4bc22a0, L_0x5605e4bc2040, L_0x5605e4bc1fd0, L_0x5605e4bc1f60;
LS_0x5605e4bc2ac0_1_0 .concat8 [ 4 4 4 4], LS_0x5605e4bc2ac0_0_0, LS_0x5605e4bc2ac0_0_4, LS_0x5605e4bc2ac0_0_8, LS_0x5605e4bc2ac0_0_12;
LS_0x5605e4bc2ac0_1_4 .concat8 [ 4 4 4 4], LS_0x5605e4bc2ac0_0_16, LS_0x5605e4bc2ac0_0_20, LS_0x5605e4bc2ac0_0_24, LS_0x5605e4bc2ac0_0_28;
L_0x5605e4bc2ac0 .concat8 [ 16 16 0 0], LS_0x5605e4bc2ac0_1_0, LS_0x5605e4bc2ac0_1_4;
S_0x5605e4b946f0 .scope module, "slt" "ripple_carry_adder" 3 6, 5 1 0, S_0x5605e4b49260;
 .timescale -9 -9;
    .port_info 0 /INPUT 32 "a"
    .port_info 1 /INPUT 32 "b"
    .port_info 2 /INPUT 1 "f_cin"
    .port_info 3 /OUTPUT 32 "result"
v0x5605e4baa5f0_0 .net "a", 31 0, v0x5605e4baae70_0;  alias, 1 drivers
v0x5605e4baa6f0_0 .net "b", 31 0, L_0x5605e4bc1e10;  1 drivers
v0x5605e4baa7d0_0 .net "carry", 31 0, L_0x5605e4bc0200;  1 drivers
L_0x7ff2c32f5018 .functor BUFT 1, C4<1>, C4<0>, C4<0>, C4<0>;
v0x5605e4baa890_0 .net "f_cin", 0 0, L_0x7ff2c32f5018;  1 drivers
v0x5605e4baa960_0 .net "result", 31 0, L_0x5605e4bc1320;  alias, 1 drivers
L_0x5605e4bab730 .part v0x5605e4baae70_0, 0, 1;
L_0x5605e4bab860 .part L_0x5605e4bc1e10, 0, 1;
L_0x5605e4babe90 .part v0x5605e4baae70_0, 1, 1;
L_0x5605e4bac050 .part L_0x5605e4bc1e10, 1, 1;
L_0x5605e4bac1b0 .part L_0x5605e4bc0200, 0, 1;
L_0x5605e4bac720 .part v0x5605e4baae70_0, 2, 1;
L_0x5605e4bac890 .part L_0x5605e4bc1e10, 2, 1;
L_0x5605e4bac9c0 .part L_0x5605e4bc0200, 1, 1;
L_0x5605e4bacfa0 .part v0x5605e4baae70_0, 3, 1;
L_0x5605e4bad0d0 .part L_0x5605e4bc1e10, 3, 1;
L_0x5605e4bad2f0 .part L_0x5605e4bc0200, 2, 1;
L_0x5605e4bad790 .part v0x5605e4baae70_0, 4, 1;
L_0x5605e4bad930 .part L_0x5605e4bc1e10, 4, 1;
L_0x5605e4bada60 .part L_0x5605e4bc0200, 3, 1;
L_0x5605e4bae020 .part v0x5605e4baae70_0, 5, 1;
L_0x5605e4bae150 .part L_0x5605e4bc1e10, 5, 1;
L_0x5605e4bae280 .part L_0x5605e4bc0200, 4, 1;
L_0x5605e4bae7f0 .part v0x5605e4baae70_0, 6, 1;
L_0x5605e4bae9c0 .part L_0x5605e4bc1e10, 6, 1;
L_0x5605e4baea60 .part L_0x5605e4bc0200, 5, 1;
L_0x5605e4bae920 .part v0x5605e4baae70_0, 8, 1;
L_0x5605e4baf110 .part L_0x5605e4bc1e10, 8, 1;
L_0x5605e4baf410 .part L_0x5605e4bc0200, 7, 1;
L_0x5605e4baf980 .part v0x5605e4baae70_0, 7, 1;
L_0x5605e4bafaf0 .part L_0x5605e4bc1e10, 7, 1;
L_0x5605e4bafc20 .part L_0x5605e4bc0200, 6, 1;
L_0x5605e4bb0380 .part v0x5605e4baae70_0, 9, 1;
L_0x5605e4bb0420 .part L_0x5605e4bc1e10, 9, 1;
L_0x5605e4bb0640 .part L_0x5605e4bc0200, 8, 1;
L_0x5605e4bb0bb0 .part v0x5605e4baae70_0, 10, 1;
L_0x5605e4bb0de0 .part L_0x5605e4bc1e10, 10, 1;
L_0x5605e4bb0f10 .part L_0x5605e4bc0200, 9, 1;
L_0x5605e4bb1590 .part v0x5605e4baae70_0, 11, 1;
L_0x5605e4bb16c0 .part L_0x5605e4bc1e10, 11, 1;
L_0x5605e4bb1910 .part L_0x5605e4bc0200, 10, 1;
L_0x5605e4bb1e80 .part v0x5605e4baae70_0, 12, 1;
L_0x5605e4bb17f0 .part L_0x5605e4bc1e10, 12, 1;
L_0x5605e4bb2170 .part L_0x5605e4bc0200, 11, 1;
L_0x5605e4bb27b0 .part v0x5605e4baae70_0, 13, 1;
L_0x5605e4bb2af0 .part L_0x5605e4bc1e10, 13, 1;
L_0x5605e4bb2d70 .part L_0x5605e4bc0200, 12, 1;
L_0x5605e4bb32e0 .part v0x5605e4baae70_0, 14, 1;
L_0x5605e4bb3570 .part L_0x5605e4bc1e10, 14, 1;
L_0x5605e4bb36a0 .part L_0x5605e4bc0200, 13, 1;
L_0x5605e4bb3d80 .part v0x5605e4baae70_0, 15, 1;
L_0x5605e4bb3eb0 .part L_0x5605e4bc1e10, 15, 1;
L_0x5605e4bb4370 .part L_0x5605e4bc0200, 14, 1;
L_0x5605e4bb48e0 .part v0x5605e4baae70_0, 16, 1;
L_0x5605e4bb4ba0 .part L_0x5605e4bc1e10, 16, 1;
L_0x5605e4bb4cd0 .part L_0x5605e4bc0200, 15, 1;
L_0x5605e4bb55f0 .part v0x5605e4baae70_0, 17, 1;
L_0x5605e4bb5720 .part L_0x5605e4bc1e10, 17, 1;
L_0x5605e4bb5a00 .part L_0x5605e4bc0200, 16, 1;
L_0x5605e4bb5f70 .part v0x5605e4baae70_0, 18, 1;
L_0x5605e4bb6260 .part L_0x5605e4bc1e10, 18, 1;
L_0x5605e4bb6390 .part L_0x5605e4bc0200, 17, 1;
L_0x5605e4bb6ad0 .part v0x5605e4baae70_0, 19, 1;
L_0x5605e4bb6c00 .part L_0x5605e4bc1e10, 19, 1;
L_0x5605e4bb6f10 .part L_0x5605e4bc0200, 18, 1;
L_0x5605e4bb7480 .part v0x5605e4baae70_0, 20, 1;
L_0x5605e4bb77a0 .part L_0x5605e4bc1e10, 20, 1;
L_0x5605e4bb78d0 .part L_0x5605e4bc0200, 19, 1;
L_0x5605e4bb8040 .part v0x5605e4baae70_0, 21, 1;
L_0x5605e4bb8170 .part L_0x5605e4bc1e10, 21, 1;
L_0x5605e4bb84b0 .part L_0x5605e4bc0200, 20, 1;
L_0x5605e4bb8a20 .part v0x5605e4baae70_0, 22, 1;
L_0x5605e4bb8d70 .part L_0x5605e4bc1e10, 22, 1;
L_0x5605e4bb8ea0 .part L_0x5605e4bc0200, 21, 1;
L_0x5605e4bb9640 .part v0x5605e4baae70_0, 23, 1;
L_0x5605e4bb9770 .part L_0x5605e4bc1e10, 23, 1;
L_0x5605e4bb9ae0 .part L_0x5605e4bc0200, 22, 1;
L_0x5605e4bba050 .part v0x5605e4baae70_0, 24, 1;
L_0x5605e4bba3d0 .part L_0x5605e4bc1e10, 24, 1;
L_0x5605e4bba500 .part L_0x5605e4bc0200, 23, 1;
L_0x5605e4bbacd0 .part v0x5605e4baae70_0, 25, 1;
L_0x5605e4bbae00 .part L_0x5605e4bc1e10, 25, 1;
L_0x5605e4bbb1a0 .part L_0x5605e4bc0200, 24, 1;
L_0x5605e4bbb710 .part v0x5605e4baae70_0, 26, 1;
L_0x5605e4bbbac0 .part L_0x5605e4bc1e10, 26, 1;
L_0x5605e4bbbbf0 .part L_0x5605e4bc0200, 25, 1;
L_0x5605e4bbc3f0 .part v0x5605e4baae70_0, 27, 1;
L_0x5605e4bbc520 .part L_0x5605e4bc1e10, 27, 1;
L_0x5605e4bbc8f0 .part L_0x5605e4bc0200, 26, 1;
L_0x5605e4bbce60 .part v0x5605e4baae70_0, 28, 1;
L_0x5605e4bbd240 .part L_0x5605e4bc1e10, 28, 1;
L_0x5605e4bbd370 .part L_0x5605e4bc0200, 27, 1;
L_0x5605e4bbdba0 .part v0x5605e4baae70_0, 29, 1;
L_0x5605e4bbe0e0 .part L_0x5605e4bc1e10, 29, 1;
L_0x5605e4bbe4e0 .part L_0x5605e4bc0200, 28, 1;
L_0x5605e4bbea50 .part v0x5605e4baae70_0, 30, 1;
L_0x5605e4bbee60 .part L_0x5605e4bc1e10, 30, 1;
L_0x5605e4bbef90 .part L_0x5605e4bc0200, 29, 1;
L_0x5605e4bbf7f0 .part v0x5605e4baae70_0, 31, 1;
L_0x5605e4bbf920 .part L_0x5605e4bc1e10, 31, 1;
L_0x5605e4bc0160 .part L_0x5605e4bc0200, 30, 1;
LS_0x5605e4bc0200_0_0 .concat8 [ 1 1 1 1], L_0x5605e4bab480, L_0x5605e4babb90, L_0x5605e4bac420, L_0x5605e4bacca0;
LS_0x5605e4bc0200_0_4 .concat8 [ 1 1 1 1], L_0x5605e4bad4e0, L_0x5605e4badd20, L_0x5605e4bae4f0, L_0x5605e4baf680;
LS_0x5605e4bc0200_0_8 .concat8 [ 1 1 1 1], L_0x5605e4baed80, L_0x5605e4bb0080, L_0x5605e4bb08b0, L_0x5605e4bb1290;
LS_0x5605e4bc0200_0_12 .concat8 [ 1 1 1 1], L_0x5605e4bb1b80, L_0x5605e4bb24b0, L_0x5605e4bb2fe0, L_0x5605e4bb3a80;
LS_0x5605e4bc0200_0_16 .concat8 [ 1 1 1 1], L_0x5605e4bb45e0, L_0x5605e4bb52f0, L_0x5605e4bb5c70, L_0x5605e4bb67d0;
LS_0x5605e4bc0200_0_20 .concat8 [ 1 1 1 1], L_0x5605e4bb7180, L_0x5605e4bb7d40, L_0x5605e4bb8720, L_0x5605e4bb9340;
LS_0x5605e4bc0200_0_24 .concat8 [ 1 1 1 1], L_0x5605e4bb9d50, L_0x5605e4bba9d0, L_0x5605e4bbb410, L_0x5605e4bbc0f0;
LS_0x5605e4bc0200_0_28 .concat8 [ 1 1 1 1], L_0x5605e4bbcb60, L_0x5605e4bbd8a0, L_0x5605e4bbe750, L_0x5605e4bbf4f0;
LS_0x5605e4bc0200_1_0 .concat8 [ 4 4 4 4], LS_0x5605e4bc0200_0_0, LS_0x5605e4bc0200_0_4, LS_0x5605e4bc0200_0_8, LS_0x5605e4bc0200_0_12;
LS_0x5605e4bc0200_1_4 .concat8 [ 4 4 4 4], LS_0x5605e4bc0200_0_16, LS_0x5605e4bc0200_0_20, LS_0x5605e4bc0200_0_24, LS_0x5605e4bc0200_0_28;
L_0x5605e4bc0200 .concat8 [ 16 16 0 0], LS_0x5605e4bc0200_1_0, LS_0x5605e4bc0200_1_4;
LS_0x5605e4bc1320_0_0 .concat8 [ 1 1 1 1], L_0x5605e4bab630, L_0x5605e4babd40, L_0x5605e4bac5d0, L_0x5605e4bace50;
LS_0x5605e4bc1320_0_4 .concat8 [ 1 1 1 1], L_0x5605e4bad640, L_0x5605e4baded0, L_0x5605e4bae6a0, L_0x5605e4baf830;
LS_0x5605e4bc1320_0_8 .concat8 [ 1 1 1 1], L_0x5605e4baef30, L_0x5605e4bb0230, L_0x5605e4bb0a60, L_0x5605e4bb1440;
LS_0x5605e4bc1320_0_12 .concat8 [ 1 1 1 1], L_0x5605e4bb1d30, L_0x5605e4bb2660, L_0x5605e4bb3190, L_0x5605e4bb3c30;
LS_0x5605e4bc1320_0_16 .concat8 [ 1 1 1 1], L_0x5605e4bb4790, L_0x5605e4bb54a0, L_0x5605e4bb5e20, L_0x5605e4bb6980;
LS_0x5605e4bc1320_0_20 .concat8 [ 1 1 1 1], L_0x5605e4bb7330, L_0x5605e4bb7ef0, L_0x5605e4bb88d0, L_0x5605e4bb94f0;
LS_0x5605e4bc1320_0_24 .concat8 [ 1 1 1 1], L_0x5605e4bb9f00, L_0x5605e4bbab80, L_0x5605e4bbb5c0, L_0x5605e4bbc2a0;
LS_0x5605e4bc1320_0_28 .concat8 [ 1 1 1 1], L_0x5605e4bbcd10, L_0x5605e4bbda50, L_0x5605e4bbe900, L_0x5605e4bbf6a0;
LS_0x5605e4bc1320_1_0 .concat8 [ 4 4 4 4], LS_0x5605e4bc1320_0_0, LS_0x5605e4bc1320_0_4, LS_0x5605e4bc1320_0_8, LS_0x5605e4bc1320_0_12;
LS_0x5605e4bc1320_1_4 .concat8 [ 4 4 4 4], LS_0x5605e4bc1320_0_16, LS_0x5605e4bc1320_0_20, LS_0x5605e4bc1320_0_24, LS_0x5605e4bc1320_0_28;
L_0x5605e4bc1320 .concat8 [ 16 16 0 0], LS_0x5605e4bc1320_1_0, LS_0x5605e4bc1320_1_4;
S_0x5605e4b948e0 .scope module, "add0" "full_adder" 5 7, 6 1 0, S_0x5605e4b946f0;
 .timescale -9 -9;
    .port_info 0 /INPUT 1 "a"
    .port_info 1 /INPUT 1 "b"
    .port_info 2 /INPUT 1 "cin"
    .port_info 3 /OUTPUT 1 "cout"
    .port_info 4 /OUTPUT 1 "sum"
L_0x5605e4bab160 .functor XOR 1, L_0x5605e4bab730, L_0x5605e4bab860, C4<0>, C4<0>;
L_0x5605e4bab230 .functor AND 1, L_0x5605e4bab160, L_0x7ff2c32f5018, C4<1>, C4<1>;
L_0x5605e4bab370 .functor AND 1, L_0x5605e4bab730, L_0x5605e4bab860, C4<1>, C4<1>;
L_0x5605e4bab480 .functor OR 1, L_0x5605e4bab230, L_0x5605e4bab370, C4<0>, C4<0>;
L_0x5605e4bab5c0 .functor XOR 1, L_0x5605e4bab730, L_0x5605e4bab860, C4<0>, C4<0>;
L_0x5605e4bab630 .functor XOR 1, L_0x5605e4bab5c0, L_0x7ff2c32f5018, C4<0>, C4<0>;
v0x5605e4b94b30_0 .net *"_s0", 0 0, L_0x5605e4bab160;  1 drivers
v0x5605e4b94c30_0 .net *"_s2", 0 0, L_0x5605e4bab230;  1 drivers
v0x5605e4b94d10_0 .net *"_s4", 0 0, L_0x5605e4bab370;  1 drivers
v0x5605e4b94dd0_0 .net *"_s8", 0 0, L_0x5605e4bab5c0;  1 drivers
v0x5605e4b94eb0_0 .net "a", 0 0, L_0x5605e4bab730;  1 drivers
v0x5605e4b94fc0_0 .net "b", 0 0, L_0x5605e4bab860;  1 drivers
v0x5605e4b95080_0 .net "cin", 0 0, L_0x7ff2c32f5018;  alias, 1 drivers
v0x5605e4b95140_0 .net "cout", 0 0, L_0x5605e4bab480;  1 drivers
v0x5605e4b95200_0 .net "sum", 0 0, L_0x5605e4bab630;  1 drivers
S_0x5605e4b95360 .scope module, "add1" "full_adder" 5 8, 6 1 0, S_0x5605e4b946f0;
 .timescale -9 -9;
    .port_info 0 /INPUT 1 "a"
    .port_info 1 /INPUT 1 "b"
    .port_info 2 /INPUT 1 "cin"
    .port_info 3 /OUTPUT 1 "cout"
    .port_info 4 /OUTPUT 1 "sum"
L_0x5605e4bab990 .functor XOR 1, L_0x5605e4babe90, L_0x5605e4bac050, C4<0>, C4<0>;
L_0x5605e4baba00 .functor AND 1, L_0x5605e4bab990, L_0x5605e4bac1b0, C4<1>, C4<1>;
L_0x5605e4babaa0 .functor AND 1, L_0x5605e4babe90, L_0x5605e4bac050, C4<1>, C4<1>;
L_0x5605e4babb90 .functor OR 1, L_0x5605e4baba00, L_0x5605e4babaa0, C4<0>, C4<0>;
L_0x5605e4babcd0 .functor XOR 1, L_0x5605e4babe90, L_0x5605e4bac050, C4<0>, C4<0>;
L_0x5605e4babd40 .functor XOR 1, L_0x5605e4babcd0, L_0x5605e4bac1b0, C4<0>, C4<0>;
v0x5605e4b95580_0 .net *"_s0", 0 0, L_0x5605e4bab990;  1 drivers
v0x5605e4b95660_0 .net *"_s2", 0 0, L_0x5605e4baba00;  1 drivers
v0x5605e4b95740_0 .net *"_s4", 0 0, L_0x5605e4babaa0;  1 drivers
v0x5605e4b95800_0 .net *"_s8", 0 0, L_0x5605e4babcd0;  1 drivers
v0x5605e4b958e0_0 .net "a", 0 0, L_0x5605e4babe90;  1 drivers
v0x5605e4b959f0_0 .net "b", 0 0, L_0x5605e4bac050;  1 drivers
v0x5605e4b95ab0_0 .net "cin", 0 0, L_0x5605e4bac1b0;  1 drivers
v0x5605e4b95b70_0 .net "cout", 0 0, L_0x5605e4babb90;  1 drivers
v0x5605e4b95c30_0 .net "sum", 0 0, L_0x5605e4babd40;  1 drivers
S_0x5605e4b95e20 .scope module, "add10" "full_adder" 5 17, 6 1 0, S_0x5605e4b946f0;
 .timescale -9 -9;
    .port_info 0 /INPUT 1 "a"
    .port_info 1 /INPUT 1 "b"
    .port_info 2 /INPUT 1 "cin"
    .port_info 3 /OUTPUT 1 "cout"
    .port_info 4 /OUTPUT 1 "sum"
L_0x5605e4bb06e0 .functor XOR 1, L_0x5605e4bb0bb0, L_0x5605e4bb0de0, C4<0>, C4<0>;
L_0x5605e4bb0750 .functor AND 1, L_0x5605e4bb06e0, L_0x5605e4bb0f10, C4<1>, C4<1>;
L_0x5605e4bb07c0 .functor AND 1, L_0x5605e4bb0bb0, L_0x5605e4bb0de0, C4<1>, C4<1>;
L_0x5605e4bb08b0 .functor OR 1, L_0x5605e4bb0750, L_0x5605e4bb07c0, C4<0>, C4<0>;
L_0x5605e4bb09f0 .functor XOR 1, L_0x5605e4bb0bb0, L_0x5605e4bb0de0, C4<0>, C4<0>;
L_0x5605e4bb0a60 .functor XOR 1, L_0x5605e4bb09f0, L_0x5605e4bb0f10, C4<0>, C4<0>;
v0x5605e4b96020_0 .net *"_s0", 0 0, L_0x5605e4bb06e0;  1 drivers
v0x5605e4b96100_0 .net *"_s2", 0 0, L_0x5605e4bb0750;  1 drivers
v0x5605e4b961e0_0 .net *"_s4", 0 0, L_0x5605e4bb07c0;  1 drivers
v0x5605e4b962d0_0 .net *"_s8", 0 0, L_0x5605e4bb09f0;  1 drivers
v0x5605e4b963b0_0 .net "a", 0 0, L_0x5605e4bb0bb0;  1 drivers
v0x5605e4b964c0_0 .net "b", 0 0, L_0x5605e4bb0de0;  1 drivers
v0x5605e4b96580_0 .net "cin", 0 0, L_0x5605e4bb0f10;  1 drivers
v0x5605e4b96640_0 .net "cout", 0 0, L_0x5605e4bb08b0;  1 drivers
v0x5605e4b96700_0 .net "sum", 0 0, L_0x5605e4bb0a60;  1 drivers
S_0x5605e4b968f0 .scope module, "add11" "full_adder" 5 18, 6 1 0, S_0x5605e4b946f0;
 .timescale -9 -9;
    .port_info 0 /INPUT 1 "a"
    .port_info 1 /INPUT 1 "b"
    .port_info 2 /INPUT 1 "cin"
    .port_info 3 /OUTPUT 1 "cout"
    .port_info 4 /OUTPUT 1 "sum"
L_0x5605e4bb10c0 .functor XOR 1, L_0x5605e4bb1590, L_0x5605e4bb16c0, C4<0>, C4<0>;
L_0x5605e4bb1130 .functor AND 1, L_0x5605e4bb10c0, L_0x5605e4bb1910, C4<1>, C4<1>;
L_0x5605e4bb11a0 .functor AND 1, L_0x5605e4bb1590, L_0x5605e4bb16c0, C4<1>, C4<1>;
L_0x5605e4bb1290 .functor OR 1, L_0x5605e4bb1130, L_0x5605e4bb11a0, C4<0>, C4<0>;
L_0x5605e4bb13d0 .functor XOR 1, L_0x5605e4bb1590, L_0x5605e4bb16c0, C4<0>, C4<0>;
L_0x5605e4bb1440 .functor XOR 1, L_0x5605e4bb13d0, L_0x5605e4bb1910, C4<0>, C4<0>;
v0x5605e4b96af0_0 .net *"_s0", 0 0, L_0x5605e4bb10c0;  1 drivers
v0x5605e4b96bf0_0 .net *"_s2", 0 0, L_0x5605e4bb1130;  1 drivers
v0x5605e4b96cd0_0 .net *"_s4", 0 0, L_0x5605e4bb11a0;  1 drivers
v0x5605e4b96dc0_0 .net *"_s8", 0 0, L_0x5605e4bb13d0;  1 drivers
v0x5605e4b96ea0_0 .net "a", 0 0, L_0x5605e4bb1590;  1 drivers
v0x5605e4b96fb0_0 .net "b", 0 0, L_0x5605e4bb16c0;  1 drivers
v0x5605e4b97070_0 .net "cin", 0 0, L_0x5605e4bb1910;  1 drivers
v0x5605e4b97130_0 .net "cout", 0 0, L_0x5605e4bb1290;  1 drivers
v0x5605e4b971f0_0 .net "sum", 0 0, L_0x5605e4bb1440;  1 drivers
S_0x5605e4b973e0 .scope module, "add12" "full_adder" 5 19, 6 1 0, S_0x5605e4b946f0;
 .timescale -9 -9;
    .port_info 0 /INPUT 1 "a"
    .port_info 1 /INPUT 1 "b"
    .port_info 2 /INPUT 1 "cin"
    .port_info 3 /OUTPUT 1 "cout"
    .port_info 4 /OUTPUT 1 "sum"
L_0x5605e4bb19b0 .functor XOR 1, L_0x5605e4bb1e80, L_0x5605e4bb17f0, C4<0>, C4<0>;
L_0x5605e4bb1a20 .functor AND 1, L_0x5605e4bb19b0, L_0x5605e4bb2170, C4<1>, C4<1>;
L_0x5605e4bb1a90 .functor AND 1, L_0x5605e4bb1e80, L_0x5605e4bb17f0, C4<1>, C4<1>;
L_0x5605e4bb1b80 .functor OR 1, L_0x5605e4bb1a20, L_0x5605e4bb1a90, C4<0>, C4<0>;
L_0x5605e4bb1cc0 .functor XOR 1, L_0x5605e4bb1e80, L_0x5605e4bb17f0, C4<0>, C4<0>;
L_0x5605e4bb1d30 .functor XOR 1, L_0x5605e4bb1cc0, L_0x5605e4bb2170, C4<0>, C4<0>;
v0x5605e4b97630_0 .net *"_s0", 0 0, L_0x5605e4bb19b0;  1 drivers
v0x5605e4b97730_0 .net *"_s2", 0 0, L_0x5605e4bb1a20;  1 drivers
v0x5605e4b97810_0 .net *"_s4", 0 0, L_0x5605e4bb1a90;  1 drivers
v0x5605e4b978d0_0 .net *"_s8", 0 0, L_0x5605e4bb1cc0;  1 drivers
v0x5605e4b979b0_0 .net "a", 0 0, L_0x5605e4bb1e80;  1 drivers
v0x5605e4b97ac0_0 .net "b", 0 0, L_0x5605e4bb17f0;  1 drivers
v0x5605e4b97b80_0 .net "cin", 0 0, L_0x5605e4bb2170;  1 drivers
v0x5605e4b97c40_0 .net "cout", 0 0, L_0x5605e4bb1b80;  1 drivers
v0x5605e4b97d00_0 .net "sum", 0 0, L_0x5605e4bb1d30;  1 drivers
S_0x5605e4b97ef0 .scope module, "add13" "full_adder" 5 20, 6 1 0, S_0x5605e4b946f0;
 .timescale -9 -9;
    .port_info 0 /INPUT 1 "a"
    .port_info 1 /INPUT 1 "b"
    .port_info 2 /INPUT 1 "cin"
    .port_info 3 /OUTPUT 1 "cout"
    .port_info 4 /OUTPUT 1 "sum"
L_0x5605e4bb1890 .functor XOR 1, L_0x5605e4bb27b0, L_0x5605e4bb2af0, C4<0>, C4<0>;
L_0x5605e4bb2350 .functor AND 1, L_0x5605e4bb1890, L_0x5605e4bb2d70, C4<1>, C4<1>;
L_0x5605e4bb23c0 .functor AND 1, L_0x5605e4bb27b0, L_0x5605e4bb2af0, C4<1>, C4<1>;
L_0x5605e4bb24b0 .functor OR 1, L_0x5605e4bb2350, L_0x5605e4bb23c0, C4<0>, C4<0>;
L_0x5605e4bb25f0 .functor XOR 1, L_0x5605e4bb27b0, L_0x5605e4bb2af0, C4<0>, C4<0>;
L_0x5605e4bb2660 .functor XOR 1, L_0x5605e4bb25f0, L_0x5605e4bb2d70, C4<0>, C4<0>;
v0x5605e4b980f0_0 .net *"_s0", 0 0, L_0x5605e4bb1890;  1 drivers
v0x5605e4b981f0_0 .net *"_s2", 0 0, L_0x5605e4bb2350;  1 drivers
v0x5605e4b982d0_0 .net *"_s4", 0 0, L_0x5605e4bb23c0;  1 drivers
v0x5605e4b983c0_0 .net *"_s8", 0 0, L_0x5605e4bb25f0;  1 drivers
v0x5605e4b984a0_0 .net "a", 0 0, L_0x5605e4bb27b0;  1 drivers
v0x5605e4b985b0_0 .net "b", 0 0, L_0x5605e4bb2af0;  1 drivers
v0x5605e4b98670_0 .net "cin", 0 0, L_0x5605e4bb2d70;  1 drivers
v0x5605e4b98730_0 .net "cout", 0 0, L_0x5605e4bb24b0;  1 drivers
v0x5605e4b987f0_0 .net "sum", 0 0, L_0x5605e4bb2660;  1 drivers
S_0x5605e4b989e0 .scope module, "add14" "full_adder" 5 21, 6 1 0, S_0x5605e4b946f0;
 .timescale -9 -9;
    .port_info 0 /INPUT 1 "a"
    .port_info 1 /INPUT 1 "b"
    .port_info 2 /INPUT 1 "cin"
    .port_info 3 /OUTPUT 1 "cout"
    .port_info 4 /OUTPUT 1 "sum"
L_0x5605e4bb2e10 .functor XOR 1, L_0x5605e4bb32e0, L_0x5605e4bb3570, C4<0>, C4<0>;
L_0x5605e4bb2e80 .functor AND 1, L_0x5605e4bb2e10, L_0x5605e4bb36a0, C4<1>, C4<1>;
L_0x5605e4bb2ef0 .functor AND 1, L_0x5605e4bb32e0, L_0x5605e4bb3570, C4<1>, C4<1>;
L_0x5605e4bb2fe0 .functor OR 1, L_0x5605e4bb2e80, L_0x5605e4bb2ef0, C4<0>, C4<0>;
L_0x5605e4bb3120 .functor XOR 1, L_0x5605e4bb32e0, L_0x5605e4bb3570, C4<0>, C4<0>;
L_0x5605e4bb3190 .functor XOR 1, L_0x5605e4bb3120, L_0x5605e4bb36a0, C4<0>, C4<0>;
v0x5605e4b98be0_0 .net *"_s0", 0 0, L_0x5605e4bb2e10;  1 drivers
v0x5605e4b98ce0_0 .net *"_s2", 0 0, L_0x5605e4bb2e80;  1 drivers
v0x5605e4b98dc0_0 .net *"_s4", 0 0, L_0x5605e4bb2ef0;  1 drivers
v0x5605e4b98eb0_0 .net *"_s8", 0 0, L_0x5605e4bb3120;  1 drivers
v0x5605e4b98f90_0 .net "a", 0 0, L_0x5605e4bb32e0;  1 drivers
v0x5605e4b990a0_0 .net "b", 0 0, L_0x5605e4bb3570;  1 drivers
v0x5605e4b99160_0 .net "cin", 0 0, L_0x5605e4bb36a0;  1 drivers
v0x5605e4b99220_0 .net "cout", 0 0, L_0x5605e4bb2fe0;  1 drivers
v0x5605e4b992e0_0 .net "sum", 0 0, L_0x5605e4bb3190;  1 drivers
S_0x5605e4b994d0 .scope module, "add15" "full_adder" 5 22, 6 1 0, S_0x5605e4b946f0;
 .timescale -9 -9;
    .port_info 0 /INPUT 1 "a"
    .port_info 1 /INPUT 1 "b"
    .port_info 2 /INPUT 1 "cin"
    .port_info 3 /OUTPUT 1 "cout"
    .port_info 4 /OUTPUT 1 "sum"
L_0x5605e4bb38b0 .functor XOR 1, L_0x5605e4bb3d80, L_0x5605e4bb3eb0, C4<0>, C4<0>;
L_0x5605e4bb3920 .functor AND 1, L_0x5605e4bb38b0, L_0x5605e4bb4370, C4<1>, C4<1>;
L_0x5605e4bb3990 .functor AND 1, L_0x5605e4bb3d80, L_0x5605e4bb3eb0, C4<1>, C4<1>;
L_0x5605e4bb3a80 .functor OR 1, L_0x5605e4bb3920, L_0x5605e4bb3990, C4<0>, C4<0>;
L_0x5605e4bb3bc0 .functor XOR 1, L_0x5605e4bb3d80, L_0x5605e4bb3eb0, C4<0>, C4<0>;
L_0x5605e4bb3c30 .functor XOR 1, L_0x5605e4bb3bc0, L_0x5605e4bb4370, C4<0>, C4<0>;
v0x5605e4b996d0_0 .net *"_s0", 0 0, L_0x5605e4bb38b0;  1 drivers
v0x5605e4b997d0_0 .net *"_s2", 0 0, L_0x5605e4bb3920;  1 drivers
v0x5605e4b998b0_0 .net *"_s4", 0 0, L_0x5605e4bb3990;  1 drivers
v0x5605e4b999a0_0 .net *"_s8", 0 0, L_0x5605e4bb3bc0;  1 drivers
v0x5605e4b99a80_0 .net "a", 0 0, L_0x5605e4bb3d80;  1 drivers
v0x5605e4b99b90_0 .net "b", 0 0, L_0x5605e4bb3eb0;  1 drivers
v0x5605e4b99c50_0 .net "cin", 0 0, L_0x5605e4bb4370;  1 drivers
v0x5605e4b99d10_0 .net "cout", 0 0, L_0x5605e4bb3a80;  1 drivers
v0x5605e4b99dd0_0 .net "sum", 0 0, L_0x5605e4bb3c30;  1 drivers
S_0x5605e4b99fc0 .scope module, "add16" "full_adder" 5 23, 6 1 0, S_0x5605e4b946f0;
 .timescale -9 -9;
    .port_info 0 /INPUT 1 "a"
    .port_info 1 /INPUT 1 "b"
    .port_info 2 /INPUT 1 "cin"
    .port_info 3 /OUTPUT 1 "cout"
    .port_info 4 /OUTPUT 1 "sum"
L_0x5605e4bb4410 .functor XOR 1, L_0x5605e4bb48e0, L_0x5605e4bb4ba0, C4<0>, C4<0>;
L_0x5605e4bb4480 .functor AND 1, L_0x5605e4bb4410, L_0x5605e4bb4cd0, C4<1>, C4<1>;
L_0x5605e4bb44f0 .functor AND 1, L_0x5605e4bb48e0, L_0x5605e4bb4ba0, C4<1>, C4<1>;
L_0x5605e4bb45e0 .functor OR 1, L_0x5605e4bb4480, L_0x5605e4bb44f0, C4<0>, C4<0>;
L_0x5605e4bb4720 .functor XOR 1, L_0x5605e4bb48e0, L_0x5605e4bb4ba0, C4<0>, C4<0>;
L_0x5605e4bb4790 .functor XOR 1, L_0x5605e4bb4720, L_0x5605e4bb4cd0, C4<0>, C4<0>;
v0x5605e4b9a250_0 .net *"_s0", 0 0, L_0x5605e4bb4410;  1 drivers
v0x5605e4b9a350_0 .net *"_s2", 0 0, L_0x5605e4bb4480;  1 drivers
v0x5605e4b9a430_0 .net *"_s4", 0 0, L_0x5605e4bb44f0;  1 drivers
v0x5605e4b9a520_0 .net *"_s8", 0 0, L_0x5605e4bb4720;  1 drivers
v0x5605e4b9a600_0 .net "a", 0 0, L_0x5605e4bb48e0;  1 drivers
v0x5605e4b9a6c0_0 .net "b", 0 0, L_0x5605e4bb4ba0;  1 drivers
v0x5605e4b9a780_0 .net "cin", 0 0, L_0x5605e4bb4cd0;  1 drivers
v0x5605e4b9a840_0 .net "cout", 0 0, L_0x5605e4bb45e0;  1 drivers
v0x5605e4b9a900_0 .net "sum", 0 0, L_0x5605e4bb4790;  1 drivers
S_0x5605e4b9aaf0 .scope module, "add17" "full_adder" 5 24, 6 1 0, S_0x5605e4b946f0;
 .timescale -9 -9;
    .port_info 0 /INPUT 1 "a"
    .port_info 1 /INPUT 1 "b"
    .port_info 2 /INPUT 1 "cin"
    .port_info 3 /OUTPUT 1 "cout"
    .port_info 4 /OUTPUT 1 "sum"
L_0x5605e4bb5120 .functor XOR 1, L_0x5605e4bb55f0, L_0x5605e4bb5720, C4<0>, C4<0>;
L_0x5605e4bb5190 .functor AND 1, L_0x5605e4bb5120, L_0x5605e4bb5a00, C4<1>, C4<1>;
L_0x5605e4bb5200 .functor AND 1, L_0x5605e4bb55f0, L_0x5605e4bb5720, C4<1>, C4<1>;
L_0x5605e4bb52f0 .functor OR 1, L_0x5605e4bb5190, L_0x5605e4bb5200, C4<0>, C4<0>;
L_0x5605e4bb5430 .functor XOR 1, L_0x5605e4bb55f0, L_0x5605e4bb5720, C4<0>, C4<0>;
L_0x5605e4bb54a0 .functor XOR 1, L_0x5605e4bb5430, L_0x5605e4bb5a00, C4<0>, C4<0>;
v0x5605e4b9acf0_0 .net *"_s0", 0 0, L_0x5605e4bb5120;  1 drivers
v0x5605e4b9adf0_0 .net *"_s2", 0 0, L_0x5605e4bb5190;  1 drivers
v0x5605e4b9aed0_0 .net *"_s4", 0 0, L_0x5605e4bb5200;  1 drivers
v0x5605e4b9afc0_0 .net *"_s8", 0 0, L_0x5605e4bb5430;  1 drivers
v0x5605e4b9b0a0_0 .net "a", 0 0, L_0x5605e4bb55f0;  1 drivers
v0x5605e4b9b1b0_0 .net "b", 0 0, L_0x5605e4bb5720;  1 drivers
v0x5605e4b9b270_0 .net "cin", 0 0, L_0x5605e4bb5a00;  1 drivers
v0x5605e4b9b330_0 .net "cout", 0 0, L_0x5605e4bb52f0;  1 drivers
v0x5605e4b9b3f0_0 .net "sum", 0 0, L_0x5605e4bb54a0;  1 drivers
S_0x5605e4b9b5e0 .scope module, "add18" "full_adder" 5 25, 6 1 0, S_0x5605e4b946f0;
 .timescale -9 -9;
    .port_info 0 /INPUT 1 "a"
    .port_info 1 /INPUT 1 "b"
    .port_info 2 /INPUT 1 "cin"
    .port_info 3 /OUTPUT 1 "cout"
    .port_info 4 /OUTPUT 1 "sum"
L_0x5605e4bb5aa0 .functor XOR 1, L_0x5605e4bb5f70, L_0x5605e4bb6260, C4<0>, C4<0>;
L_0x5605e4bb5b10 .functor AND 1, L_0x5605e4bb5aa0, L_0x5605e4bb6390, C4<1>, C4<1>;
L_0x5605e4bb5b80 .functor AND 1, L_0x5605e4bb5f70, L_0x5605e4bb6260, C4<1>, C4<1>;
L_0x5605e4bb5c70 .functor OR 1, L_0x5605e4bb5b10, L_0x5605e4bb5b80, C4<0>, C4<0>;
L_0x5605e4bb5db0 .functor XOR 1, L_0x5605e4bb5f70, L_0x5605e4bb6260, C4<0>, C4<0>;
L_0x5605e4bb5e20 .functor XOR 1, L_0x5605e4bb5db0, L_0x5605e4bb6390, C4<0>, C4<0>;
v0x5605e4b9b7e0_0 .net *"_s0", 0 0, L_0x5605e4bb5aa0;  1 drivers
v0x5605e4b9b8e0_0 .net *"_s2", 0 0, L_0x5605e4bb5b10;  1 drivers
v0x5605e4b9b9c0_0 .net *"_s4", 0 0, L_0x5605e4bb5b80;  1 drivers
v0x5605e4b9bab0_0 .net *"_s8", 0 0, L_0x5605e4bb5db0;  1 drivers
v0x5605e4b9bb90_0 .net "a", 0 0, L_0x5605e4bb5f70;  1 drivers
v0x5605e4b9bca0_0 .net "b", 0 0, L_0x5605e4bb6260;  1 drivers
v0x5605e4b9bd60_0 .net "cin", 0 0, L_0x5605e4bb6390;  1 drivers
v0x5605e4b9be20_0 .net "cout", 0 0, L_0x5605e4bb5c70;  1 drivers
v0x5605e4b9bee0_0 .net "sum", 0 0, L_0x5605e4bb5e20;  1 drivers
S_0x5605e4b9c0d0 .scope module, "add19" "full_adder" 5 26, 6 1 0, S_0x5605e4b946f0;
 .timescale -9 -9;
    .port_info 0 /INPUT 1 "a"
    .port_info 1 /INPUT 1 "b"
    .port_info 2 /INPUT 1 "cin"
    .port_info 3 /OUTPUT 1 "cout"
    .port_info 4 /OUTPUT 1 "sum"
L_0x5605e4bb6600 .functor XOR 1, L_0x5605e4bb6ad0, L_0x5605e4bb6c00, C4<0>, C4<0>;
L_0x5605e4bb6670 .functor AND 1, L_0x5605e4bb6600, L_0x5605e4bb6f10, C4<1>, C4<1>;
L_0x5605e4bb66e0 .functor AND 1, L_0x5605e4bb6ad0, L_0x5605e4bb6c00, C4<1>, C4<1>;
L_0x5605e4bb67d0 .functor OR 1, L_0x5605e4bb6670, L_0x5605e4bb66e0, C4<0>, C4<0>;
L_0x5605e4bb6910 .functor XOR 1, L_0x5605e4bb6ad0, L_0x5605e4bb6c00, C4<0>, C4<0>;
L_0x5605e4bb6980 .functor XOR 1, L_0x5605e4bb6910, L_0x5605e4bb6f10, C4<0>, C4<0>;
v0x5605e4b9c2d0_0 .net *"_s0", 0 0, L_0x5605e4bb6600;  1 drivers
v0x5605e4b9c3d0_0 .net *"_s2", 0 0, L_0x5605e4bb6670;  1 drivers
v0x5605e4b9c4b0_0 .net *"_s4", 0 0, L_0x5605e4bb66e0;  1 drivers
v0x5605e4b9c5a0_0 .net *"_s8", 0 0, L_0x5605e4bb6910;  1 drivers
v0x5605e4b9c680_0 .net "a", 0 0, L_0x5605e4bb6ad0;  1 drivers
v0x5605e4b9c790_0 .net "b", 0 0, L_0x5605e4bb6c00;  1 drivers
v0x5605e4b9c850_0 .net "cin", 0 0, L_0x5605e4bb6f10;  1 drivers
v0x5605e4b9c910_0 .net "cout", 0 0, L_0x5605e4bb67d0;  1 drivers
v0x5605e4b9c9d0_0 .net "sum", 0 0, L_0x5605e4bb6980;  1 drivers
S_0x5605e4b9cbc0 .scope module, "add2" "full_adder" 5 9, 6 1 0, S_0x5605e4b946f0;
 .timescale -9 -9;
    .port_info 0 /INPUT 1 "a"
    .port_info 1 /INPUT 1 "b"
    .port_info 2 /INPUT 1 "cin"
    .port_info 3 /OUTPUT 1 "cout"
    .port_info 4 /OUTPUT 1 "sum"
L_0x5605e4bac250 .functor XOR 1, L_0x5605e4bac720, L_0x5605e4bac890, C4<0>, C4<0>;
L_0x5605e4bac2c0 .functor AND 1, L_0x5605e4bac250, L_0x5605e4bac9c0, C4<1>, C4<1>;
L_0x5605e4bac330 .functor AND 1, L_0x5605e4bac720, L_0x5605e4bac890, C4<1>, C4<1>;
L_0x5605e4bac420 .functor OR 1, L_0x5605e4bac2c0, L_0x5605e4bac330, C4<0>, C4<0>;
L_0x5605e4bac560 .functor XOR 1, L_0x5605e4bac720, L_0x5605e4bac890, C4<0>, C4<0>;
L_0x5605e4bac5d0 .functor XOR 1, L_0x5605e4bac560, L_0x5605e4bac9c0, C4<0>, C4<0>;
v0x5605e4b9cdc0_0 .net *"_s0", 0 0, L_0x5605e4bac250;  1 drivers
v0x5605e4b9cec0_0 .net *"_s2", 0 0, L_0x5605e4bac2c0;  1 drivers
v0x5605e4b9cfa0_0 .net *"_s4", 0 0, L_0x5605e4bac330;  1 drivers
v0x5605e4b9d090_0 .net *"_s8", 0 0, L_0x5605e4bac560;  1 drivers
v0x5605e4b9d170_0 .net "a", 0 0, L_0x5605e4bac720;  1 drivers
v0x5605e4b9d280_0 .net "b", 0 0, L_0x5605e4bac890;  1 drivers
v0x5605e4b9d340_0 .net "cin", 0 0, L_0x5605e4bac9c0;  1 drivers
v0x5605e4b9d400_0 .net "cout", 0 0, L_0x5605e4bac420;  1 drivers
v0x5605e4b9d4c0_0 .net "sum", 0 0, L_0x5605e4bac5d0;  1 drivers
S_0x5605e4b9d6b0 .scope module, "add20" "full_adder" 5 27, 6 1 0, S_0x5605e4b946f0;
 .timescale -9 -9;
    .port_info 0 /INPUT 1 "a"
    .port_info 1 /INPUT 1 "b"
    .port_info 2 /INPUT 1 "cin"
    .port_info 3 /OUTPUT 1 "cout"
    .port_info 4 /OUTPUT 1 "sum"
L_0x5605e4bb6fb0 .functor XOR 1, L_0x5605e4bb7480, L_0x5605e4bb77a0, C4<0>, C4<0>;
L_0x5605e4bb7020 .functor AND 1, L_0x5605e4bb6fb0, L_0x5605e4bb78d0, C4<1>, C4<1>;
L_0x5605e4bb7090 .functor AND 1, L_0x5605e4bb7480, L_0x5605e4bb77a0, C4<1>, C4<1>;
L_0x5605e4bb7180 .functor OR 1, L_0x5605e4bb7020, L_0x5605e4bb7090, C4<0>, C4<0>;
L_0x5605e4bb72c0 .functor XOR 1, L_0x5605e4bb7480, L_0x5605e4bb77a0, C4<0>, C4<0>;
L_0x5605e4bb7330 .functor XOR 1, L_0x5605e4bb72c0, L_0x5605e4bb78d0, C4<0>, C4<0>;
v0x5605e4b9d8b0_0 .net *"_s0", 0 0, L_0x5605e4bb6fb0;  1 drivers
v0x5605e4b9d9b0_0 .net *"_s2", 0 0, L_0x5605e4bb7020;  1 drivers
v0x5605e4b9da90_0 .net *"_s4", 0 0, L_0x5605e4bb7090;  1 drivers
v0x5605e4b9db80_0 .net *"_s8", 0 0, L_0x5605e4bb72c0;  1 drivers
v0x5605e4b9dc60_0 .net "a", 0 0, L_0x5605e4bb7480;  1 drivers
v0x5605e4b9dd70_0 .net "b", 0 0, L_0x5605e4bb77a0;  1 drivers
v0x5605e4b9de30_0 .net "cin", 0 0, L_0x5605e4bb78d0;  1 drivers
v0x5605e4b9def0_0 .net "cout", 0 0, L_0x5605e4bb7180;  1 drivers
v0x5605e4b9dfb0_0 .net "sum", 0 0, L_0x5605e4bb7330;  1 drivers
S_0x5605e4b9e1a0 .scope module, "add21" "full_adder" 5 28, 6 1 0, S_0x5605e4b946f0;
 .timescale -9 -9;
    .port_info 0 /INPUT 1 "a"
    .port_info 1 /INPUT 1 "b"
    .port_info 2 /INPUT 1 "cin"
    .port_info 3 /OUTPUT 1 "cout"
    .port_info 4 /OUTPUT 1 "sum"
L_0x5605e4bb7b70 .functor XOR 1, L_0x5605e4bb8040, L_0x5605e4bb8170, C4<0>, C4<0>;
L_0x5605e4bb7be0 .functor AND 1, L_0x5605e4bb7b70, L_0x5605e4bb84b0, C4<1>, C4<1>;
L_0x5605e4bb7c50 .functor AND 1, L_0x5605e4bb8040, L_0x5605e4bb8170, C4<1>, C4<1>;
L_0x5605e4bb7d40 .functor OR 1, L_0x5605e4bb7be0, L_0x5605e4bb7c50, C4<0>, C4<0>;
L_0x5605e4bb7e80 .functor XOR 1, L_0x5605e4bb8040, L_0x5605e4bb8170, C4<0>, C4<0>;
L_0x5605e4bb7ef0 .functor XOR 1, L_0x5605e4bb7e80, L_0x5605e4bb84b0, C4<0>, C4<0>;
v0x5605e4b9e3a0_0 .net *"_s0", 0 0, L_0x5605e4bb7b70;  1 drivers
v0x5605e4b9e4a0_0 .net *"_s2", 0 0, L_0x5605e4bb7be0;  1 drivers
v0x5605e4b9e580_0 .net *"_s4", 0 0, L_0x5605e4bb7c50;  1 drivers
v0x5605e4b9e670_0 .net *"_s8", 0 0, L_0x5605e4bb7e80;  1 drivers
v0x5605e4b9e750_0 .net "a", 0 0, L_0x5605e4bb8040;  1 drivers
v0x5605e4b9e860_0 .net "b", 0 0, L_0x5605e4bb8170;  1 drivers
v0x5605e4b9e920_0 .net "cin", 0 0, L_0x5605e4bb84b0;  1 drivers
v0x5605e4b9e9e0_0 .net "cout", 0 0, L_0x5605e4bb7d40;  1 drivers
v0x5605e4b9eaa0_0 .net "sum", 0 0, L_0x5605e4bb7ef0;  1 drivers
S_0x5605e4b9ec90 .scope module, "add22" "full_adder" 5 29, 6 1 0, S_0x5605e4b946f0;
 .timescale -9 -9;
    .port_info 0 /INPUT 1 "a"
    .port_info 1 /INPUT 1 "b"
    .port_info 2 /INPUT 1 "cin"
    .port_info 3 /OUTPUT 1 "cout"
    .port_info 4 /OUTPUT 1 "sum"
L_0x5605e4bb8550 .functor XOR 1, L_0x5605e4bb8a20, L_0x5605e4bb8d70, C4<0>, C4<0>;
L_0x5605e4bb85c0 .functor AND 1, L_0x5605e4bb8550, L_0x5605e4bb8ea0, C4<1>, C4<1>;
L_0x5605e4bb8630 .functor AND 1, L_0x5605e4bb8a20, L_0x5605e4bb8d70, C4<1>, C4<1>;
L_0x5605e4bb8720 .functor OR 1, L_0x5605e4bb85c0, L_0x5605e4bb8630, C4<0>, C4<0>;
L_0x5605e4bb8860 .functor XOR 1, L_0x5605e4bb8a20, L_0x5605e4bb8d70, C4<0>, C4<0>;
L_0x5605e4bb88d0 .functor XOR 1, L_0x5605e4bb8860, L_0x5605e4bb8ea0, C4<0>, C4<0>;
v0x5605e4b9ee90_0 .net *"_s0", 0 0, L_0x5605e4bb8550;  1 drivers
v0x5605e4b9ef90_0 .net *"_s2", 0 0, L_0x5605e4bb85c0;  1 drivers
v0x5605e4b9f070_0 .net *"_s4", 0 0, L_0x5605e4bb8630;  1 drivers
v0x5605e4b9f160_0 .net *"_s8", 0 0, L_0x5605e4bb8860;  1 drivers
v0x5605e4b9f240_0 .net "a", 0 0, L_0x5605e4bb8a20;  1 drivers
v0x5605e4b9f350_0 .net "b", 0 0, L_0x5605e4bb8d70;  1 drivers
v0x5605e4b9f410_0 .net "cin", 0 0, L_0x5605e4bb8ea0;  1 drivers
v0x5605e4b9f4d0_0 .net "cout", 0 0, L_0x5605e4bb8720;  1 drivers
v0x5605e4b9f590_0 .net "sum", 0 0, L_0x5605e4bb88d0;  1 drivers
S_0x5605e4b9f780 .scope module, "add23" "full_adder" 5 30, 6 1 0, S_0x5605e4b946f0;
 .timescale -9 -9;
    .port_info 0 /INPUT 1 "a"
    .port_info 1 /INPUT 1 "b"
    .port_info 2 /INPUT 1 "cin"
    .port_info 3 /OUTPUT 1 "cout"
    .port_info 4 /OUTPUT 1 "sum"
L_0x5605e4bb9170 .functor XOR 1, L_0x5605e4bb9640, L_0x5605e4bb9770, C4<0>, C4<0>;
L_0x5605e4bb91e0 .functor AND 1, L_0x5605e4bb9170, L_0x5605e4bb9ae0, C4<1>, C4<1>;
L_0x5605e4bb9250 .functor AND 1, L_0x5605e4bb9640, L_0x5605e4bb9770, C4<1>, C4<1>;
L_0x5605e4bb9340 .functor OR 1, L_0x5605e4bb91e0, L_0x5605e4bb9250, C4<0>, C4<0>;
L_0x5605e4bb9480 .functor XOR 1, L_0x5605e4bb9640, L_0x5605e4bb9770, C4<0>, C4<0>;
L_0x5605e4bb94f0 .functor XOR 1, L_0x5605e4bb9480, L_0x5605e4bb9ae0, C4<0>, C4<0>;
v0x5605e4b9f980_0 .net *"_s0", 0 0, L_0x5605e4bb9170;  1 drivers
v0x5605e4b9fa80_0 .net *"_s2", 0 0, L_0x5605e4bb91e0;  1 drivers
v0x5605e4b9fb60_0 .net *"_s4", 0 0, L_0x5605e4bb9250;  1 drivers
v0x5605e4b9fc50_0 .net *"_s8", 0 0, L_0x5605e4bb9480;  1 drivers
v0x5605e4b9fd30_0 .net "a", 0 0, L_0x5605e4bb9640;  1 drivers
v0x5605e4b9fe40_0 .net "b", 0 0, L_0x5605e4bb9770;  1 drivers
v0x5605e4b9ff00_0 .net "cin", 0 0, L_0x5605e4bb9ae0;  1 drivers
v0x5605e4b9ffc0_0 .net "cout", 0 0, L_0x5605e4bb9340;  1 drivers
v0x5605e4ba0080_0 .net "sum", 0 0, L_0x5605e4bb94f0;  1 drivers
S_0x5605e4ba01e0 .scope module, "add24" "full_adder" 5 31, 6 1 0, S_0x5605e4b946f0;
 .timescale -9 -9;
    .port_info 0 /INPUT 1 "a"
    .port_info 1 /INPUT 1 "b"
    .port_info 2 /INPUT 1 "cin"
    .port_info 3 /OUTPUT 1 "cout"
    .port_info 4 /OUTPUT 1 "sum"
L_0x5605e4bb9b80 .functor XOR 1, L_0x5605e4bba050, L_0x5605e4bba3d0, C4<0>, C4<0>;
L_0x5605e4bb9bf0 .functor AND 1, L_0x5605e4bb9b80, L_0x5605e4bba500, C4<1>, C4<1>;
L_0x5605e4bb9c60 .functor AND 1, L_0x5605e4bba050, L_0x5605e4bba3d0, C4<1>, C4<1>;
L_0x5605e4bb9d50 .functor OR 1, L_0x5605e4bb9bf0, L_0x5605e4bb9c60, C4<0>, C4<0>;
L_0x5605e4bb9e90 .functor XOR 1, L_0x5605e4bba050, L_0x5605e4bba3d0, C4<0>, C4<0>;
L_0x5605e4bb9f00 .functor XOR 1, L_0x5605e4bb9e90, L_0x5605e4bba500, C4<0>, C4<0>;
v0x5605e4ba03e0_0 .net *"_s0", 0 0, L_0x5605e4bb9b80;  1 drivers
v0x5605e4ba04e0_0 .net *"_s2", 0 0, L_0x5605e4bb9bf0;  1 drivers
v0x5605e4ba05c0_0 .net *"_s4", 0 0, L_0x5605e4bb9c60;  1 drivers
v0x5605e4ba06b0_0 .net *"_s8", 0 0, L_0x5605e4bb9e90;  1 drivers
v0x5605e4ba0790_0 .net "a", 0 0, L_0x5605e4bba050;  1 drivers
v0x5605e4ba08a0_0 .net "b", 0 0, L_0x5605e4bba3d0;  1 drivers
v0x5605e4ba0960_0 .net "cin", 0 0, L_0x5605e4bba500;  1 drivers
v0x5605e4ba0a20_0 .net "cout", 0 0, L_0x5605e4bb9d50;  1 drivers
v0x5605e4ba0ae0_0 .net "sum", 0 0, L_0x5605e4bb9f00;  1 drivers
S_0x5605e4ba0cd0 .scope module, "add25" "full_adder" 5 32, 6 1 0, S_0x5605e4b946f0;
 .timescale -9 -9;
    .port_info 0 /INPUT 1 "a"
    .port_info 1 /INPUT 1 "b"
    .port_info 2 /INPUT 1 "cin"
    .port_info 3 /OUTPUT 1 "cout"
    .port_info 4 /OUTPUT 1 "sum"
L_0x5605e4bba800 .functor XOR 1, L_0x5605e4bbacd0, L_0x5605e4bbae00, C4<0>, C4<0>;
L_0x5605e4bba870 .functor AND 1, L_0x5605e4bba800, L_0x5605e4bbb1a0, C4<1>, C4<1>;
L_0x5605e4bba8e0 .functor AND 1, L_0x5605e4bbacd0, L_0x5605e4bbae00, C4<1>, C4<1>;
L_0x5605e4bba9d0 .functor OR 1, L_0x5605e4bba870, L_0x5605e4bba8e0, C4<0>, C4<0>;
L_0x5605e4bbab10 .functor XOR 1, L_0x5605e4bbacd0, L_0x5605e4bbae00, C4<0>, C4<0>;
L_0x5605e4bbab80 .functor XOR 1, L_0x5605e4bbab10, L_0x5605e4bbb1a0, C4<0>, C4<0>;
v0x5605e4ba0ed0_0 .net *"_s0", 0 0, L_0x5605e4bba800;  1 drivers
v0x5605e4ba0fd0_0 .net *"_s2", 0 0, L_0x5605e4bba870;  1 drivers
v0x5605e4ba10b0_0 .net *"_s4", 0 0, L_0x5605e4bba8e0;  1 drivers
v0x5605e4ba11a0_0 .net *"_s8", 0 0, L_0x5605e4bbab10;  1 drivers
v0x5605e4ba1280_0 .net "a", 0 0, L_0x5605e4bbacd0;  1 drivers
v0x5605e4ba1390_0 .net "b", 0 0, L_0x5605e4bbae00;  1 drivers
v0x5605e4ba1450_0 .net "cin", 0 0, L_0x5605e4bbb1a0;  1 drivers
v0x5605e4ba1510_0 .net "cout", 0 0, L_0x5605e4bba9d0;  1 drivers
v0x5605e4ba15d0_0 .net "sum", 0 0, L_0x5605e4bbab80;  1 drivers
S_0x5605e4ba17c0 .scope module, "add26" "full_adder" 5 33, 6 1 0, S_0x5605e4b946f0;
 .timescale -9 -9;
    .port_info 0 /INPUT 1 "a"
    .port_info 1 /INPUT 1 "b"
    .port_info 2 /INPUT 1 "cin"
    .port_info 3 /OUTPUT 1 "cout"
    .port_info 4 /OUTPUT 1 "sum"
L_0x5605e4bbb240 .functor XOR 1, L_0x5605e4bbb710, L_0x5605e4bbbac0, C4<0>, C4<0>;
L_0x5605e4bbb2b0 .functor AND 1, L_0x5605e4bbb240, L_0x5605e4bbbbf0, C4<1>, C4<1>;
L_0x5605e4bbb320 .functor AND 1, L_0x5605e4bbb710, L_0x5605e4bbbac0, C4<1>, C4<1>;
L_0x5605e4bbb410 .functor OR 1, L_0x5605e4bbb2b0, L_0x5605e4bbb320, C4<0>, C4<0>;
L_0x5605e4bbb550 .functor XOR 1, L_0x5605e4bbb710, L_0x5605e4bbbac0, C4<0>, C4<0>;
L_0x5605e4bbb5c0 .functor XOR 1, L_0x5605e4bbb550, L_0x5605e4bbbbf0, C4<0>, C4<0>;
v0x5605e4ba19c0_0 .net *"_s0", 0 0, L_0x5605e4bbb240;  1 drivers
v0x5605e4ba1ac0_0 .net *"_s2", 0 0, L_0x5605e4bbb2b0;  1 drivers
v0x5605e4ba1ba0_0 .net *"_s4", 0 0, L_0x5605e4bbb320;  1 drivers
v0x5605e4ba1c90_0 .net *"_s8", 0 0, L_0x5605e4bbb550;  1 drivers
v0x5605e4ba1d70_0 .net "a", 0 0, L_0x5605e4bbb710;  1 drivers
v0x5605e4ba1e80_0 .net "b", 0 0, L_0x5605e4bbbac0;  1 drivers
v0x5605e4ba1f40_0 .net "cin", 0 0, L_0x5605e4bbbbf0;  1 drivers
v0x5605e4ba2000_0 .net "cout", 0 0, L_0x5605e4bbb410;  1 drivers
v0x5605e4ba20c0_0 .net "sum", 0 0, L_0x5605e4bbb5c0;  1 drivers
S_0x5605e4ba22b0 .scope module, "add27" "full_adder" 5 34, 6 1 0, S_0x5605e4b946f0;
 .timescale -9 -9;
    .port_info 0 /INPUT 1 "a"
    .port_info 1 /INPUT 1 "b"
    .port_info 2 /INPUT 1 "cin"
    .port_info 3 /OUTPUT 1 "cout"
    .port_info 4 /OUTPUT 1 "sum"
L_0x5605e4bbbf20 .functor XOR 1, L_0x5605e4bbc3f0, L_0x5605e4bbc520, C4<0>, C4<0>;
L_0x5605e4bbbf90 .functor AND 1, L_0x5605e4bbbf20, L_0x5605e4bbc8f0, C4<1>, C4<1>;
L_0x5605e4bbc000 .functor AND 1, L_0x5605e4bbc3f0, L_0x5605e4bbc520, C4<1>, C4<1>;
L_0x5605e4bbc0f0 .functor OR 1, L_0x5605e4bbbf90, L_0x5605e4bbc000, C4<0>, C4<0>;
L_0x5605e4bbc230 .functor XOR 1, L_0x5605e4bbc3f0, L_0x5605e4bbc520, C4<0>, C4<0>;
L_0x5605e4bbc2a0 .functor XOR 1, L_0x5605e4bbc230, L_0x5605e4bbc8f0, C4<0>, C4<0>;
v0x5605e4ba24b0_0 .net *"_s0", 0 0, L_0x5605e4bbbf20;  1 drivers
v0x5605e4ba25b0_0 .net *"_s2", 0 0, L_0x5605e4bbbf90;  1 drivers
v0x5605e4ba2690_0 .net *"_s4", 0 0, L_0x5605e4bbc000;  1 drivers
v0x5605e4ba2780_0 .net *"_s8", 0 0, L_0x5605e4bbc230;  1 drivers
v0x5605e4ba2860_0 .net "a", 0 0, L_0x5605e4bbc3f0;  1 drivers
v0x5605e4ba2970_0 .net "b", 0 0, L_0x5605e4bbc520;  1 drivers
v0x5605e4ba2a30_0 .net "cin", 0 0, L_0x5605e4bbc8f0;  1 drivers
v0x5605e4ba2af0_0 .net "cout", 0 0, L_0x5605e4bbc0f0;  1 drivers
v0x5605e4ba2bb0_0 .net "sum", 0 0, L_0x5605e4bbc2a0;  1 drivers
S_0x5605e4ba2da0 .scope module, "add28" "full_adder" 5 35, 6 1 0, S_0x5605e4b946f0;
 .timescale -9 -9;
    .port_info 0 /INPUT 1 "a"
    .port_info 1 /INPUT 1 "b"
    .port_info 2 /INPUT 1 "cin"
    .port_info 3 /OUTPUT 1 "cout"
    .port_info 4 /OUTPUT 1 "sum"
L_0x5605e4bbc990 .functor XOR 1, L_0x5605e4bbce60, L_0x5605e4bbd240, C4<0>, C4<0>;
L_0x5605e4bbca00 .functor AND 1, L_0x5605e4bbc990, L_0x5605e4bbd370, C4<1>, C4<1>;
L_0x5605e4bbca70 .functor AND 1, L_0x5605e4bbce60, L_0x5605e4bbd240, C4<1>, C4<1>;
L_0x5605e4bbcb60 .functor OR 1, L_0x5605e4bbca00, L_0x5605e4bbca70, C4<0>, C4<0>;
L_0x5605e4bbcca0 .functor XOR 1, L_0x5605e4bbce60, L_0x5605e4bbd240, C4<0>, C4<0>;
L_0x5605e4bbcd10 .functor XOR 1, L_0x5605e4bbcca0, L_0x5605e4bbd370, C4<0>, C4<0>;
v0x5605e4ba2fa0_0 .net *"_s0", 0 0, L_0x5605e4bbc990;  1 drivers
v0x5605e4ba30a0_0 .net *"_s2", 0 0, L_0x5605e4bbca00;  1 drivers
v0x5605e4ba3180_0 .net *"_s4", 0 0, L_0x5605e4bbca70;  1 drivers
v0x5605e4ba3270_0 .net *"_s8", 0 0, L_0x5605e4bbcca0;  1 drivers
v0x5605e4ba3350_0 .net "a", 0 0, L_0x5605e4bbce60;  1 drivers
v0x5605e4ba3460_0 .net "b", 0 0, L_0x5605e4bbd240;  1 drivers
v0x5605e4ba3520_0 .net "cin", 0 0, L_0x5605e4bbd370;  1 drivers
v0x5605e4ba35e0_0 .net "cout", 0 0, L_0x5605e4bbcb60;  1 drivers
v0x5605e4ba36a0_0 .net "sum", 0 0, L_0x5605e4bbcd10;  1 drivers
S_0x5605e4ba3890 .scope module, "add29" "full_adder" 5 36, 6 1 0, S_0x5605e4b946f0;
 .timescale -9 -9;
    .port_info 0 /INPUT 1 "a"
    .port_info 1 /INPUT 1 "b"
    .port_info 2 /INPUT 1 "cin"
    .port_info 3 /OUTPUT 1 "cout"
    .port_info 4 /OUTPUT 1 "sum"
L_0x5605e4bbd6d0 .functor XOR 1, L_0x5605e4bbdba0, L_0x5605e4bbe0e0, C4<0>, C4<0>;
L_0x5605e4bbd740 .functor AND 1, L_0x5605e4bbd6d0, L_0x5605e4bbe4e0, C4<1>, C4<1>;
L_0x5605e4bbd7b0 .functor AND 1, L_0x5605e4bbdba0, L_0x5605e4bbe0e0, C4<1>, C4<1>;
L_0x5605e4bbd8a0 .functor OR 1, L_0x5605e4bbd740, L_0x5605e4bbd7b0, C4<0>, C4<0>;
L_0x5605e4bbd9e0 .functor XOR 1, L_0x5605e4bbdba0, L_0x5605e4bbe0e0, C4<0>, C4<0>;
L_0x5605e4bbda50 .functor XOR 1, L_0x5605e4bbd9e0, L_0x5605e4bbe4e0, C4<0>, C4<0>;
v0x5605e4ba3a90_0 .net *"_s0", 0 0, L_0x5605e4bbd6d0;  1 drivers
v0x5605e4ba3b90_0 .net *"_s2", 0 0, L_0x5605e4bbd740;  1 drivers
v0x5605e4ba3c70_0 .net *"_s4", 0 0, L_0x5605e4bbd7b0;  1 drivers
v0x5605e4ba3d60_0 .net *"_s8", 0 0, L_0x5605e4bbd9e0;  1 drivers
v0x5605e4ba3e40_0 .net "a", 0 0, L_0x5605e4bbdba0;  1 drivers
v0x5605e4ba3f50_0 .net "b", 0 0, L_0x5605e4bbe0e0;  1 drivers
v0x5605e4ba4010_0 .net "cin", 0 0, L_0x5605e4bbe4e0;  1 drivers
v0x5605e4ba40d0_0 .net "cout", 0 0, L_0x5605e4bbd8a0;  1 drivers
v0x5605e4ba4190_0 .net "sum", 0 0, L_0x5605e4bbda50;  1 drivers
S_0x5605e4ba4380 .scope module, "add3" "full_adder" 5 10, 6 1 0, S_0x5605e4b946f0;
 .timescale -9 -9;
    .port_info 0 /INPUT 1 "a"
    .port_info 1 /INPUT 1 "b"
    .port_info 2 /INPUT 1 "cin"
    .port_info 3 /OUTPUT 1 "cout"
    .port_info 4 /OUTPUT 1 "sum"
L_0x5605e4bacab0 .functor XOR 1, L_0x5605e4bacfa0, L_0x5605e4bad0d0, C4<0>, C4<0>;
L_0x5605e4bacb20 .functor AND 1, L_0x5605e4bacab0, L_0x5605e4bad2f0, C4<1>, C4<1>;
L_0x5605e4bacb90 .functor AND 1, L_0x5605e4bacfa0, L_0x5605e4bad0d0, C4<1>, C4<1>;
L_0x5605e4bacca0 .functor OR 1, L_0x5605e4bacb20, L_0x5605e4bacb90, C4<0>, C4<0>;
L_0x5605e4bacde0 .functor XOR 1, L_0x5605e4bacfa0, L_0x5605e4bad0d0, C4<0>, C4<0>;
L_0x5605e4bace50 .functor XOR 1, L_0x5605e4bacde0, L_0x5605e4bad2f0, C4<0>, C4<0>;
v0x5605e4ba4580_0 .net *"_s0", 0 0, L_0x5605e4bacab0;  1 drivers
v0x5605e4ba4680_0 .net *"_s2", 0 0, L_0x5605e4bacb20;  1 drivers
v0x5605e4ba4760_0 .net *"_s4", 0 0, L_0x5605e4bacb90;  1 drivers
v0x5605e4ba4850_0 .net *"_s8", 0 0, L_0x5605e4bacde0;  1 drivers
v0x5605e4ba4930_0 .net "a", 0 0, L_0x5605e4bacfa0;  1 drivers
v0x5605e4ba4a40_0 .net "b", 0 0, L_0x5605e4bad0d0;  1 drivers
v0x5605e4ba4b00_0 .net "cin", 0 0, L_0x5605e4bad2f0;  1 drivers
v0x5605e4ba4bc0_0 .net "cout", 0 0, L_0x5605e4bacca0;  1 drivers
v0x5605e4ba4c80_0 .net "sum", 0 0, L_0x5605e4bace50;  1 drivers
S_0x5605e4ba4e70 .scope module, "add30" "full_adder" 5 37, 6 1 0, S_0x5605e4b946f0;
 .timescale -9 -9;
    .port_info 0 /INPUT 1 "a"
    .port_info 1 /INPUT 1 "b"
    .port_info 2 /INPUT 1 "cin"
    .port_info 3 /OUTPUT 1 "cout"
    .port_info 4 /OUTPUT 1 "sum"
L_0x5605e4bbe580 .functor XOR 1, L_0x5605e4bbea50, L_0x5605e4bbee60, C4<0>, C4<0>;
L_0x5605e4bbe5f0 .functor AND 1, L_0x5605e4bbe580, L_0x5605e4bbef90, C4<1>, C4<1>;
L_0x5605e4bbe660 .functor AND 1, L_0x5605e4bbea50, L_0x5605e4bbee60, C4<1>, C4<1>;
L_0x5605e4bbe750 .functor OR 1, L_0x5605e4bbe5f0, L_0x5605e4bbe660, C4<0>, C4<0>;
L_0x5605e4bbe890 .functor XOR 1, L_0x5605e4bbea50, L_0x5605e4bbee60, C4<0>, C4<0>;
L_0x5605e4bbe900 .functor XOR 1, L_0x5605e4bbe890, L_0x5605e4bbef90, C4<0>, C4<0>;
v0x5605e4ba5070_0 .net *"_s0", 0 0, L_0x5605e4bbe580;  1 drivers
v0x5605e4ba5170_0 .net *"_s2", 0 0, L_0x5605e4bbe5f0;  1 drivers
v0x5605e4ba5250_0 .net *"_s4", 0 0, L_0x5605e4bbe660;  1 drivers
v0x5605e4ba5340_0 .net *"_s8", 0 0, L_0x5605e4bbe890;  1 drivers
v0x5605e4ba5420_0 .net "a", 0 0, L_0x5605e4bbea50;  1 drivers
v0x5605e4ba5530_0 .net "b", 0 0, L_0x5605e4bbee60;  1 drivers
v0x5605e4ba55f0_0 .net "cin", 0 0, L_0x5605e4bbef90;  1 drivers
v0x5605e4ba56b0_0 .net "cout", 0 0, L_0x5605e4bbe750;  1 drivers
v0x5605e4ba5770_0 .net "sum", 0 0, L_0x5605e4bbe900;  1 drivers
S_0x5605e4ba5960 .scope module, "add31" "full_adder" 5 38, 6 1 0, S_0x5605e4b946f0;
 .timescale -9 -9;
    .port_info 0 /INPUT 1 "a"
    .port_info 1 /INPUT 1 "b"
    .port_info 2 /INPUT 1 "cin"
    .port_info 3 /OUTPUT 1 "cout"
    .port_info 4 /OUTPUT 1 "sum"
L_0x5605e4bbf320 .functor XOR 1, L_0x5605e4bbf7f0, L_0x5605e4bbf920, C4<0>, C4<0>;
L_0x5605e4bbf390 .functor AND 1, L_0x5605e4bbf320, L_0x5605e4bc0160, C4<1>, C4<1>;
L_0x5605e4bbf400 .functor AND 1, L_0x5605e4bbf7f0, L_0x5605e4bbf920, C4<1>, C4<1>;
L_0x5605e4bbf4f0 .functor OR 1, L_0x5605e4bbf390, L_0x5605e4bbf400, C4<0>, C4<0>;
L_0x5605e4bbf630 .functor XOR 1, L_0x5605e4bbf7f0, L_0x5605e4bbf920, C4<0>, C4<0>;
L_0x5605e4bbf6a0 .functor XOR 1, L_0x5605e4bbf630, L_0x5605e4bc0160, C4<0>, C4<0>;
v0x5605e4ba5b60_0 .net *"_s0", 0 0, L_0x5605e4bbf320;  1 drivers
v0x5605e4ba5c60_0 .net *"_s2", 0 0, L_0x5605e4bbf390;  1 drivers
v0x5605e4ba5d40_0 .net *"_s4", 0 0, L_0x5605e4bbf400;  1 drivers
v0x5605e4ba5e30_0 .net *"_s8", 0 0, L_0x5605e4bbf630;  1 drivers
v0x5605e4ba5f10_0 .net "a", 0 0, L_0x5605e4bbf7f0;  1 drivers
v0x5605e4ba6020_0 .net "b", 0 0, L_0x5605e4bbf920;  1 drivers
v0x5605e4ba60e0_0 .net "cin", 0 0, L_0x5605e4bc0160;  1 drivers
v0x5605e4ba61a0_0 .net "cout", 0 0, L_0x5605e4bbf4f0;  1 drivers
v0x5605e4ba6260_0 .net "sum", 0 0, L_0x5605e4bbf6a0;  1 drivers
S_0x5605e4ba6450 .scope module, "add4" "full_adder" 5 11, 6 1 0, S_0x5605e4b946f0;
 .timescale -9 -9;
    .port_info 0 /INPUT 1 "a"
    .port_info 1 /INPUT 1 "b"
    .port_info 2 /INPUT 1 "cin"
    .port_info 3 /OUTPUT 1 "cout"
    .port_info 4 /OUTPUT 1 "sum"
L_0x5605e4bad390 .functor XOR 1, L_0x5605e4bad790, L_0x5605e4bad930, C4<0>, C4<0>;
L_0x5605e4bad400 .functor AND 1, L_0x5605e4bad390, L_0x5605e4bada60, C4<1>, C4<1>;
L_0x5605e4bad470 .functor AND 1, L_0x5605e4bad790, L_0x5605e4bad930, C4<1>, C4<1>;
L_0x5605e4bad4e0 .functor OR 1, L_0x5605e4bad400, L_0x5605e4bad470, C4<0>, C4<0>;
L_0x5605e4bad5d0 .functor XOR 1, L_0x5605e4bad790, L_0x5605e4bad930, C4<0>, C4<0>;
L_0x5605e4bad640 .functor XOR 1, L_0x5605e4bad5d0, L_0x5605e4bada60, C4<0>, C4<0>;
v0x5605e4ba6650_0 .net *"_s0", 0 0, L_0x5605e4bad390;  1 drivers
v0x5605e4ba6750_0 .net *"_s2", 0 0, L_0x5605e4bad400;  1 drivers
v0x5605e4ba6830_0 .net *"_s4", 0 0, L_0x5605e4bad470;  1 drivers
v0x5605e4ba6920_0 .net *"_s8", 0 0, L_0x5605e4bad5d0;  1 drivers
v0x5605e4ba6a00_0 .net "a", 0 0, L_0x5605e4bad790;  1 drivers
v0x5605e4ba6b10_0 .net "b", 0 0, L_0x5605e4bad930;  1 drivers
v0x5605e4ba6bd0_0 .net "cin", 0 0, L_0x5605e4bada60;  1 drivers
v0x5605e4ba6c90_0 .net "cout", 0 0, L_0x5605e4bad4e0;  1 drivers
v0x5605e4ba6d50_0 .net "sum", 0 0, L_0x5605e4bad640;  1 drivers
S_0x5605e4ba6f40 .scope module, "add5" "full_adder" 5 12, 6 1 0, S_0x5605e4b946f0;
 .timescale -9 -9;
    .port_info 0 /INPUT 1 "a"
    .port_info 1 /INPUT 1 "b"
    .port_info 2 /INPUT 1 "cin"
    .port_info 3 /OUTPUT 1 "cout"
    .port_info 4 /OUTPUT 1 "sum"
L_0x5605e4bad8c0 .functor XOR 1, L_0x5605e4bae020, L_0x5605e4bae150, C4<0>, C4<0>;
L_0x5605e4badc10 .functor AND 1, L_0x5605e4bad8c0, L_0x5605e4bae280, C4<1>, C4<1>;
L_0x5605e4badc80 .functor AND 1, L_0x5605e4bae020, L_0x5605e4bae150, C4<1>, C4<1>;
L_0x5605e4badd20 .functor OR 1, L_0x5605e4badc10, L_0x5605e4badc80, C4<0>, C4<0>;
L_0x5605e4bade60 .functor XOR 1, L_0x5605e4bae020, L_0x5605e4bae150, C4<0>, C4<0>;
L_0x5605e4baded0 .functor XOR 1, L_0x5605e4bade60, L_0x5605e4bae280, C4<0>, C4<0>;
v0x5605e4ba7140_0 .net *"_s0", 0 0, L_0x5605e4bad8c0;  1 drivers
v0x5605e4ba7240_0 .net *"_s2", 0 0, L_0x5605e4badc10;  1 drivers
v0x5605e4ba7320_0 .net *"_s4", 0 0, L_0x5605e4badc80;  1 drivers
v0x5605e4ba7410_0 .net *"_s8", 0 0, L_0x5605e4bade60;  1 drivers
v0x5605e4ba74f0_0 .net "a", 0 0, L_0x5605e4bae020;  1 drivers
v0x5605e4ba7600_0 .net "b", 0 0, L_0x5605e4bae150;  1 drivers
v0x5605e4ba76c0_0 .net "cin", 0 0, L_0x5605e4bae280;  1 drivers
v0x5605e4ba7780_0 .net "cout", 0 0, L_0x5605e4badd20;  1 drivers
v0x5605e4ba7840_0 .net "sum", 0 0, L_0x5605e4baded0;  1 drivers
S_0x5605e4ba7a30 .scope module, "add6" "full_adder" 5 13, 6 1 0, S_0x5605e4b946f0;
 .timescale -9 -9;
    .port_info 0 /INPUT 1 "a"
    .port_info 1 /INPUT 1 "b"
    .port_info 2 /INPUT 1 "cin"
    .port_info 3 /OUTPUT 1 "cout"
    .port_info 4 /OUTPUT 1 "sum"
L_0x5605e4bae320 .functor XOR 1, L_0x5605e4bae7f0, L_0x5605e4bae9c0, C4<0>, C4<0>;
L_0x5605e4bae390 .functor AND 1, L_0x5605e4bae320, L_0x5605e4baea60, C4<1>, C4<1>;
L_0x5605e4bae400 .functor AND 1, L_0x5605e4bae7f0, L_0x5605e4bae9c0, C4<1>, C4<1>;
L_0x5605e4bae4f0 .functor OR 1, L_0x5605e4bae390, L_0x5605e4bae400, C4<0>, C4<0>;
L_0x5605e4bae630 .functor XOR 1, L_0x5605e4bae7f0, L_0x5605e4bae9c0, C4<0>, C4<0>;
L_0x5605e4bae6a0 .functor XOR 1, L_0x5605e4bae630, L_0x5605e4baea60, C4<0>, C4<0>;
v0x5605e4ba7c30_0 .net *"_s0", 0 0, L_0x5605e4bae320;  1 drivers
v0x5605e4ba7d30_0 .net *"_s2", 0 0, L_0x5605e4bae390;  1 drivers
v0x5605e4ba7e10_0 .net *"_s4", 0 0, L_0x5605e4bae400;  1 drivers
v0x5605e4ba7f00_0 .net *"_s8", 0 0, L_0x5605e4bae630;  1 drivers
v0x5605e4ba7fe0_0 .net "a", 0 0, L_0x5605e4bae7f0;  1 drivers
v0x5605e4ba80f0_0 .net "b", 0 0, L_0x5605e4bae9c0;  1 drivers
v0x5605e4ba81b0_0 .net "cin", 0 0, L_0x5605e4baea60;  1 drivers
v0x5605e4ba8270_0 .net "cout", 0 0, L_0x5605e4bae4f0;  1 drivers
v0x5605e4ba8330_0 .net "sum", 0 0, L_0x5605e4bae6a0;  1 drivers
S_0x5605e4ba8520 .scope module, "add7" "full_adder" 5 15, 6 1 0, S_0x5605e4b946f0;
 .timescale -9 -9;
    .port_info 0 /INPUT 1 "a"
    .port_info 1 /INPUT 1 "b"
    .port_info 2 /INPUT 1 "cin"
    .port_info 3 /OUTPUT 1 "cout"
    .port_info 4 /OUTPUT 1 "sum"
L_0x5605e4baf4b0 .functor XOR 1, L_0x5605e4baf980, L_0x5605e4bafaf0, C4<0>, C4<0>;
L_0x5605e4baf520 .functor AND 1, L_0x5605e4baf4b0, L_0x5605e4bafc20, C4<1>, C4<1>;
L_0x5605e4baf590 .functor AND 1, L_0x5605e4baf980, L_0x5605e4bafaf0, C4<1>, C4<1>;
L_0x5605e4baf680 .functor OR 1, L_0x5605e4baf520, L_0x5605e4baf590, C4<0>, C4<0>;
L_0x5605e4baf7c0 .functor XOR 1, L_0x5605e4baf980, L_0x5605e4bafaf0, C4<0>, C4<0>;
L_0x5605e4baf830 .functor XOR 1, L_0x5605e4baf7c0, L_0x5605e4bafc20, C4<0>, C4<0>;
v0x5605e4ba8720_0 .net *"_s0", 0 0, L_0x5605e4baf4b0;  1 drivers
v0x5605e4ba8820_0 .net *"_s2", 0 0, L_0x5605e4baf520;  1 drivers
v0x5605e4ba8900_0 .net *"_s4", 0 0, L_0x5605e4baf590;  1 drivers
v0x5605e4ba89f0_0 .net *"_s8", 0 0, L_0x5605e4baf7c0;  1 drivers
v0x5605e4ba8ad0_0 .net "a", 0 0, L_0x5605e4baf980;  1 drivers
v0x5605e4ba8be0_0 .net "b", 0 0, L_0x5605e4bafaf0;  1 drivers
v0x5605e4ba8ca0_0 .net "cin", 0 0, L_0x5605e4bafc20;  1 drivers
v0x5605e4ba8d60_0 .net "cout", 0 0, L_0x5605e4baf680;  1 drivers
v0x5605e4ba8e20_0 .net "sum", 0 0, L_0x5605e4baf830;  1 drivers
S_0x5605e4ba9010 .scope module, "add8" "full_adder" 5 14, 6 1 0, S_0x5605e4b946f0;
 .timescale -9 -9;
    .port_info 0 /INPUT 1 "a"
    .port_info 1 /INPUT 1 "b"
    .port_info 2 /INPUT 1 "cin"
    .port_info 3 /OUTPUT 1 "cout"
    .port_info 4 /OUTPUT 1 "sum"
L_0x5605e4baebb0 .functor XOR 1, L_0x5605e4bae920, L_0x5605e4baf110, C4<0>, C4<0>;
L_0x5605e4baec20 .functor AND 1, L_0x5605e4baebb0, L_0x5605e4baf410, C4<1>, C4<1>;
L_0x5605e4baec90 .functor AND 1, L_0x5605e4bae920, L_0x5605e4baf110, C4<1>, C4<1>;
L_0x5605e4baed80 .functor OR 1, L_0x5605e4baec20, L_0x5605e4baec90, C4<0>, C4<0>;
L_0x5605e4baeec0 .functor XOR 1, L_0x5605e4bae920, L_0x5605e4baf110, C4<0>, C4<0>;
L_0x5605e4baef30 .functor XOR 1, L_0x5605e4baeec0, L_0x5605e4baf410, C4<0>, C4<0>;
v0x5605e4ba9210_0 .net *"_s0", 0 0, L_0x5605e4baebb0;  1 drivers
v0x5605e4ba9310_0 .net *"_s2", 0 0, L_0x5605e4baec20;  1 drivers
v0x5605e4ba93f0_0 .net *"_s4", 0 0, L_0x5605e4baec90;  1 drivers
v0x5605e4ba94e0_0 .net *"_s8", 0 0, L_0x5605e4baeec0;  1 drivers
v0x5605e4ba95c0_0 .net "a", 0 0, L_0x5605e4bae920;  1 drivers
v0x5605e4ba96d0_0 .net "b", 0 0, L_0x5605e4baf110;  1 drivers
v0x5605e4ba9790_0 .net "cin", 0 0, L_0x5605e4baf410;  1 drivers
v0x5605e4ba9850_0 .net "cout", 0 0, L_0x5605e4baed80;  1 drivers
v0x5605e4ba9910_0 .net "sum", 0 0, L_0x5605e4baef30;  1 drivers
S_0x5605e4ba9b00 .scope module, "add9" "full_adder" 5 16, 6 1 0, S_0x5605e4b946f0;
 .timescale -9 -9;
    .port_info 0 /INPUT 1 "a"
    .port_info 1 /INPUT 1 "b"
    .port_info 2 /INPUT 1 "cin"
    .port_info 3 /OUTPUT 1 "cout"
    .port_info 4 /OUTPUT 1 "sum"
L_0x5605e4bafeb0 .functor XOR 1, L_0x5605e4bb0380, L_0x5605e4bb0420, C4<0>, C4<0>;
L_0x5605e4baff20 .functor AND 1, L_0x5605e4bafeb0, L_0x5605e4bb0640, C4<1>, C4<1>;
L_0x5605e4baff90 .functor AND 1, L_0x5605e4bb0380, L_0x5605e4bb0420, C4<1>, C4<1>;
L_0x5605e4bb0080 .functor OR 1, L_0x5605e4baff20, L_0x5605e4baff90, C4<0>, C4<0>;
L_0x5605e4bb01c0 .functor XOR 1, L_0x5605e4bb0380, L_0x5605e4bb0420, C4<0>, C4<0>;
L_0x5605e4bb0230 .functor XOR 1, L_0x5605e4bb01c0, L_0x5605e4bb0640, C4<0>, C4<0>;
v0x5605e4ba9d00_0 .net *"_s0", 0 0, L_0x5605e4bafeb0;  1 drivers
v0x5605e4ba9e00_0 .net *"_s2", 0 0, L_0x5605e4baff20;  1 drivers
v0x5605e4ba9ee0_0 .net *"_s4", 0 0, L_0x5605e4baff90;  1 drivers
v0x5605e4ba9fd0_0 .net *"_s8", 0 0, L_0x5605e4bb01c0;  1 drivers
v0x5605e4baa0b0_0 .net "a", 0 0, L_0x5605e4bb0380;  1 drivers
v0x5605e4baa1c0_0 .net "b", 0 0, L_0x5605e4bb0420;  1 drivers
v0x5605e4baa280_0 .net "cin", 0 0, L_0x5605e4bb0640;  1 drivers
v0x5605e4baa340_0 .net "cout", 0 0, L_0x5605e4bb0080;  1 drivers
v0x5605e4baa400_0 .net "sum", 0 0, L_0x5605e4bb0230;  1 drivers
    .scope S_0x5605e4b316a0;
T_0 ;
    %delay 0, 0;
    %pushi/vec4 0, 0, 32;
    %store/vec4 v0x5605e4baae70_0, 0, 32;
    %pushi/vec4 1, 0, 32;
    %store/vec4 v0x5605e4baaf80_0, 0, 32;
    %delay 1, 0;
    %pushi/vec4 1, 0, 32;
    %store/vec4 v0x5605e4baae70_0, 0, 32;
    %pushi/vec4 1, 0, 32;
    %store/vec4 v0x5605e4baaf80_0, 0, 32;
    %delay 1, 0;
    %load/vec4 v0x5605e4baaf80_0;
    %addi 1, 0, 32;
    %store/vec4 v0x5605e4baaf80_0, 0, 32;
    %delay 1, 0;
    %vpi_call 2 12 "$finish" {0 0 0};
    %end;
    .thread T_0;
    .scope S_0x5605e4b316a0;
T_1 ;
    %vpi_call 2 16 "$monitor", "a = %b, b = %b, result  = %b", v0x5605e4baae70_0, v0x5605e4baaf80_0, v0x5605e4bab040_0 {0 0 0};
    %delay 3, 0;
    %vpi_call 2 17 "$finish" {0 0 0};
    %end;
    .thread T_1;
    .scope S_0x5605e4b316a0;
T_2 ;
    %vpi_call 2 21 "$dumpfile", "Comparison.vcd" {0 0 0};
    %vpi_call 2 22 "$dumpvars" {0 0 0};
    %end;
    .thread T_2;
# The file index is used to find the file name in the following table.
:file_names 7;
    "N/A";
    "<interactive>";
    "Comparison_tb.v";
    "Comparison_.v";
    "sign_extend_.v";
    "ripple_carry_adder_.v";
    "full_adder_.v";
