#! /c/iverilog/bin/vvp
:ivl_version "0.9.4 " "(v0_9_4)";
:vpi_time_precision - 9;
:vpi_module "system";
:vpi_module "v2005_math";
:vpi_module "va_math";
S_0101DAB8 .scope module, "Logic_tb" "Logic_tb" 2 2;
 .timescale -9 -9;
v0101A978_0 .var "ALUop", 3 0;
v0101A710_0 .var "a", 31 0;
v0101A7C0_0 .var "b", 31 0;
v0101A9D0_0 .net "result", 31 0, v0101A920_0; 1 drivers
S_0101DDE8 .scope module, "logic_" "Logic_part" 2 7, 3 1, S_0101DAB8;
 .timescale 0 0;
v0101A8C8_0 .net "ALUop", 3 0, v0101A978_0; 1 drivers
v0101AA28_0 .net "a", 31 0, v0101A710_0; 1 drivers
v0101A660_0 .net "and_w", 31 0, L_0101AC38; 1 drivers
v0101A558_0 .net "b", 31 0, v0101A7C0_0; 1 drivers
v0101A768_0 .net "or_w", 31 0, L_0101B840; 1 drivers
v0101A920_0 .var "result", 31 0;
v0101A608_0 .net "xor_w", 31 0, L_0104EF60; 1 drivers
E_0101E080 .event edge, v0101A8C8_0, v01053148_0, v0101AB88_0, v0101EF50_0;
S_0101D0A0 .scope module, "and_32" "and_" 3 11, 4 1, S_0101DDE8;
 .timescale 0 0;
L_0101B878 .functor AND 1, L_0101AAD8, L_0101AB30, C4<1>, C4<1>;
v010521A8_0 .net *"_s0", 31 0, C4<00000000000000000000000000000000>; 1 drivers
v01052200_0 .net *"_s13", 30 0, C4<0000000000000000000000000000000>; 1 drivers
v0101A5B0_0 .net *"_s2", 0 0, L_0101AAD8; 1 drivers
v0101A818_0 .net *"_s4", 31 0, C4<00000000000000000000000000000000>; 1 drivers
v0101ABE0_0 .net *"_s6", 0 0, L_0101AB30; 1 drivers
v0101A870_0 .net *"_s8", 0 0, L_0101B878; 1 drivers
v0101A6B8_0 .alias "a", 31 0, v0101AA28_0;
v0101AA80_0 .alias "b", 31 0, v0101A558_0;
v0101AB88_0 .alias "result", 31 0, v0101A660_0;
L_0101AAD8 .cmp/ne 32, v0101A710_0, C4<00000000000000000000000000000000>;
L_0101AB30 .cmp/ne 32, v0101A7C0_0, C4<00000000000000000000000000000000>;
L_0101AC38 .concat [ 1 31 0 0], L_0101B878, C4<0000000000000000000000000000000>;
S_0101CF90 .scope module, "or_32" "or_" 3 12, 5 1, S_0101DDE8;
 .timescale 0 0;
L_0101B840 .functor OR 32, v0101A710_0, v0101A7C0_0, C4<00000000000000000000000000000000>, C4<00000000000000000000000000000000>;
v01053098_0 .alias "a", 31 0, v0101AA28_0;
v010530F0_0 .alias "b", 31 0, v0101A558_0;
v01053148_0 .alias "result", 31 0, v0101A768_0;
S_0101DE70 .scope module, "xor_32" "xor_" 3 13, 6 1, S_0101DDE8;
 .timescale 0 0;
L_0104EF60 .functor XOR 32, v0101A710_0, v0101A7C0_0, C4<00000000000000000000000000000000>, C4<00000000000000000000000000000000>;
v0101EEA0_0 .alias "a", 31 0, v0101AA28_0;
v0101EEF8_0 .alias "b", 31 0, v0101A558_0;
v0101EF50_0 .alias "result", 31 0, v0101A608_0;
    .scope S_0101DDE8;
T_0 ;
    %wait E_0101E080;
    %ix/load 1, 1, 0;
    %mov 4, 0, 1;
    %jmp/1 T_0.0, 4;
    %load/x1p 8, v0101A8C8_0, 1;
    %jmp T_0.1;
T_0.0 ;
    %mov 8, 2, 1;
T_0.1 ;
; Save base=8 wid=1 in lookaside.
    %cmpi/u 8, 0, 1;
    %jmp/1 T_0.2, 6;
    %cmpi/u 8, 1, 1;
    %jmp/1 T_0.3, 6;
    %jmp T_0.4;
T_0.2 ;
    %load/v 8, v0101A8C8_0, 1; Only need 1 of 4 bits
; Save base=8 wid=1 in lookaside.
    %jmp/0xz  T_0.5, 8;
    %load/v 8, v0101A768_0, 32;
    %set/v v0101A920_0, 8, 32;
    %jmp T_0.6;
T_0.5 ;
    %load/v 8, v0101A660_0, 32;
    %set/v v0101A920_0, 8, 32;
T_0.6 ;
    %jmp T_0.4;
T_0.3 ;
    %load/v 8, v0101A8C8_0, 1; Only need 1 of 4 bits
; Save base=8 wid=1 in lookaside.
    %jmp/0xz  T_0.7, 8;
    %load/v 8, v0101A768_0, 32;
    %inv 8, 32;
    %set/v v0101A920_0, 8, 32;
    %jmp T_0.8;
T_0.7 ;
    %load/v 8, v0101A608_0, 32;
    %set/v v0101A920_0, 8, 32;
T_0.8 ;
    %jmp T_0.4;
T_0.4 ;
    %jmp T_0;
    .thread T_0, $push;
    .scope S_0101DAB8;
T_1 ;
    %delay 0, 0;
    %set/v v0101A710_0, 0, 32;
    %movi 8, 2047, 32;
    %set/v v0101A7C0_0, 8, 32;
    %movi 8, 4, 4;
    %set/v v0101A978_0, 8, 4;
    %delay 5, 0;
    %movi 8, 5, 4;
    %set/v v0101A978_0, 8, 4;
    %delay 0, 0;
    %movi 8, 31, 32;
    %set/v v0101A710_0, 8, 32;
    %delay 5, 0;
    %movi 8, 6, 4;
    %set/v v0101A978_0, 8, 4;
    %delay 5, 0;
    %movi 8, 7, 4;
    %set/v v0101A978_0, 8, 4;
    %delay 5, 0;
    %vpi_call 2 15 "$finish";
    %end;
    .thread T_1;
    .scope S_0101DAB8;
T_2 ;
    %vpi_call 2 19 "$dumpfile", "logic.vcd";
    %vpi_call 2 20 "$dumpvars";
    %end;
    .thread T_2;
# The file index is used to find the file name in the following table.
:file_names 7;
    "N/A";
    "<interactive>";
    ".\Logic_tb.v";
    ".\Logic.v";
    ".\and.v";
    ".\or.v";
    ".\xor.v";
